#
# There is insufficient memory for the Java Runtime Environment to continue.
# Native memory allocation (mmap) failed to map 424673280 bytes for Failed to commit area from 0x0000000094800000 to 0x00000000add00000 of length 424673280.
# Possible reasons:
#   The system is out of physical RAM or swap space
#   The process is running with CompressedOops enabled, and the Java Heap may be blocking the growth of the native heap
# Possible solutions:
#   Reduce memory load on the system
#   Increase physical memory or swap space
#   Check if swap backing store is full
#   Decrease Java heap size (-Xmx/-Xms)
#   Decrease number of Java threads
#   Decrease Java thread stack sizes (-Xss)
#   Set larger code cache with -XX:ReservedCodeCacheSize=
#   JVM is running with Unscaled Compressed Oops mode in which the Java heap is
#     placed in the first 4GB address space. The Java Heap base address is the
#     maximum limit for the native heap growth. Please use -XX:HeapBaseMinAddress
#     to set the Java Heap base and to place the Java Heap above 4GB virtual address.
# This output file may be truncated or incomplete.
#
#  Out of Memory Error (./src/hotspot/os/windows/os_windows.cpp:3301), pid=5656, tid=8592
#
# JRE version: OpenJDK Runtime Environment (11.0.11+9) (build 11.0.11+9-b60-7590822)
# Java VM: OpenJDK 64-Bit Server VM (11.0.11+9-b60-7590822, mixed mode, tiered, compressed oops, g1 gc, windows-amd64)
# No core dump will be written. Minidumps are not enabled by default on client versions of Windows
#

---------------  S U M M A R Y ------------

Command Line: --add-opens=java.base/java.util=ALL-UNNAMED --add-opens=java.base/java.lang=ALL-UNNAMED --add-opens=java.base/java.lang.invoke=ALL-UNNAMED --add-opens=java.base/java.util=ALL-UNNAMED --add-opens=java.prefs/java.util.prefs=ALL-UNNAMED --add-opens=java.prefs/java.util.prefs=ALL-UNNAMED --add-opens=java.base/java.nio.charset=ALL-UNNAMED --add-opens=java.base/java.net=ALL-UNNAMED --add-opens=java.base/java.util.concurrent.atomic=ALL-UNNAMED -Xmx2048m -Dfile.encoding=UTF-8 -Duser.country=US -Duser.language=en -Duser.variant org.gradle.launcher.daemon.bootstrap.GradleDaemon 7.2

Host: Intel(R) Core(TM) i3-6006U CPU @ 2.00GHz, 4 cores, 11G,  Windows 10 , 64 bit Build 22000 (10.0.22000.434)
Time: Fri Apr 15 01:20:05 2022 SE Asia Standard Time elapsed time: 10174.069140 seconds (0d 2h 49m 34s)

---------------  T H R E A D  ---------------

Current thread (0x0000016c775b5000):  VMThread "VM Thread" [stack: 0x0000000d00e00000,0x0000000d00f00000] [id=8592]

Stack: [0x0000000d00e00000,0x0000000d00f00000]
[error occurred during error reporting (printing stack bounds), id 0xc0000005, EXCEPTION_ACCESS_VIOLATION (0xc0000005) at pc=0x0000016c60c80f2d]

Native frames: (J=compiled Java code, j=interpreted, Vv=VM code, C=native code)
V  [jvm.dll+0x5f214a]
V  [jvm.dll+0x726fb5]
V  [jvm.dll+0x7285cd]
V  [jvm.dll+0x728be5]
V  [jvm.dll+0x728b9b]
V  [jvm.dll+0x5f14e8]
V  [jvm.dll+0x5f1c78]
C  [ntdll.dll+0xa86ef]
C  [ntdll.dll+0x35aea]
C  [ntdll.dll+0xa76fe]
C  0x0000016c60c80f2d

VM_Operation (0x0000000d06efe490): G1CollectForAllocation, mode: safepoint, requested by thread 0x0000016c7b4d5000


---------------  P R O C E S S  ---------------

Threads class SMR info:
_java_thread_list=0x0000016c7da6ab00, length=98, elements={
0x0000016c5d17f000, 0x0000016c76da6800, 0x0000016c76da7000, 0x0000016c77602800,
0x0000016c77603800, 0x0000016c77606800, 0x0000016c7760d000, 0x0000016c77611800,
0x0000016c7761a800, 0x0000016c7776d000, 0x0000016c797d2800, 0x0000016c78da5000,
0x0000016c7a353000, 0x0000016c7a0ea000, 0x0000016c7a0e8000, 0x0000016c7a0e9000,
0x0000016c7a0ec000, 0x0000016c7a0ea800, 0x0000016c7b4cd800, 0x0000016c7b4cf000,
0x0000016c7b4d1000, 0x0000016c7b4d2800, 0x0000016c7b4d9000, 0x0000016c788ac800,
0x0000016c7b2e3000, 0x0000016c7b2e7000, 0x0000016c7e678800, 0x0000016c7792f000,
0x0000016c77930800, 0x0000016c7b2e5800, 0x0000016c7b2e6000, 0x0000016c7b2e8000,
0x0000016c7b2e4000, 0x0000016c7b2e9800, 0x0000016c7b2f1800, 0x0000016c7b2ed000,
0x0000016c7b2ed800, 0x0000016c7b2ee800, 0x0000016c7b2ef000, 0x0000016c7b2f1000,
0x0000016c7b2f0000, 0x0000016c7e670000, 0x0000016c7e672000, 0x0000016c7e66f800,
0x0000016c7e672800, 0x0000016c7e671000, 0x0000016c7e66d000, 0x0000016c7e673800,
0x0000016c7e66e000, 0x0000016c7e674800, 0x0000016c7e66e800, 0x0000016c7e67b000,
0x0000016c7e676000, 0x0000016c7e679000, 0x0000016c7e67a000, 0x0000016c7e675000,
0x0000016c7e67b800, 0x0000016c7e677000, 0x0000016c7e677800, 0x0000016c788a3800,
0x0000016c788a0000, 0x0000016c788a1000, 0x0000016c788a2800, 0x0000016c788a2000,
0x0000016c788a4000, 0x0000016c7889e800, 0x0000016c788a5000, 0x0000016c7889f800,
0x0000016c788aa000, 0x0000016c788ab800, 0x0000016c788ab000, 0x0000016c788a9000,
0x0000016c788a6000, 0x0000016c788a6800, 0x0000016c788a7800, 0x0000016c788ad000,
0x0000016c788a8800, 0x0000016c7792e000, 0x0000016c77932000, 0x0000016c77933000,
0x0000016c7792d800, 0x0000016c77935800, 0x0000016c77937000, 0x0000016c77938000,
0x0000016c77934000, 0x0000016c77939800, 0x0000016c77936800, 0x0000016c77934800,
0x0000016c7793a800, 0x0000016c7793b000, 0x0000016c77939000, 0x0000016c7b4d0000,
0x0000016c7b4cc800, 0x0000016c7b4d3000, 0x0000016c7b4d9800, 0x0000016c7b4d5000,
0x0000016c7b4d5800, 0x0000016c7b4d7800
}

Java Threads: ( => current thread )
  0x0000016c5d17f000 JavaThread "main" [_thread_blocked, id=5876, stack(0x0000000d00800000,0x0000000d00900000)]
  0x0000016c76da6800 JavaThread "Reference Handler" daemon [_thread_blocked, id=6148, stack(0x0000000d00f00000,0x0000000d01000000)]
  0x0000016c76da7000 JavaThread "Finalizer" daemon [_thread_blocked, id=7696, stack(0x0000000d01000000,0x0000000d01100000)]
  0x0000016c77602800 JavaThread "Signal Dispatcher" daemon [_thread_blocked, id=10308, stack(0x0000000d01100000,0x0000000d01200000)]
  0x0000016c77603800 JavaThread "Attach Listener" daemon [_thread_blocked, id=11364, stack(0x0000000d01200000,0x0000000d01300000)]
  0x0000016c77606800 JavaThread "Service Thread" daemon [_thread_blocked, id=1872, stack(0x0000000d01300000,0x0000000d01400000)]
  0x0000016c7760d000 JavaThread "C2 CompilerThread0" daemon [_thread_blocked, id=1944, stack(0x0000000d01400000,0x0000000d01500000)]
  0x0000016c77611800 JavaThread "C1 CompilerThread0" daemon [_thread_blocked, id=11612, stack(0x0000000d01500000,0x0000000d01600000)]
  0x0000016c7761a800 JavaThread "Sweeper thread" daemon [_thread_blocked, id=15872, stack(0x0000000d01600000,0x0000000d01700000)]
  0x0000016c7776d000 JavaThread "Common-Cleaner" daemon [_thread_blocked, id=11120, stack(0x0000000d01700000,0x0000000d01800000)]
  0x0000016c797d2800 JavaThread "Daemon health stats" [_thread_blocked, id=10144, stack(0x0000000d01d00000,0x0000000d01e00000)]
  0x0000016c78da5000 JavaThread "Incoming local TCP Connector on port 49260" [_thread_in_native, id=7344, stack(0x0000000d01900000,0x0000000d01a00000)]
  0x0000016c7a353000 JavaThread "Daemon periodic checks" [_thread_blocked, id=14372, stack(0x0000000d01e00000,0x0000000d01f00000)]
  0x0000016c7a0ea000 JavaThread "Cache worker for journal cache (C:\Users\Administrator\.gradle\caches\journal-1)" [_thread_blocked, id=5472, stack(0x0000000d02600000,0x0000000d02700000)]
  0x0000016c7a0e8000 JavaThread "File lock request listener" [_thread_in_native, id=5888, stack(0x0000000d02700000,0x0000000d02800000)]
  0x0000016c7a0e9000 JavaThread "Cache worker for file hash cache (C:\Users\Administrator\.gradle\caches\7.2\fileHashes)" [_thread_blocked, id=12000, stack(0x0000000d02800000,0x0000000d02900000)]
  0x0000016c7a0ec000 JavaThread "File watcher server" daemon [_thread_blocked, id=6884, stack(0x0000000d02b00000,0x0000000d02c00000)]
  0x0000016c7a0ea800 JavaThread "File watcher consumer" daemon [_thread_blocked, id=12432, stack(0x0000000d02c00000,0x0000000d02d00000)]
  0x0000016c7b4cd800 JavaThread "Cache worker for execution history cache (C:\Users\Administrator\.gradle\caches\7.2\executionHistory)" [_thread_blocked, id=4708, stack(0x0000000d02f00000,0x0000000d03000000)]
  0x0000016c7b4cf000 JavaThread "jar transforms" [_thread_blocked, id=388, stack(0x0000000d03100000,0x0000000d03200000)]
  0x0000016c7b4d1000 JavaThread "Cache worker for file content cache (C:\Users\Administrator\.gradle\caches\7.2\fileContent)" [_thread_blocked, id=12672, stack(0x0000000d03200000,0x0000000d03300000)]
  0x0000016c7b4d2800 JavaThread "jar transforms Thread 2" [_thread_blocked, id=12676, stack(0x0000000d03300000,0x0000000d03400000)]
  0x0000016c7b4d9000 JavaThread "jar transforms Thread 3" [_thread_blocked, id=7888, stack(0x0000000d03500000,0x0000000d03600000)]
  0x0000016c788ac800 JavaThread "jar transforms Thread 4" [_thread_blocked, id=436, stack(0x0000000d05f00000,0x0000000d06000000)]
  0x0000016c7b2e3000 JavaThread "Memory manager" [_thread_blocked, id=9468, stack(0x0000000d06100000,0x0000000d06200000)]
  0x0000016c7b2e7000 JavaThread "Cache worker for Java compile cache (C:\Users\Administrator\.gradle\caches\7.2\javaCompile)" [_thread_blocked, id=13532, stack(0x0000000d06b00000,0x0000000d06c00000)]
  0x0000016c7e678800 JavaThread "ForkJoinPool.commonPool-worker-7" daemon [_thread_blocked, id=2520, stack(0x0000000d06f00000,0x0000000d07000000)]
  0x0000016c7792f000 JavaThread "Daemon Thread 27" [_thread_blocked, id=17856, stack(0x0000000d00500000,0x0000000d00600000)]
  0x0000016c77930800 JavaThread "Daemon worker Thread 27" [_thread_blocked, id=18108, stack(0x0000000d02100000,0x0000000d02200000)]
  0x0000016c7b2e5800 JavaThread "Handler for socket connection from /127.0.0.1:49260 to /127.0.0.1:57501" [_thread_in_native, id=9308, stack(0x0000000d00600000,0x0000000d00700000)]
  0x0000016c7b2e6000 JavaThread "Cancel handler" [_thread_blocked, id=12828, stack(0x0000000d00700000,0x0000000d00800000)]
  0x0000016c7b2e8000 JavaThread "Asynchronous log dispatcher for DefaultDaemonConnection: socket connection from /127.0.0.1:49260 to /127.0.0.1:57501" [_thread_blocked, id=16888, stack(0x0000000d01f00000,0x0000000d02000000)]
  0x0000016c7b2e4000 JavaThread "Stdin handler" [_thread_blocked, id=17124, stack(0x0000000d02000000,0x0000000d02100000)]
  0x0000016c7b2e9800 JavaThread "Daemon client event forwarder" [_thread_blocked, id=16528, stack(0x0000000d02200000,0x0000000d02300000)]
  0x0000016c7b2f1800 JavaThread "Cache worker for file hash cache (D:\HT\hk6\LTDD\Homework\ZaloChat\.gradle\7.2\fileHashes)" [_thread_blocked, id=1100, stack(0x0000000d02300000,0x0000000d02400000)]
  0x0000016c7b2ed000 JavaThread "Cache worker for checksums cache (D:\HT\hk6\LTDD\Homework\ZaloChat\.gradle\checksums)" [_thread_blocked, id=4440, stack(0x0000000d02400000,0x0000000d02500000)]
  0x0000016c7b2ed800 JavaThread "Cache worker for cache directory md-supplier (C:\Users\Administrator\.gradle\caches\7.2\md-supplier)" [_thread_blocked, id=13340, stack(0x0000000d02500000,0x0000000d02600000)]
  0x0000016c7b2ee800 JavaThread "Cache worker for cache directory md-rule (C:\Users\Administrator\.gradle\caches\7.2\md-rule)" [_thread_blocked, id=2792, stack(0x0000000d02900000,0x0000000d02a00000)]
  0x0000016c7b2ef000 JavaThread "Cache worker for dependencies-accessors (D:\HT\hk6\LTDD\Homework\ZaloChat\.gradle\7.2\dependencies-accessors)" [_thread_blocked, id=17464, stack(0x0000000d02d00000,0x0000000d02e00000)]
  0x0000016c7b2f1000 JavaThread "Cache worker for Build Output Cleanup Cache (D:\HT\hk6\LTDD\Homework\ZaloChat\.gradle\buildOutputCleanup)" [_thread_blocked, id=17108, stack(0x0000000d02e00000,0x0000000d02f00000)]
  0x0000016c7b2f0000 JavaThread "C2 CompilerThread1" daemon [_thread_blocked, id=15348, stack(0x0000000d03000000,0x0000000d03100000)]
  0x0000016c7e670000 JavaThread "Unconstrained build operations" [_thread_blocked, id=10864, stack(0x0000000d03400000,0x0000000d03500000)]
  0x0000016c7e672000 JavaThread "Unconstrained build operations Thread 2" [_thread_blocked, id=14680, stack(0x0000000d03600000,0x0000000d03700000)]
  0x0000016c7e66f800 JavaThread "Unconstrained build operations Thread 3" [_thread_blocked, id=18172, stack(0x0000000d03700000,0x0000000d03800000)]
  0x0000016c7e672800 JavaThread "Unconstrained build operations Thread 4" [_thread_blocked, id=18168, stack(0x0000000d03800000,0x0000000d03900000)]
  0x0000016c7e671000 JavaThread "Unconstrained build operations Thread 5" [_thread_blocked, id=17420, stack(0x0000000d03900000,0x0000000d03a00000)]
  0x0000016c7e66d000 JavaThread "Unconstrained build operations Thread 6" [_thread_blocked, id=13360, stack(0x0000000d03a00000,0x0000000d03b00000)]
  0x0000016c7e673800 JavaThread "Unconstrained build operations Thread 7" [_thread_blocked, id=18152, stack(0x0000000d03b00000,0x0000000d03c00000)]
  0x0000016c7e66e000 JavaThread "Unconstrained build operations Thread 8" [_thread_blocked, id=17424, stack(0x0000000d03c00000,0x0000000d03d00000)]
  0x0000016c7e674800 JavaThread "Unconstrained build operations Thread 9" [_thread_blocked, id=17668, stack(0x0000000d03d00000,0x0000000d03e00000)]
  0x0000016c7e66e800 JavaThread "Unconstrained build operations Thread 10" [_thread_blocked, id=2192, stack(0x0000000d03e00000,0x0000000d03f00000)]
  0x0000016c7e67b000 JavaThread "Unconstrained build operations Thread 11" [_thread_blocked, id=13548, stack(0x0000000d03f00000,0x0000000d04000000)]
  0x0000016c7e676000 JavaThread "Unconstrained build operations Thread 12" [_thread_blocked, id=8224, stack(0x0000000d04000000,0x0000000d04100000)]
  0x0000016c7e679000 JavaThread "Unconstrained build operations Thread 13" [_thread_blocked, id=1648, stack(0x0000000d04100000,0x0000000d04200000)]
  0x0000016c7e67a000 JavaThread "Unconstrained build operations Thread 14" [_thread_blocked, id=5708, stack(0x0000000d04200000,0x0000000d04300000)]
  0x0000016c7e675000 JavaThread "Unconstrained build operations Thread 15" [_thread_blocked, id=16608, stack(0x0000000d04300000,0x0000000d04400000)]
  0x0000016c7e67b800 JavaThread "Unconstrained build operations Thread 16" [_thread_blocked, id=9312, stack(0x0000000d04400000,0x0000000d04500000)]
  0x0000016c7e677000 JavaThread "Unconstrained build operations Thread 17" [_thread_blocked, id=6116, stack(0x0000000d04500000,0x0000000d04600000)]
  0x0000016c7e677800 JavaThread "Unconstrained build operations Thread 18" [_thread_blocked, id=18000, stack(0x0000000d04600000,0x0000000d04700000)]
  0x0000016c788a3800 JavaThread "Unconstrained build operations Thread 19" [_thread_blocked, id=17996, stack(0x0000000d04700000,0x0000000d04800000)]
  0x0000016c788a0000 JavaThread "Unconstrained build operations Thread 20" [_thread_blocked, id=16596, stack(0x0000000d04800000,0x0000000d04900000)]
  0x0000016c788a1000 JavaThread "Unconstrained build operations Thread 21" [_thread_blocked, id=16904, stack(0x0000000d04900000,0x0000000d04a00000)]
  0x0000016c788a2800 JavaThread "Unconstrained build operations Thread 22" [_thread_blocked, id=16840, stack(0x0000000d04a00000,0x0000000d04b00000)]
  0x0000016c788a2000 JavaThread "Unconstrained build operations Thread 23" [_thread_blocked, id=6172, stack(0x0000000d04b00000,0x0000000d04c00000)]
  0x0000016c788a4000 JavaThread "Unconstrained build operations Thread 24" [_thread_blocked, id=16868, stack(0x0000000d04c00000,0x0000000d04d00000)]
  0x0000016c7889e800 JavaThread "Unconstrained build operations Thread 25" [_thread_blocked, id=4164, stack(0x0000000d04d00000,0x0000000d04e00000)]
  0x0000016c788a5000 JavaThread "Unconstrained build operations Thread 26" [_thread_blocked, id=12532, stack(0x0000000d04e00000,0x0000000d04f00000)]
  0x0000016c7889f800 JavaThread "Unconstrained build operations Thread 27" [_thread_blocked, id=11484, stack(0x0000000d04f00000,0x0000000d05000000)]
  0x0000016c788aa000 JavaThread "Unconstrained build operations Thread 28" [_thread_blocked, id=11920, stack(0x0000000d05000000,0x0000000d05100000)]
  0x0000016c788ab800 JavaThread "Unconstrained build operations Thread 29" [_thread_blocked, id=18348, stack(0x0000000d05100000,0x0000000d05200000)]
  0x0000016c788ab000 JavaThread "Unconstrained build operations Thread 30" [_thread_blocked, id=17140, stack(0x0000000d05200000,0x0000000d05300000)]
  0x0000016c788a9000 JavaThread "Unconstrained build operations Thread 31" [_thread_blocked, id=7408, stack(0x0000000d05300000,0x0000000d05400000)]
  0x0000016c788a6000 JavaThread "Unconstrained build operations Thread 32" [_thread_blocked, id=10760, stack(0x0000000d05400000,0x0000000d05500000)]
  0x0000016c788a6800 JavaThread "Unconstrained build operations Thread 33" [_thread_blocked, id=16984, stack(0x0000000d05500000,0x0000000d05600000)]
  0x0000016c788a7800 JavaThread "Unconstrained build operations Thread 34" [_thread_blocked, id=3832, stack(0x0000000d05600000,0x0000000d05700000)]
  0x0000016c788ad000 JavaThread "Unconstrained build operations Thread 35" [_thread_blocked, id=16408, stack(0x0000000d05700000,0x0000000d05800000)]
  0x0000016c788a8800 JavaThread "Unconstrained build operations Thread 36" [_thread_blocked, id=17852, stack(0x0000000d05800000,0x0000000d05900000)]
  0x0000016c7792e000 JavaThread "Unconstrained build operations Thread 37" [_thread_blocked, id=17848, stack(0x0000000d05900000,0x0000000d05a00000)]
  0x0000016c77932000 JavaThread "Unconstrained build operations Thread 38" [_thread_blocked, id=16512, stack(0x0000000d05a00000,0x0000000d05b00000)]
  0x0000016c77933000 JavaThread "Unconstrained build operations Thread 39" [_thread_blocked, id=14224, stack(0x0000000d05b00000,0x0000000d05c00000)]
  0x0000016c7792d800 JavaThread "Unconstrained build operations Thread 40" [_thread_blocked, id=1752, stack(0x0000000d05c00000,0x0000000d05d00000)]
  0x0000016c77935800 JavaThread "build event listener" [_thread_blocked, id=16640, stack(0x0000000d05d00000,0x0000000d05e00000)]
  0x0000016c77937000 JavaThread "Execution worker for ':'" [_thread_blocked, id=7828, stack(0x0000000d05e00000,0x0000000d05f00000)]
  0x0000016c77938000 JavaThread "Execution worker for ':' Thread 2" [_thread_blocked, id=9660, stack(0x0000000d06000000,0x0000000d06100000)]
  0x0000016c77934000 JavaThread "Execution worker for ':' Thread 3" [_thread_blocked, id=7900, stack(0x0000000d06200000,0x0000000d06300000)]
  0x0000016c77939800 JavaThread "Cache worker for execution history cache (D:\HT\hk6\LTDD\Homework\ZaloChat\.gradle\7.2\executionHistory)" [_thread_blocked, id=12704, stack(0x0000000d06300000,0x0000000d06400000)]
  0x0000016c77936800 JavaThread "Build operations" [_thread_blocked, id=17712, stack(0x0000000d06400000,0x0000000d06500000)]
  0x0000016c77934800 JavaThread "Build operations Thread 2" [_thread_blocked, id=7692, stack(0x0000000d06500000,0x0000000d06600000)]
  0x0000016c7793a800 JavaThread "Build operations Thread 3" [_thread_blocked, id=17008, stack(0x0000000d06600000,0x0000000d06700000)]
  0x0000016c7793b000 JavaThread "Build operations Thread 4" [_thread_blocked, id=9040, stack(0x0000000d06700000,0x0000000d06800000)]
  0x0000016c77939000 JavaThread "WorkerExecutor Queue" [_thread_blocked, id=18308, stack(0x0000000d06800000,0x0000000d06900000)]
  0x0000016c7b4d0000 JavaThread "WorkerExecutor Queue Thread 2" [_thread_blocked, id=17700, stack(0x0000000d06900000,0x0000000d06a00000)]
  0x0000016c7b4cc800 JavaThread "WorkerExecutor Queue Thread 3" [_thread_blocked, id=13080, stack(0x0000000d06a00000,0x0000000d06b00000)]
  0x0000016c7b4d3000 JavaThread "WorkerExecutor Queue Thread 4" [_thread_blocked, id=4604, stack(0x0000000d06c00000,0x0000000d06d00000)]
  0x0000016c7b4d9800 JavaThread "ForkJoinPool-3-worker-3" daemon [_thread_blocked, id=9944, stack(0x0000000d06d00000,0x0000000d06e00000)]
  0x0000016c7b4d5000 JavaThread "ForkJoinPool-3-worker-5" daemon [_thread_blocked, id=18272, stack(0x0000000d06e00000,0x0000000d06f00000)]
  0x0000016c7b4d5800 JavaThread "ForkJoinPool-3-worker-7" daemon [_thread_blocked, id=752, stack(0x0000000d07000000,0x0000000d07100000)]
  0x0000016c7b4d7800 JavaThread "ForkJoinPool-3-worker-1" daemon [_thread_blocked, id=17916, stack(0x0000000d07100000,0x0000000d07200000)]

Other Threads:
=>0x0000016c775b5000 VMThread "VM Thread" [stack: 0x0000000d00e00000,0x0000000d00f00000] [id=8592]
  0x0000016c7777d000 WatcherThread [stack: 0x0000000d01800000,0x0000000d01900000] [id=10252]
  0x0000016c5d19a000 GCTaskThread "GC Thread#0" [stack: 0x0000000d00900000,0x0000000d00a00000] [id=4208]
  0x0000016c782e0800 GCTaskThread "GC Thread#1" [stack: 0x0000000d01a00000,0x0000000d01b00000] [id=16080]
  0x0000016c77e36800 GCTaskThread "GC Thread#2" [stack: 0x0000000d01b00000,0x0000000d01c00000] [id=4904]
  0x0000016c77c82800 GCTaskThread "GC Thread#3" [stack: 0x0000000d01c00000,0x0000000d01d00000] [id=13780]
  0x0000016c5d1ca800 ConcurrentGCThread "G1 Main Marker" [stack: 0x0000000d00a00000,0x0000000d00b00000] [id=5744]
  0x0000016c5d1cc000 ConcurrentGCThread "G1 Conc#0" [stack: 0x0000000d00b00000,0x0000000d00c00000] [id=9352]
  0x0000016c76be8800 ConcurrentGCThread "G1 Refine#0" [stack: 0x0000000d00c00000,0x0000000d00d00000] [id=15716]
  0x0000016c76be9800 ConcurrentGCThread "G1 Young RemSet Sampling" [stack: 0x0000000d00d00000,0x0000000d00e00000] [id=8248]

Threads with active compile tasks:
C2 CompilerThread010174103 39046       4       com.android.tools.r8.graph.Z::b (74 bytes)
C2 CompilerThread110174103 38954       4       com.android.tools.r8.code.w1::a (4137 bytes)

VM state:at safepoint (normal execution)

VM Mutex/Monitor currently owned by a thread:  ([mutex/lock_event])
[0x0000016c5d17c5b0] Threads_lock - owner thread: 0x0000016c775b5000
[0x0000016c5d17cd90] Heap_lock - owner thread: 0x0000016c7b4d5000

Heap address: 0x0000000080000000, size: 2048 MB, Compressed Oops mode: 32-bit
Narrow klass base: 0x0000000000000000, Narrow klass shift: 3
Compressed class space size: 1073741824 Address: 0x0000000100000000

Heap:
 garbage-first heap   total 750592K, used 253504K [0x0000000080000000, 0x0000000100000000)
  region size 1024K, 4 young (4096K), 4 survivors (4096K)
 Metaspace       used 157857K, capacity 163964K, committed 164128K, reserved 1191936K
  class space    used 19328K, capacity 21507K, committed 21588K, reserved 1048576K
Heap Regions: E=young(eden), S=young(survivor), O=old, HS=humongous(starts), HC=humongous(continues), CS=collection set, F=free, A=archive, TAMS=top-at-mark-start (previous, next)
|   0|0x0000000080000000, 0x0000000080100000, 0x0000000080100000|100%| O|  |TAMS 0x0000000080100000, 0x0000000080100000| Untracked 
|   1|0x0000000080100000, 0x0000000080200000, 0x0000000080200000|100%| O|  |TAMS 0x0000000080200000, 0x0000000080200000| Untracked 
|   2|0x0000000080200000, 0x0000000080300000, 0x0000000080300000|100%| O|  |TAMS 0x0000000080300000, 0x0000000080300000| Untracked 
|   3|0x0000000080300000, 0x0000000080400000, 0x0000000080400000|100%|HS|  |TAMS 0x0000000080400000, 0x0000000080400000| Complete 
|   4|0x0000000080400000, 0x0000000080500000, 0x0000000080500000|100%|HC|  |TAMS 0x0000000080500000, 0x0000000080500000| Complete 
|   5|0x0000000080500000, 0x0000000080600000, 0x0000000080600000|100%|HC|  |TAMS 0x0000000080600000, 0x0000000080600000| Complete 
|   6|0x0000000080600000, 0x0000000080700000, 0x0000000080700000|100%| O|  |TAMS 0x0000000080700000, 0x0000000080700000| Untracked 
|   7|0x0000000080700000, 0x0000000080800000, 0x0000000080800000|100%| O|  |TAMS 0x0000000080800000, 0x0000000080800000| Untracked 
|   8|0x0000000080800000, 0x0000000080900000, 0x0000000080900000|100%| O|  |TAMS 0x0000000080900000, 0x0000000080900000| Untracked 
|   9|0x0000000080900000, 0x0000000080a00000, 0x0000000080a00000|100%| O|  |TAMS 0x0000000080a00000, 0x0000000080a00000| Untracked 
|  10|0x0000000080a00000, 0x0000000080b00000, 0x0000000080b00000|100%| O|  |TAMS 0x0000000080b00000, 0x0000000080b00000| Untracked 
|  11|0x0000000080b00000, 0x0000000080c00000, 0x0000000080c00000|100%| O|  |TAMS 0x0000000080c00000, 0x0000000080c00000| Untracked 
|  12|0x0000000080c00000, 0x0000000080d00000, 0x0000000080d00000|100%| O|  |TAMS 0x0000000080d00000, 0x0000000080d00000| Untracked 
|  13|0x0000000080d00000, 0x0000000080e00000, 0x0000000080e00000|100%| O|  |TAMS 0x0000000080e00000, 0x0000000080e00000| Untracked 
|  14|0x0000000080e00000, 0x0000000080f00000, 0x0000000080f00000|100%| O|  |TAMS 0x0000000080f00000, 0x0000000080f00000| Untracked 
|  15|0x0000000080f00000, 0x0000000081000000, 0x0000000081000000|100%| O|  |TAMS 0x0000000081000000, 0x0000000081000000| Untracked 
|  16|0x0000000081000000, 0x0000000081100000, 0x0000000081100000|100%|HS|  |TAMS 0x0000000081100000, 0x0000000081100000| Complete 
|  17|0x0000000081100000, 0x0000000081200000, 0x0000000081200000|100%| O|  |TAMS 0x0000000081200000, 0x0000000081200000| Untracked 
|  18|0x0000000081200000, 0x0000000081300000, 0x0000000081300000|100%| O|  |TAMS 0x0000000081300000, 0x0000000081300000| Untracked 
|  19|0x0000000081300000, 0x0000000081400000, 0x0000000081400000|100%| O|  |TAMS 0x0000000081400000, 0x0000000081400000| Untracked 
|  20|0x0000000081400000, 0x0000000081500000, 0x0000000081500000|100%| O|  |TAMS 0x0000000081500000, 0x0000000081500000| Untracked 
|  21|0x0000000081500000, 0x0000000081600000, 0x0000000081600000|100%| O|  |TAMS 0x0000000081600000, 0x0000000081600000| Untracked 
|  22|0x0000000081600000, 0x0000000081700000, 0x0000000081700000|100%| O|  |TAMS 0x0000000081700000, 0x0000000081700000| Untracked 
|  23|0x0000000081700000, 0x0000000081800000, 0x0000000081800000|100%| O|  |TAMS 0x0000000081800000, 0x0000000081800000| Untracked 
|  24|0x0000000081800000, 0x0000000081900000, 0x0000000081900000|100%|HS|  |TAMS 0x0000000081900000, 0x0000000081900000| Complete 
|  25|0x0000000081900000, 0x0000000081a00000, 0x0000000081a00000|100%|HS|  |TAMS 0x0000000081a00000, 0x0000000081a00000| Complete 
|  26|0x0000000081a00000, 0x0000000081b00000, 0x0000000081b00000|100%|HC|  |TAMS 0x0000000081b00000, 0x0000000081b00000| Complete 
|  27|0x0000000081b00000, 0x0000000081c00000, 0x0000000081c00000|100%| O|  |TAMS 0x0000000081c00000, 0x0000000081c00000| Untracked 
|  28|0x0000000081c00000, 0x0000000081d00000, 0x0000000081d00000|100%| O|  |TAMS 0x0000000081d00000, 0x0000000081d00000| Untracked 
|  29|0x0000000081d00000, 0x0000000081e00000, 0x0000000081e00000|100%| O|  |TAMS 0x0000000081e00000, 0x0000000081e00000| Untracked 
|  30|0x0000000081e00000, 0x0000000081f00000, 0x0000000081f00000|100%| O|  |TAMS 0x0000000081f00000, 0x0000000081f00000| Untracked 
|  31|0x0000000081f00000, 0x0000000082000000, 0x0000000082000000|100%| O|  |TAMS 0x0000000082000000, 0x0000000082000000| Untracked 
|  32|0x0000000082000000, 0x0000000082100000, 0x0000000082100000|100%| O|  |TAMS 0x0000000082100000, 0x0000000082100000| Untracked 
|  33|0x0000000082100000, 0x0000000082200000, 0x0000000082200000|100%| O|  |TAMS 0x0000000082200000, 0x0000000082200000| Untracked 
|  34|0x0000000082200000, 0x0000000082300000, 0x0000000082300000|100%| O|  |TAMS 0x0000000082300000, 0x0000000082300000| Untracked 
|  35|0x0000000082300000, 0x0000000082400000, 0x0000000082400000|100%| O|  |TAMS 0x0000000082362a00, 0x0000000082400000| Untracked 
|  36|0x0000000082400000, 0x0000000082500000, 0x0000000082500000|100%| O|  |TAMS 0x0000000082500000, 0x0000000082500000| Untracked 
|  37|0x0000000082500000, 0x0000000082600000, 0x0000000082600000|100%| O|  |TAMS 0x0000000082600000, 0x0000000082600000| Untracked 
|  38|0x0000000082600000, 0x0000000082700000, 0x0000000082700000|100%| O|  |TAMS 0x0000000082700000, 0x0000000082700000| Untracked 
|  39|0x0000000082700000, 0x0000000082800000, 0x0000000082800000|100%| O|  |TAMS 0x0000000082800000, 0x0000000082800000| Untracked 
|  40|0x0000000082800000, 0x0000000082900000, 0x0000000082900000|100%| O|  |TAMS 0x0000000082900000, 0x0000000082900000| Untracked 
|  41|0x0000000082900000, 0x0000000082a00000, 0x0000000082a00000|100%| O|  |TAMS 0x0000000082a00000, 0x0000000082a00000| Untracked 
|  42|0x0000000082a00000, 0x0000000082b00000, 0x0000000082b00000|100%| O|  |TAMS 0x0000000082b00000, 0x0000000082b00000| Untracked 
|  43|0x0000000082b00000, 0x0000000082c00000, 0x0000000082c00000|100%| O|  |TAMS 0x0000000082c00000, 0x0000000082c00000| Untracked 
|  44|0x0000000082c00000, 0x0000000082d00000, 0x0000000082d00000|100%| O|  |TAMS 0x0000000082d00000, 0x0000000082d00000| Untracked 
|  45|0x0000000082d00000, 0x0000000082e00000, 0x0000000082e00000|100%| O|  |TAMS 0x0000000082e00000, 0x0000000082e00000| Untracked 
|  46|0x0000000082e00000, 0x0000000082f00000, 0x0000000082f00000|100%| O|  |TAMS 0x0000000082f00000, 0x0000000082f00000| Untracked 
|  47|0x0000000082f00000, 0x0000000083000000, 0x0000000083000000|100%| O|  |TAMS 0x0000000083000000, 0x0000000083000000| Untracked 
|  48|0x0000000083000000, 0x0000000083100000, 0x0000000083100000|100%| O|  |TAMS 0x0000000083100000, 0x0000000083100000| Untracked 
|  49|0x0000000083100000, 0x0000000083200000, 0x0000000083200000|100%| O|  |TAMS 0x0000000083200000, 0x0000000083200000| Untracked 
|  50|0x0000000083200000, 0x0000000083300000, 0x0000000083300000|100%| O|  |TAMS 0x0000000083300000, 0x0000000083300000| Untracked 
|  51|0x0000000083300000, 0x0000000083400000, 0x0000000083400000|100%| O|  |TAMS 0x0000000083400000, 0x0000000083400000| Untracked 
|  52|0x0000000083400000, 0x0000000083500000, 0x0000000083500000|100%| O|  |TAMS 0x0000000083500000, 0x0000000083500000| Untracked 
|  53|0x0000000083500000, 0x0000000083600000, 0x0000000083600000|100%|HS|  |TAMS 0x0000000083600000, 0x0000000083600000| Complete 
|  54|0x0000000083600000, 0x0000000083700000, 0x0000000083700000|100%|HC|  |TAMS 0x0000000083700000, 0x0000000083700000| Complete 
|  55|0x0000000083700000, 0x0000000083800000, 0x0000000083800000|100%|HC|  |TAMS 0x0000000083800000, 0x0000000083800000| Complete 
|  56|0x0000000083800000, 0x0000000083900000, 0x0000000083900000|100%| O|  |TAMS 0x0000000083900000, 0x0000000083900000| Untracked 
|  57|0x0000000083900000, 0x0000000083a00000, 0x0000000083a00000|100%| O|  |TAMS 0x0000000083a00000, 0x0000000083a00000| Untracked 
|  58|0x0000000083a00000, 0x0000000083b00000, 0x0000000083b00000|100%| O|  |TAMS 0x0000000083b00000, 0x0000000083b00000| Untracked 
|  59|0x0000000083b00000, 0x0000000083c00000, 0x0000000083c00000|100%|HS|  |TAMS 0x0000000083c00000, 0x0000000083c00000| Complete 
|  60|0x0000000083c00000, 0x0000000083d00000, 0x0000000083d00000|100%|HC|  |TAMS 0x0000000083d00000, 0x0000000083d00000| Complete 
|  61|0x0000000083d00000, 0x0000000083e00000, 0x0000000083e00000|100%|HC|  |TAMS 0x0000000083e00000, 0x0000000083e00000| Complete 
|  62|0x0000000083e00000, 0x0000000083f00000, 0x0000000083f00000|100%|HC|  |TAMS 0x0000000083f00000, 0x0000000083f00000| Complete 
|  63|0x0000000083f00000, 0x0000000084000000, 0x0000000084000000|100%| O|  |TAMS 0x0000000083f00000, 0x0000000084000000| Untracked 
|  64|0x0000000084000000, 0x0000000084100000, 0x0000000084100000|100%| O|  |TAMS 0x0000000084100000, 0x0000000084100000| Untracked 
|  65|0x0000000084100000, 0x0000000084200000, 0x0000000084200000|100%| O|  |TAMS 0x0000000084200000, 0x0000000084200000| Untracked 
|  66|0x0000000084200000, 0x0000000084300000, 0x0000000084300000|100%| O|  |TAMS 0x0000000084300000, 0x0000000084300000| Untracked 
|  67|0x0000000084300000, 0x0000000084400000, 0x0000000084400000|100%| O|  |TAMS 0x0000000084400000, 0x0000000084400000| Untracked 
|  68|0x0000000084400000, 0x0000000084500000, 0x0000000084500000|100%| O|  |TAMS 0x0000000084500000, 0x0000000084500000| Untracked 
|  69|0x0000000084500000, 0x0000000084600000, 0x0000000084600000|100%|HS|  |TAMS 0x0000000084600000, 0x0000000084600000| Complete 
|  70|0x0000000084600000, 0x0000000084700000, 0x0000000084700000|100%|HC|  |TAMS 0x0000000084700000, 0x0000000084700000| Complete 
|  71|0x0000000084700000, 0x0000000084800000, 0x0000000084800000|100%| O|  |TAMS 0x0000000084800000, 0x0000000084800000| Untracked 
|  72|0x0000000084800000, 0x0000000084900000, 0x0000000084900000|100%| O|  |TAMS 0x0000000084800000, 0x0000000084900000| Untracked 
|  73|0x0000000084900000, 0x0000000084a00000, 0x0000000084a00000|100%| O|  |TAMS 0x0000000084a00000, 0x0000000084a00000| Untracked 
|  74|0x0000000084a00000, 0x0000000084b00000, 0x0000000084b00000|100%|HS|  |TAMS 0x0000000084a00000, 0x0000000084b00000| Complete 
|  75|0x0000000084b00000, 0x0000000084c00000, 0x0000000084c00000|100%| O|  |TAMS 0x0000000084c00000, 0x0000000084c00000| Untracked 
|  76|0x0000000084c00000, 0x0000000084d00000, 0x0000000084d00000|100%|HS|  |TAMS 0x0000000084c00000, 0x0000000084d00000| Complete 
|  77|0x0000000084d00000, 0x0000000084e00000, 0x0000000084e00000|100%| O|  |TAMS 0x0000000084e00000, 0x0000000084e00000| Untracked 
|  78|0x0000000084e00000, 0x0000000084f00000, 0x0000000084f00000|100%| O|  |TAMS 0x0000000084f00000, 0x0000000084f00000| Untracked 
|  79|0x0000000084f00000, 0x0000000085000000, 0x0000000085000000|100%| O|  |TAMS 0x0000000085000000, 0x0000000085000000| Untracked 
|  80|0x0000000085000000, 0x0000000085100000, 0x0000000085100000|100%| O|  |TAMS 0x0000000085100000, 0x0000000085100000| Untracked 
|  81|0x0000000085100000, 0x0000000085200000, 0x0000000085200000|100%| O|  |TAMS 0x0000000085100000, 0x0000000085200000| Untracked 
|  82|0x0000000085200000, 0x0000000085300000, 0x0000000085300000|100%| O|  |TAMS 0x0000000085300000, 0x0000000085300000| Untracked 
|  83|0x0000000085300000, 0x0000000085400000, 0x0000000085400000|100%| O|  |TAMS 0x0000000085400000, 0x0000000085400000| Untracked 
|  84|0x0000000085400000, 0x0000000085500000, 0x0000000085500000|100%| O|  |TAMS 0x0000000085500000, 0x0000000085500000| Untracked 
|  85|0x0000000085500000, 0x0000000085600000, 0x0000000085600000|100%| O|  |TAMS 0x0000000085600000, 0x0000000085600000| Untracked 
|  86|0x0000000085600000, 0x0000000085700000, 0x0000000085700000|100%| O|  |TAMS 0x0000000085700000, 0x0000000085700000| Untracked 
|  87|0x0000000085700000, 0x0000000085800000, 0x0000000085800000|100%| O|  |TAMS 0x0000000085800000, 0x0000000085800000| Untracked 
|  88|0x0000000085800000, 0x0000000085900000, 0x0000000085900000|100%| O|  |TAMS 0x0000000085900000, 0x0000000085900000| Untracked 
|  89|0x0000000085900000, 0x0000000085a00000, 0x0000000085a00000|100%| O|  |TAMS 0x0000000085900000, 0x0000000085a00000| Untracked 
|  90|0x0000000085a00000, 0x0000000085b00000, 0x0000000085b00000|100%| O|  |TAMS 0x0000000085b00000, 0x0000000085b00000| Untracked 
|  91|0x0000000085b00000, 0x0000000085c00000, 0x0000000085c00000|100%| O|  |TAMS 0x0000000085c00000, 0x0000000085c00000| Untracked 
|  92|0x0000000085c00000, 0x0000000085d00000, 0x0000000085d00000|100%| O|  |TAMS 0x0000000085d00000, 0x0000000085d00000| Untracked 
|  93|0x0000000085d00000, 0x0000000085e00000, 0x0000000085e00000|100%| O|  |TAMS 0x0000000085e00000, 0x0000000085e00000| Untracked 
|  94|0x0000000085e00000, 0x0000000085f00000, 0x0000000085f00000|100%| O|  |TAMS 0x0000000085f00000, 0x0000000085f00000| Untracked 
|  95|0x0000000085f00000, 0x0000000086000000, 0x0000000086000000|100%| O|  |TAMS 0x0000000086000000, 0x0000000086000000| Untracked 
|  96|0x0000000086000000, 0x0000000086100000, 0x0000000086100000|100%| O|  |TAMS 0x0000000086100000, 0x0000000086100000| Untracked 
|  97|0x0000000086100000, 0x0000000086200000, 0x0000000086200000|100%| O|  |TAMS 0x0000000086200000, 0x0000000086200000| Untracked 
|  98|0x0000000086200000, 0x0000000086300000, 0x0000000086300000|100%| O|  |TAMS 0x0000000086300000, 0x0000000086300000| Untracked 
|  99|0x0000000086300000, 0x0000000086400000, 0x0000000086400000|100%| O|  |TAMS 0x0000000086400000, 0x0000000086400000| Untracked 
| 100|0x0000000086400000, 0x0000000086500000, 0x0000000086500000|100%| O|  |TAMS 0x0000000086500000, 0x0000000086500000| Untracked 
| 101|0x0000000086500000, 0x0000000086600000, 0x0000000086600000|100%|HS|  |TAMS 0x0000000086600000, 0x0000000086600000| Complete 
| 102|0x0000000086600000, 0x0000000086700000, 0x0000000086700000|100%| O|  |TAMS 0x0000000086700000, 0x0000000086700000| Untracked 
| 103|0x0000000086700000, 0x0000000086800000, 0x0000000086800000|100%| O|  |TAMS 0x0000000086800000, 0x0000000086800000| Untracked 
| 104|0x0000000086800000, 0x0000000086900000, 0x0000000086900000|100%| O|  |TAMS 0x0000000086900000, 0x0000000086900000| Untracked 
| 105|0x0000000086900000, 0x0000000086a00000, 0x0000000086a00000|100%| O|  |TAMS 0x0000000086a00000, 0x0000000086a00000| Untracked 
| 106|0x0000000086a00000, 0x0000000086b00000, 0x0000000086b00000|100%| O|  |TAMS 0x0000000086b00000, 0x0000000086b00000| Untracked 
| 107|0x0000000086b00000, 0x0000000086c00000, 0x0000000086c00000|100%| O|  |TAMS 0x0000000086c00000, 0x0000000086c00000| Untracked 
| 108|0x0000000086c00000, 0x0000000086d00000, 0x0000000086d00000|100%| O|  |TAMS 0x0000000086d00000, 0x0000000086d00000| Untracked 
| 109|0x0000000086d00000, 0x0000000086e00000, 0x0000000086e00000|100%| O|  |TAMS 0x0000000086e00000, 0x0000000086e00000| Untracked 
| 110|0x0000000086e00000, 0x0000000086f00000, 0x0000000086f00000|100%| O|  |TAMS 0x0000000086f00000, 0x0000000086f00000| Untracked 
| 111|0x0000000086f00000, 0x0000000087000000, 0x0000000087000000|100%| O|  |TAMS 0x0000000087000000, 0x0000000087000000| Untracked 
| 112|0x0000000087000000, 0x0000000087100000, 0x0000000087100000|100%| O|  |TAMS 0x0000000087100000, 0x0000000087100000| Untracked 
| 113|0x0000000087100000, 0x0000000087200000, 0x0000000087200000|100%| O|  |TAMS 0x0000000087200000, 0x0000000087200000| Untracked 
| 114|0x0000000087200000, 0x0000000087300000, 0x0000000087300000|100%| O|  |TAMS 0x0000000087300000, 0x0000000087300000| Untracked 
| 115|0x0000000087300000, 0x0000000087400000, 0x0000000087400000|100%| O|  |TAMS 0x0000000087400000, 0x0000000087400000| Untracked 
| 116|0x0000000087400000, 0x0000000087500000, 0x0000000087500000|100%|HS|  |TAMS 0x0000000087500000, 0x0000000087500000| Complete 
| 117|0x0000000087500000, 0x0000000087600000, 0x0000000087600000|100%|HC|  |TAMS 0x0000000087600000, 0x0000000087600000| Complete 
| 118|0x0000000087600000, 0x0000000087700000, 0x0000000087700000|100%|HC|  |TAMS 0x0000000087700000, 0x0000000087700000| Complete 
| 119|0x0000000087700000, 0x0000000087800000, 0x0000000087800000|100%| O|  |TAMS 0x0000000087700000, 0x0000000087800000| Untracked 
| 120|0x0000000087800000, 0x0000000087900000, 0x0000000087900000|100%|HS|  |TAMS 0x0000000087900000, 0x0000000087900000| Complete 
| 121|0x0000000087900000, 0x0000000087a00000, 0x0000000087a00000|100%| O|  |TAMS 0x0000000087a00000, 0x0000000087a00000| Untracked 
| 122|0x0000000087a00000, 0x0000000087b00000, 0x0000000087b00000|100%| O|  |TAMS 0x0000000087b00000, 0x0000000087b00000| Untracked 
| 123|0x0000000087b00000, 0x0000000087c00000, 0x0000000087c00000|100%| O|  |TAMS 0x0000000087c00000, 0x0000000087c00000| Untracked 
| 124|0x0000000087c00000, 0x0000000087d00000, 0x0000000087d00000|100%|HS|  |TAMS 0x0000000087d00000, 0x0000000087d00000| Complete 
| 125|0x0000000087d00000, 0x0000000087e00000, 0x0000000087e00000|100%|HC|  |TAMS 0x0000000087e00000, 0x0000000087e00000| Complete 
| 126|0x0000000087e00000, 0x0000000087f00000, 0x0000000087f00000|100%| O|  |TAMS 0x0000000087f00000, 0x0000000087f00000| Untracked 
| 127|0x0000000087f00000, 0x0000000088000000, 0x0000000088000000|100%| O|  |TAMS 0x0000000088000000, 0x0000000088000000| Untracked 
| 128|0x0000000088000000, 0x0000000088100000, 0x0000000088100000|100%| O|  |TAMS 0x0000000088100000, 0x0000000088100000| Untracked 
| 129|0x0000000088100000, 0x0000000088200000, 0x0000000088200000|100%|HS|  |TAMS 0x0000000088200000, 0x0000000088200000| Complete 
| 130|0x0000000088200000, 0x0000000088300000, 0x0000000088300000|100%|HC|  |TAMS 0x0000000088300000, 0x0000000088300000| Complete 
| 131|0x0000000088300000, 0x0000000088400000, 0x0000000088400000|100%|HC|  |TAMS 0x0000000088400000, 0x0000000088400000| Complete 
| 132|0x0000000088400000, 0x0000000088500000, 0x0000000088500000|100%|HS|  |TAMS 0x0000000088500000, 0x0000000088500000| Complete 
| 133|0x0000000088500000, 0x0000000088600000, 0x0000000088600000|100%| O|  |TAMS 0x0000000088600000, 0x0000000088600000| Untracked 
| 134|0x0000000088600000, 0x0000000088700000, 0x0000000088700000|100%| O|  |TAMS 0x0000000088700000, 0x0000000088700000| Untracked 
| 135|0x0000000088700000, 0x0000000088800000, 0x0000000088800000|100%| O|  |TAMS 0x0000000088800000, 0x0000000088800000| Untracked 
| 136|0x0000000088800000, 0x0000000088900000, 0x0000000088900000|100%|HS|  |TAMS 0x0000000088900000, 0x0000000088900000| Complete 
| 137|0x0000000088900000, 0x0000000088a00000, 0x0000000088a00000|100%|HC|  |TAMS 0x0000000088a00000, 0x0000000088a00000| Complete 
| 138|0x0000000088a00000, 0x0000000088b00000, 0x0000000088b00000|100%|HC|  |TAMS 0x0000000088b00000, 0x0000000088b00000| Complete 
| 139|0x0000000088b00000, 0x0000000088c00000, 0x0000000088c00000|100%|HC|  |TAMS 0x0000000088c00000, 0x0000000088c00000| Complete 
| 140|0x0000000088c00000, 0x0000000088d00000, 0x0000000088d00000|100%|HS|  |TAMS 0x0000000088d00000, 0x0000000088d00000| Complete 
| 141|0x0000000088d00000, 0x0000000088e00000, 0x0000000088e00000|100%|HC|  |TAMS 0x0000000088e00000, 0x0000000088e00000| Complete 
| 142|0x0000000088e00000, 0x0000000088f00000, 0x0000000088f00000|100%|HC|  |TAMS 0x0000000088f00000, 0x0000000088f00000| Complete 
| 143|0x0000000088f00000, 0x0000000089000000, 0x0000000089000000|100%|HC|  |TAMS 0x0000000089000000, 0x0000000089000000| Complete 
| 144|0x0000000089000000, 0x0000000089100000, 0x0000000089100000|100%| O|  |TAMS 0x0000000089000000, 0x0000000089100000| Untracked 
| 145|0x0000000089100000, 0x0000000089200000, 0x0000000089200000|100%| O|  |TAMS 0x0000000089100000, 0x0000000089200000| Untracked 
| 146|0x0000000089200000, 0x0000000089300000, 0x0000000089300000|100%| O|  |TAMS 0x0000000089200000, 0x0000000089300000| Untracked 
| 147|0x0000000089300000, 0x0000000089400000, 0x0000000089400000|100%| O|  |TAMS 0x0000000089400000, 0x0000000089400000| Untracked 
| 148|0x0000000089400000, 0x0000000089500000, 0x0000000089500000|100%|HS|  |TAMS 0x0000000089500000, 0x0000000089500000| Complete 
| 149|0x0000000089500000, 0x0000000089600000, 0x0000000089600000|100%|HC|  |TAMS 0x0000000089600000, 0x0000000089600000| Complete 
| 150|0x0000000089600000, 0x0000000089700000, 0x0000000089700000|100%|HS|  |TAMS 0x0000000089700000, 0x0000000089700000| Complete 
| 151|0x0000000089700000, 0x0000000089800000, 0x0000000089800000|100%| O|  |TAMS 0x0000000089800000, 0x0000000089800000| Untracked 
| 152|0x0000000089800000, 0x0000000089900000, 0x0000000089900000|100%| O|  |TAMS 0x0000000089900000, 0x0000000089900000| Untracked 
| 153|0x0000000089900000, 0x0000000089a00000, 0x0000000089a00000|100%|HS|  |TAMS 0x0000000089a00000, 0x0000000089a00000| Complete 
| 154|0x0000000089a00000, 0x0000000089b00000, 0x0000000089b00000|100%|HC|  |TAMS 0x0000000089b00000, 0x0000000089b00000| Complete 
| 155|0x0000000089b00000, 0x0000000089c00000, 0x0000000089c00000|100%| O|  |TAMS 0x0000000089c00000, 0x0000000089c00000| Untracked 
| 156|0x0000000089c00000, 0x0000000089d00000, 0x0000000089d00000|100%|HS|  |TAMS 0x0000000089d00000, 0x0000000089d00000| Complete 
| 157|0x0000000089d00000, 0x0000000089e00000, 0x0000000089e00000|100%| O|  |TAMS 0x0000000089e00000, 0x0000000089e00000| Untracked 
| 158|0x0000000089e00000, 0x0000000089f00000, 0x0000000089f00000|100%|HS|  |TAMS 0x0000000089f00000, 0x0000000089f00000| Complete 
| 159|0x0000000089f00000, 0x000000008a000000, 0x000000008a000000|100%| O|  |TAMS 0x000000008a000000, 0x000000008a000000| Untracked 
| 160|0x000000008a000000, 0x000000008a100000, 0x000000008a100000|100%|HS|  |TAMS 0x000000008a100000, 0x000000008a100000| Complete 
| 161|0x000000008a100000, 0x000000008a200000, 0x000000008a200000|100%| O|  |TAMS 0x000000008a200000, 0x000000008a200000| Untracked 
| 162|0x000000008a200000, 0x000000008a300000, 0x000000008a300000|100%| O|  |TAMS 0x000000008a300000, 0x000000008a300000| Untracked 
| 163|0x000000008a300000, 0x000000008a400000, 0x000000008a400000|100%|HS|  |TAMS 0x000000008a400000, 0x000000008a400000| Complete 
| 164|0x000000008a400000, 0x000000008a500000, 0x000000008a500000|100%| O|  |TAMS 0x000000008a500000, 0x000000008a500000| Untracked 
| 165|0x000000008a500000, 0x000000008a600000, 0x000000008a600000|100%| O|  |TAMS 0x000000008a600000, 0x000000008a600000| Untracked 
| 166|0x000000008a600000, 0x000000008a700000, 0x000000008a700000|100%| O|  |TAMS 0x000000008a700000, 0x000000008a700000| Untracked 
| 167|0x000000008a700000, 0x000000008a800000, 0x000000008a800000|100%| O|  |TAMS 0x000000008a800000, 0x000000008a800000| Untracked 
| 168|0x000000008a800000, 0x000000008a900000, 0x000000008a900000|100%| O|  |TAMS 0x000000008a900000, 0x000000008a900000| Untracked 
| 169|0x000000008a900000, 0x000000008aa00000, 0x000000008aa00000|100%| O|  |TAMS 0x000000008aa00000, 0x000000008aa00000| Untracked 
| 170|0x000000008aa00000, 0x000000008ab00000, 0x000000008ab00000|100%| O|  |TAMS 0x000000008ab00000, 0x000000008ab00000| Untracked 
| 171|0x000000008ab00000, 0x000000008ac00000, 0x000000008ac00000|100%| O|  |TAMS 0x000000008ac00000, 0x000000008ac00000| Untracked 
| 172|0x000000008ac00000, 0x000000008ad00000, 0x000000008ad00000|100%| O|  |TAMS 0x000000008ad00000, 0x000000008ad00000| Untracked 
| 173|0x000000008ad00000, 0x000000008ae00000, 0x000000008ae00000|100%| O|  |TAMS 0x000000008ae00000, 0x000000008ae00000| Untracked 
| 174|0x000000008ae00000, 0x000000008af00000, 0x000000008af00000|100%| O|  |TAMS 0x000000008af00000, 0x000000008af00000| Untracked 
| 175|0x000000008af00000, 0x000000008b000000, 0x000000008b000000|100%| O|  |TAMS 0x000000008b000000, 0x000000008b000000| Untracked 
| 176|0x000000008b000000, 0x000000008b100000, 0x000000008b100000|100%| O|  |TAMS 0x000000008b100000, 0x000000008b100000| Untracked 
| 177|0x000000008b100000, 0x000000008b200000, 0x000000008b200000|100%| O|  |TAMS 0x000000008b200000, 0x000000008b200000| Untracked 
| 178|0x000000008b200000, 0x000000008b300000, 0x000000008b300000|100%| O|  |TAMS 0x000000008b300000, 0x000000008b300000| Untracked 
| 179|0x000000008b300000, 0x000000008b400000, 0x000000008b400000|100%| O|  |TAMS 0x000000008b400000, 0x000000008b400000| Untracked 
| 180|0x000000008b400000, 0x000000008b500000, 0x000000008b500000|100%| O|  |TAMS 0x000000008b500000, 0x000000008b500000| Untracked 
| 181|0x000000008b500000, 0x000000008b600000, 0x000000008b600000|100%| O|  |TAMS 0x000000008b600000, 0x000000008b600000| Untracked 
| 182|0x000000008b600000, 0x000000008b700000, 0x000000008b700000|100%| O|  |TAMS 0x000000008b700000, 0x000000008b700000| Untracked 
| 183|0x000000008b700000, 0x000000008b800000, 0x000000008b800000|100%| O|  |TAMS 0x000000008b800000, 0x000000008b800000| Untracked 
| 184|0x000000008b800000, 0x000000008b900000, 0x000000008b900000|100%| O|  |TAMS 0x000000008b900000, 0x000000008b900000| Untracked 
| 185|0x000000008b900000, 0x000000008ba00000, 0x000000008ba00000|100%| O|  |TAMS 0x000000008ba00000, 0x000000008ba00000| Untracked 
| 186|0x000000008ba00000, 0x000000008bb00000, 0x000000008bb00000|100%| O|  |TAMS 0x000000008ba00000, 0x000000008bb00000| Untracked 
| 187|0x000000008bb00000, 0x000000008bc00000, 0x000000008bc00000|100%| O|  |TAMS 0x000000008bc00000, 0x000000008bc00000| Untracked 
| 188|0x000000008bc00000, 0x000000008bd00000, 0x000000008bd00000|100%| O|  |TAMS 0x000000008bc00000, 0x000000008bd00000| Untracked 
| 189|0x000000008bd00000, 0x000000008be00000, 0x000000008be00000|100%| O|  |TAMS 0x000000008be00000, 0x000000008be00000| Untracked 
| 190|0x000000008be00000, 0x000000008bf00000, 0x000000008bf00000|100%| O|  |TAMS 0x000000008bf00000, 0x000000008bf00000| Untracked 
| 191|0x000000008bf00000, 0x000000008c000000, 0x000000008c000000|100%| O|  |TAMS 0x000000008c000000, 0x000000008c000000| Untracked 
| 192|0x000000008c000000, 0x000000008c100000, 0x000000008c100000|100%| O|  |TAMS 0x000000008c100000, 0x000000008c100000| Untracked 
| 193|0x000000008c100000, 0x000000008c200000, 0x000000008c200000|100%| O|  |TAMS 0x000000008c200000, 0x000000008c200000| Untracked 
| 194|0x000000008c200000, 0x000000008c300000, 0x000000008c300000|100%| O|  |TAMS 0x000000008c300000, 0x000000008c300000| Untracked 
| 195|0x000000008c300000, 0x000000008c400000, 0x000000008c400000|100%| O|  |TAMS 0x000000008c300000, 0x000000008c400000| Untracked 
| 196|0x000000008c400000, 0x000000008c490200, 0x000000008c500000| 56%| O|  |TAMS 0x000000008c400000, 0x000000008c490200| Untracked 
| 197|0x000000008c500000, 0x000000008c600000, 0x000000008c600000|100%| O|  |TAMS 0x000000008c600000, 0x000000008c600000| Untracked 
| 198|0x000000008c600000, 0x000000008c700000, 0x000000008c700000|100%| O|  |TAMS 0x000000008c600000, 0x000000008c700000| Untracked 
| 199|0x000000008c700000, 0x000000008c800000, 0x000000008c800000|100%| O|  |TAMS 0x000000008c700000, 0x000000008c800000| Untracked 
| 200|0x000000008c800000, 0x000000008c900000, 0x000000008c900000|100%| O|  |TAMS 0x000000008c800000, 0x000000008c900000| Untracked 
| 201|0x000000008c900000, 0x000000008ca00000, 0x000000008ca00000|100%| O|  |TAMS 0x000000008c900000, 0x000000008ca00000| Untracked 
| 202|0x000000008ca00000, 0x000000008cb00000, 0x000000008cb00000|100%| O|  |TAMS 0x000000008ca00000, 0x000000008cb00000| Untracked 
| 203|0x000000008cb00000, 0x000000008cc00000, 0x000000008cc00000|100%| O|  |TAMS 0x000000008cb00000, 0x000000008cc00000| Untracked 
| 204|0x000000008cc00000, 0x000000008cd00000, 0x000000008cd00000|100%| O|  |TAMS 0x000000008cc00000, 0x000000008cd00000| Untracked 
| 205|0x000000008cd00000, 0x000000008ce00000, 0x000000008ce00000|100%| O|  |TAMS 0x000000008cd00000, 0x000000008ce00000| Untracked 
| 206|0x000000008ce00000, 0x000000008cf00000, 0x000000008cf00000|100%| O|  |TAMS 0x000000008ce00000, 0x000000008cf00000| Untracked 
| 207|0x000000008cf00000, 0x000000008d000000, 0x000000008d000000|100%| O|  |TAMS 0x000000008cf00000, 0x000000008d000000| Untracked 
| 208|0x000000008d000000, 0x000000008d100000, 0x000000008d100000|100%| O|  |TAMS 0x000000008d000000, 0x000000008d100000| Untracked 
| 209|0x000000008d100000, 0x000000008d200000, 0x000000008d200000|100%| O|  |TAMS 0x000000008d100000, 0x000000008d200000| Untracked 
| 210|0x000000008d200000, 0x000000008d300000, 0x000000008d300000|100%| O|  |TAMS 0x000000008d200000, 0x000000008d300000| Untracked 
| 211|0x000000008d300000, 0x000000008d400000, 0x000000008d400000|100%| O|  |TAMS 0x000000008d300000, 0x000000008d400000| Untracked 
| 212|0x000000008d400000, 0x000000008d500000, 0x000000008d500000|100%| O|  |TAMS 0x000000008d400000, 0x000000008d500000| Untracked 
| 213|0x000000008d500000, 0x000000008d600000, 0x000000008d600000|100%| O|  |TAMS 0x000000008d500000, 0x000000008d600000| Untracked 
| 214|0x000000008d600000, 0x000000008d700000, 0x000000008d700000|100%| O|  |TAMS 0x000000008d600000, 0x000000008d700000| Untracked 
| 215|0x000000008d700000, 0x000000008d800000, 0x000000008d800000|100%| O|  |TAMS 0x000000008d700000, 0x000000008d800000| Untracked 
| 216|0x000000008d800000, 0x000000008d900000, 0x000000008d900000|100%| O|  |TAMS 0x000000008d800000, 0x000000008d900000| Untracked 
| 217|0x000000008d900000, 0x000000008da00000, 0x000000008da00000|100%| O|  |TAMS 0x000000008d900000, 0x000000008da00000| Untracked 
| 218|0x000000008da00000, 0x000000008db00000, 0x000000008db00000|100%| O|  |TAMS 0x000000008da00000, 0x000000008db00000| Untracked 
| 219|0x000000008db00000, 0x000000008dc00000, 0x000000008dc00000|100%| O|  |TAMS 0x000000008db00000, 0x000000008dc00000| Untracked 
| 220|0x000000008dc00000, 0x000000008dd00000, 0x000000008dd00000|100%| O|  |TAMS 0x000000008dc00000, 0x000000008dd00000| Untracked 
| 221|0x000000008dd00000, 0x000000008de00000, 0x000000008de00000|100%| O|  |TAMS 0x000000008dd00000, 0x000000008de00000| Untracked 
| 222|0x000000008de00000, 0x000000008df00000, 0x000000008df00000|100%| O|  |TAMS 0x000000008de00000, 0x000000008df00000| Untracked 
| 223|0x000000008df00000, 0x000000008e000000, 0x000000008e000000|100%| O|  |TAMS 0x000000008df00000, 0x000000008e000000| Untracked 
| 224|0x000000008e000000, 0x000000008e100000, 0x000000008e100000|100%| O|  |TAMS 0x000000008e000000, 0x000000008e100000| Untracked 
| 225|0x000000008e100000, 0x000000008e200000, 0x000000008e200000|100%| O|  |TAMS 0x000000008e100000, 0x000000008e200000| Untracked 
| 226|0x000000008e200000, 0x000000008e300000, 0x000000008e300000|100%| O|  |TAMS 0x000000008e200000, 0x000000008e300000| Untracked 
| 227|0x000000008e300000, 0x000000008e400000, 0x000000008e400000|100%| O|  |TAMS 0x000000008e300000, 0x000000008e400000| Untracked 
| 228|0x000000008e400000, 0x000000008e500000, 0x000000008e500000|100%| O|  |TAMS 0x000000008e400000, 0x000000008e500000| Untracked 
| 229|0x000000008e500000, 0x000000008e600000, 0x000000008e600000|100%| O|  |TAMS 0x000000008e500000, 0x000000008e600000| Untracked 
| 230|0x000000008e600000, 0x000000008e700000, 0x000000008e700000|100%| O|  |TAMS 0x000000008e600000, 0x000000008e700000| Untracked 
| 231|0x000000008e700000, 0x000000008e800000, 0x000000008e800000|100%| O|  |TAMS 0x000000008e800000, 0x000000008e800000| Untracked 
| 232|0x000000008e800000, 0x000000008e900000, 0x000000008e900000|100%| O|  |TAMS 0x000000008e900000, 0x000000008e900000| Untracked 
| 233|0x000000008e900000, 0x000000008ea00000, 0x000000008ea00000|100%| O|  |TAMS 0x000000008e900000, 0x000000008ea00000| Untracked 
| 234|0x000000008ea00000, 0x000000008eb00000, 0x000000008eb00000|100%| O|  |TAMS 0x000000008ea00000, 0x000000008eb00000| Untracked 
| 235|0x000000008eb00000, 0x000000008ec00000, 0x000000008ec00000|100%| O|  |TAMS 0x000000008eb00000, 0x000000008ec00000| Untracked 
| 236|0x000000008ec00000, 0x000000008ed00000, 0x000000008ed00000|100%| O|  |TAMS 0x000000008ec00000, 0x000000008ed00000| Untracked 
| 237|0x000000008ed00000, 0x000000008ee00000, 0x000000008ee00000|100%| O|  |TAMS 0x000000008ed00000, 0x000000008ee00000| Untracked 
| 238|0x000000008ee00000, 0x000000008ef00000, 0x000000008ef00000|100%| O|  |TAMS 0x000000008ee00000, 0x000000008ef00000| Untracked 
| 239|0x000000008ef00000, 0x000000008f000000, 0x000000008f000000|100%| O|  |TAMS 0x000000008ef00000, 0x000000008f000000| Untracked 
| 240|0x000000008f000000, 0x000000008f100000, 0x000000008f100000|100%| O|  |TAMS 0x000000008f000000, 0x000000008f100000| Untracked 
| 241|0x000000008f100000, 0x000000008f200000, 0x000000008f200000|100%| O|  |TAMS 0x000000008f100000, 0x000000008f200000| Untracked 
| 242|0x000000008f200000, 0x000000008f300000, 0x000000008f300000|100%| O|  |TAMS 0x000000008f200000, 0x000000008f300000| Untracked 
| 243|0x000000008f300000, 0x000000008f400000, 0x000000008f400000|100%| O|  |TAMS 0x000000008f300000, 0x000000008f400000| Untracked 
| 244|0x000000008f400000, 0x000000008f400000, 0x000000008f500000|  0%| F|  |TAMS 0x000000008f400000, 0x000000008f400000| Untracked 
| 245|0x000000008f500000, 0x000000008f500000, 0x000000008f600000|  0%| F|  |TAMS 0x000000008f500000, 0x000000008f500000| Untracked 
| 246|0x000000008f600000, 0x000000008f600000, 0x000000008f700000|  0%| F|  |TAMS 0x000000008f600000, 0x000000008f600000| Untracked 
| 247|0x000000008f700000, 0x000000008f700000, 0x000000008f800000|  0%| F|  |TAMS 0x000000008f700000, 0x000000008f700000| Untracked 
| 248|0x000000008f800000, 0x000000008f800000, 0x000000008f900000|  0%| F|  |TAMS 0x000000008f800000, 0x000000008f800000| Untracked 
| 249|0x000000008f900000, 0x000000008f900000, 0x000000008fa00000|  0%| F|  |TAMS 0x000000008f900000, 0x000000008f900000| Untracked 
| 250|0x000000008fa00000, 0x000000008fa00000, 0x000000008fb00000|  0%| F|  |TAMS 0x000000008fa00000, 0x000000008fa00000| Untracked 
| 251|0x000000008fb00000, 0x000000008fb00000, 0x000000008fc00000|  0%| F|  |TAMS 0x000000008fb00000, 0x000000008fb00000| Untracked 
| 252|0x000000008fc00000, 0x000000008fc00000, 0x000000008fd00000|  0%| F|  |TAMS 0x000000008fc00000, 0x000000008fc00000| Untracked 
| 253|0x000000008fd00000, 0x000000008fd00000, 0x000000008fe00000|  0%| F|  |TAMS 0x000000008fd00000, 0x000000008fd00000| Untracked 
| 254|0x000000008fe00000, 0x000000008fe00000, 0x000000008ff00000|  0%| F|  |TAMS 0x000000008fe00000, 0x000000008fe00000| Untracked 
| 255|0x000000008ff00000, 0x000000008ff00000, 0x0000000090000000|  0%| F|  |TAMS 0x000000008ff00000, 0x000000008ff00000| Untracked 
| 256|0x0000000090000000, 0x0000000090000000, 0x0000000090100000|  0%| F|  |TAMS 0x0000000090000000, 0x0000000090000000| Untracked 
| 257|0x0000000090100000, 0x0000000090100000, 0x0000000090200000|  0%| F|  |TAMS 0x0000000090100000, 0x0000000090100000| Untracked 
| 258|0x0000000090200000, 0x0000000090200000, 0x0000000090300000|  0%| F|  |TAMS 0x0000000090200000, 0x0000000090200000| Untracked 
| 259|0x0000000090300000, 0x0000000090300000, 0x0000000090400000|  0%| F|  |TAMS 0x0000000090300000, 0x0000000090300000| Untracked 
| 260|0x0000000090400000, 0x0000000090400000, 0x0000000090500000|  0%| F|  |TAMS 0x0000000090400000, 0x0000000090400000| Untracked 
| 261|0x0000000090500000, 0x0000000090500000, 0x0000000090600000|  0%| F|  |TAMS 0x0000000090500000, 0x0000000090500000| Untracked 
| 262|0x0000000090600000, 0x0000000090600000, 0x0000000090700000|  0%| F|  |TAMS 0x0000000090600000, 0x0000000090600000| Untracked 
| 263|0x0000000090700000, 0x0000000090700000, 0x0000000090800000|  0%| F|  |TAMS 0x0000000090700000, 0x0000000090700000| Untracked 
| 264|0x0000000090800000, 0x0000000090800000, 0x0000000090900000|  0%| F|  |TAMS 0x0000000090800000, 0x0000000090800000| Untracked 
| 265|0x0000000090900000, 0x0000000090900000, 0x0000000090a00000|  0%| F|  |TAMS 0x0000000090900000, 0x0000000090900000| Untracked 
| 266|0x0000000090a00000, 0x0000000090a00000, 0x0000000090b00000|  0%| F|  |TAMS 0x0000000090a00000, 0x0000000090a00000| Untracked 
| 267|0x0000000090b00000, 0x0000000090b00000, 0x0000000090c00000|  0%| F|  |TAMS 0x0000000090b00000, 0x0000000090b00000| Untracked 
| 268|0x0000000090c00000, 0x0000000090c00000, 0x0000000090d00000|  0%| F|  |TAMS 0x0000000090c00000, 0x0000000090c00000| Untracked 
| 269|0x0000000090d00000, 0x0000000090d00000, 0x0000000090e00000|  0%| F|  |TAMS 0x0000000090d00000, 0x0000000090d00000| Untracked 
| 270|0x0000000090e00000, 0x0000000090e00000, 0x0000000090f00000|  0%| F|  |TAMS 0x0000000090e00000, 0x0000000090e00000| Untracked 
| 271|0x0000000090f00000, 0x0000000090f00000, 0x0000000091000000|  0%| F|  |TAMS 0x0000000090f00000, 0x0000000090f00000| Untracked 
| 272|0x0000000091000000, 0x0000000091000000, 0x0000000091100000|  0%| F|  |TAMS 0x0000000091000000, 0x0000000091000000| Untracked 
| 273|0x0000000091100000, 0x0000000091100000, 0x0000000091200000|  0%| F|  |TAMS 0x0000000091100000, 0x0000000091100000| Untracked 
| 274|0x0000000091200000, 0x0000000091200000, 0x0000000091300000|  0%| F|  |TAMS 0x0000000091200000, 0x0000000091200000| Untracked 
| 275|0x0000000091300000, 0x0000000091300000, 0x0000000091400000|  0%| F|  |TAMS 0x0000000091300000, 0x0000000091300000| Untracked 
| 276|0x0000000091400000, 0x0000000091400000, 0x0000000091500000|  0%| F|  |TAMS 0x0000000091400000, 0x0000000091400000| Untracked 
| 277|0x0000000091500000, 0x0000000091500000, 0x0000000091600000|  0%| F|  |TAMS 0x0000000091500000, 0x0000000091500000| Untracked 
| 278|0x0000000091600000, 0x0000000091600000, 0x0000000091700000|  0%| F|  |TAMS 0x0000000091600000, 0x0000000091600000| Untracked 
| 279|0x0000000091700000, 0x0000000091700000, 0x0000000091800000|  0%| F|  |TAMS 0x0000000091700000, 0x0000000091700000| Untracked 
| 280|0x0000000091800000, 0x0000000091800000, 0x0000000091900000|  0%| F|  |TAMS 0x0000000091800000, 0x0000000091800000| Untracked 
| 281|0x0000000091900000, 0x0000000091900000, 0x0000000091a00000|  0%| F|  |TAMS 0x0000000091900000, 0x0000000091900000| Untracked 
| 282|0x0000000091a00000, 0x0000000091a00000, 0x0000000091b00000|  0%| F|  |TAMS 0x0000000091a00000, 0x0000000091a00000| Untracked 
| 283|0x0000000091b00000, 0x0000000091b00000, 0x0000000091c00000|  0%| F|  |TAMS 0x0000000091b00000, 0x0000000091b00000| Untracked 
| 284|0x0000000091c00000, 0x0000000091c00000, 0x0000000091d00000|  0%| F|  |TAMS 0x0000000091c00000, 0x0000000091c00000| Untracked 
| 285|0x0000000091d00000, 0x0000000091d00000, 0x0000000091e00000|  0%| F|  |TAMS 0x0000000091d00000, 0x0000000091d00000| Untracked 
| 286|0x0000000091e00000, 0x0000000091e00000, 0x0000000091f00000|  0%| F|  |TAMS 0x0000000091e00000, 0x0000000091e00000| Untracked 
| 287|0x0000000091f00000, 0x0000000091f00000, 0x0000000092000000|  0%| F|  |TAMS 0x0000000091f00000, 0x0000000091f00000| Untracked 
| 288|0x0000000092000000, 0x0000000092000000, 0x0000000092100000|  0%| F|  |TAMS 0x0000000092000000, 0x0000000092000000| Untracked 
| 289|0x0000000092100000, 0x0000000092100000, 0x0000000092200000|  0%| F|  |TAMS 0x0000000092100000, 0x0000000092100000| Untracked 
| 290|0x0000000092200000, 0x0000000092200000, 0x0000000092300000|  0%| F|  |TAMS 0x0000000092200000, 0x0000000092200000| Untracked 
| 291|0x0000000092300000, 0x0000000092300000, 0x0000000092400000|  0%| F|  |TAMS 0x0000000092300000, 0x0000000092300000| Untracked 
| 292|0x0000000092400000, 0x0000000092400000, 0x0000000092500000|  0%| F|  |TAMS 0x0000000092400000, 0x0000000092400000| Untracked 
| 293|0x0000000092500000, 0x0000000092500000, 0x0000000092600000|  0%| F|  |TAMS 0x0000000092500000, 0x0000000092500000| Untracked 
| 294|0x0000000092600000, 0x0000000092600000, 0x0000000092700000|  0%| F|  |TAMS 0x0000000092600000, 0x0000000092600000| Untracked 
| 295|0x0000000092700000, 0x0000000092700000, 0x0000000092800000|  0%| F|  |TAMS 0x0000000092700000, 0x0000000092700000| Untracked 
| 296|0x0000000092800000, 0x0000000092800000, 0x0000000092900000|  0%| F|  |TAMS 0x0000000092800000, 0x0000000092800000| Untracked 
| 297|0x0000000092900000, 0x0000000092900000, 0x0000000092a00000|  0%| F|  |TAMS 0x0000000092900000, 0x0000000092900000| Untracked 
| 298|0x0000000092a00000, 0x0000000092a00000, 0x0000000092b00000|  0%| F|  |TAMS 0x0000000092a00000, 0x0000000092a00000| Untracked 
| 299|0x0000000092b00000, 0x0000000092c00000, 0x0000000092c00000|100%| S|CS|TAMS 0x0000000092b00000, 0x0000000092b00000| Complete 
| 300|0x0000000092c00000, 0x0000000092d00000, 0x0000000092d00000|100%| S|CS|TAMS 0x0000000092c00000, 0x0000000092c00000| Complete 
| 301|0x0000000092d00000, 0x0000000092e00000, 0x0000000092e00000|100%| S|CS|TAMS 0x0000000092d00000, 0x0000000092d00000| Complete 
| 302|0x0000000092e00000, 0x0000000092f00000, 0x0000000092f00000|100%| S|CS|TAMS 0x0000000092e00000, 0x0000000092e00000| Complete 
| 303|0x0000000092f00000, 0x0000000092f00000, 0x0000000093000000|  0%| F|  |TAMS 0x0000000092f00000, 0x0000000092f00000| Untracked 
| 304|0x0000000093000000, 0x0000000093000000, 0x0000000093100000|  0%| F|  |TAMS 0x0000000093000000, 0x0000000093000000| Untracked 
| 305|0x0000000093100000, 0x0000000093100000, 0x0000000093200000|  0%| F|  |TAMS 0x0000000093100000, 0x0000000093100000| Untracked 
| 306|0x0000000093200000, 0x0000000093200000, 0x0000000093300000|  0%| F|  |TAMS 0x0000000093200000, 0x0000000093200000| Untracked 
| 307|0x0000000093300000, 0x0000000093300000, 0x0000000093400000|  0%| F|  |TAMS 0x0000000093300000, 0x0000000093300000| Untracked 
| 308|0x0000000093400000, 0x0000000093400000, 0x0000000093500000|  0%| F|  |TAMS 0x0000000093400000, 0x0000000093400000| Untracked 
| 309|0x0000000093500000, 0x0000000093500000, 0x0000000093600000|  0%| F|  |TAMS 0x0000000093500000, 0x0000000093500000| Untracked 
| 310|0x0000000093600000, 0x0000000093600000, 0x0000000093700000|  0%| F|  |TAMS 0x0000000093600000, 0x0000000093600000| Untracked 
| 311|0x0000000093700000, 0x0000000093700000, 0x0000000093800000|  0%| F|  |TAMS 0x0000000093700000, 0x0000000093700000| Untracked 
| 312|0x0000000093800000, 0x0000000093800000, 0x0000000093900000|  0%| F|  |TAMS 0x0000000093800000, 0x0000000093800000| Untracked 
| 313|0x0000000093900000, 0x0000000093900000, 0x0000000093a00000|  0%| F|  |TAMS 0x0000000093900000, 0x0000000093900000| Untracked 
| 314|0x0000000093a00000, 0x0000000093a00000, 0x0000000093b00000|  0%| F|  |TAMS 0x0000000093a00000, 0x0000000093a00000| Untracked 
| 315|0x0000000093b00000, 0x0000000093b00000, 0x0000000093c00000|  0%| F|  |TAMS 0x0000000093b00000, 0x0000000093b00000| Untracked 
| 316|0x0000000093c00000, 0x0000000093c00000, 0x0000000093d00000|  0%| F|  |TAMS 0x0000000093c00000, 0x0000000093c00000| Untracked 
| 317|0x0000000093d00000, 0x0000000093d00000, 0x0000000093e00000|  0%| F|  |TAMS 0x0000000093d00000, 0x0000000093d00000| Untracked 
| 318|0x0000000093e00000, 0x0000000093e00000, 0x0000000093f00000|  0%| F|  |TAMS 0x0000000093e00000, 0x0000000093e00000| Untracked 
| 319|0x0000000093f00000, 0x0000000093f00000, 0x0000000094000000|  0%| F|  |TAMS 0x0000000093f00000, 0x0000000093f00000| Untracked 
| 320|0x0000000094000000, 0x0000000094000000, 0x0000000094100000|  0%| F|  |TAMS 0x0000000094000000, 0x0000000094000000| Untracked 
| 321|0x0000000094100000, 0x0000000094100000, 0x0000000094200000|  0%| F|  |TAMS 0x0000000094100000, 0x0000000094100000| Untracked 
| 322|0x0000000094200000, 0x0000000094200000, 0x0000000094300000|  0%| F|  |TAMS 0x0000000094200000, 0x0000000094200000| Untracked 
| 323|0x0000000094300000, 0x0000000094300000, 0x0000000094400000|  0%| F|  |TAMS 0x0000000094300000, 0x0000000094300000| Untracked 
| 324|0x0000000094400000, 0x0000000094400000, 0x0000000094500000|  0%| F|  |TAMS 0x0000000094400000, 0x0000000094400000| Untracked 
| 325|0x0000000094500000, 0x0000000094500000, 0x0000000094600000|  0%| F|  |TAMS 0x0000000094500000, 0x0000000094500000| Untracked 
| 326|0x0000000094600000, 0x0000000094600000, 0x0000000094700000|  0%| F|  |TAMS 0x0000000094600000, 0x0000000094600000| Untracked 
| 327|0x0000000094700000, 0x0000000094700000, 0x0000000094800000|  0%| F|  |TAMS 0x0000000094700000, 0x0000000094700000| Untracked 

Card table byte_map: [0x0000016c70080000,0x0000016c70480000] _byte_map_base: 0x0000016c6fc80000

Marking Bits (Prev, Next): (CMBitMap*) 0x0000016c5d1c1a38, (CMBitMap*) 0x0000016c5d1c1a70
 Prev Bits: [0x0000016c70880000, 0x0000016c72880000)
 Next Bits: [0x0000016c72880000, 0x0000016c74880000)

Polling page: 0x0000016c5aed0000

Metaspace:

Usage:
  Non-class:    139.12 MB capacity,   135.28 MB ( 97%) used,     3.17 MB (  2%) free+waste,   676.69 KB ( <1%) overhead. 
      Class:     21.00 MB capacity,    18.88 MB ( 90%) used,     1.84 MB (  9%) free+waste,   296.56 KB (  1%) overhead. 
       Both:    160.12 MB capacity,   154.16 MB ( 96%) used,     5.01 MB (  3%) free+waste,   973.25 KB ( <1%) overhead. 

Virtual space:
  Non-class space:      140.00 MB reserved,     139.20 MB (>99%) committed 
      Class space:        1.00 GB reserved,      21.08 MB (  2%) committed 
             Both:        1.14 GB reserved,     160.28 MB ( 14%) committed 

Chunk freelists:
   Non-Class:  19.00 KB
       Class:  0 bytes
        Both:  19.00 KB

MaxMetaspaceSize: 17179869184.00 GB
CompressedClassSpaceSize: 1.00 GB

CodeHeap 'non-profiled nmethods': size=120064Kb used=33198Kb max_used=33198Kb free=86865Kb
 bounds [0x0000016c68740000, 0x0000016c6a7c0000, 0x0000016c6fc80000]
CodeHeap 'profiled nmethods': size=120000Kb used=67416Kb max_used=67416Kb free=52583Kb
 bounds [0x0000016c61210000, 0x0000016c654f0000, 0x0000016c68740000]
CodeHeap 'non-nmethods': size=5696Kb used=2419Kb max_used=2505Kb free=3276Kb
 bounds [0x0000016c60c80000, 0x0000016c60f00000, 0x0000016c61210000]
 total_blobs=31754 nmethods=30701 adapters=961
 compilation: enabled
              stopped_count=0, restarted_count=0
 full_count=0

Compilation events (20 events):
Event: 10173.929 Thread 0x0000016c7760d000 nmethod 38986 0x0000016c6a7af610 code [0x0000016c6a7af7c0, 0x0000016c6a7af9c8]
Event: 10173.929 Thread 0x0000016c7760d000 39007       4       com.android.tools.r8.graph.Q$$Lambda$1712/0x0000000100f34c40::apply (11 bytes)
Event: 10173.930 Thread 0x0000016c7760d000 nmethod 39007 0x0000016c6a7afc10 code [0x0000016c6a7afda0, 0x0000016c6a7afe38]
Event: 10173.930 Thread 0x0000016c7760d000 38970       4       com.android.tools.r8.graph.f0$u::X (2 bytes)
Event: 10173.931 Thread 0x0000016c7760d000 nmethod 38970 0x0000016c6a7aff10 code [0x0000016c6a7b00a0, 0x0000016c6a7b00f8]
Event: 10173.931 Thread 0x0000016c7760d000 38981       4       com.android.tools.r8.dex.c::c (35 bytes)
Event: 10173.934 Thread 0x0000016c7760d000 nmethod 38981 0x0000016c6a7b0190 code [0x0000016c6a7b0340, 0x0000016c6a7b0458]
Event: 10173.934 Thread 0x0000016c7760d000 39042       4       com.android.tools.r8.internal.Rh::c (32 bytes)
Event: 10173.934 Thread 0x0000016c7760d000 nmethod 39042 0x0000016c6a7b0610 code [0x0000016c6a7b07a0, 0x0000016c6a7b07f8]
Event: 10173.934 Thread 0x0000016c7760d000 39043       4       com.android.tools.r8.utils.V$$Lambda$1367/0x0000000100e1a840::accept (21 bytes)
Event: 10173.938 Thread 0x0000016c77611800 39044       2       java.util.concurrent.ForkJoinPool$WorkQueue::topLevelExec (86 bytes)
Event: 10173.939 Thread 0x0000016c77611800 nmethod 39044 0x0000016c638c9a90 code [0x0000016c638c9c60, 0x0000016c638c9f48]
Event: 10173.967 Thread 0x0000016c77611800 39048       2       com.android.tools.r8.internal.ju::iterator (12 bytes)
Event: 10173.967 Thread 0x0000016c77611800 nmethod 39048 0x0000016c6375f910 code [0x0000016c6375fac0, 0x0000016c6375fca8]
Event: 10173.968 Thread 0x0000016c77611800 39049       2       com.android.tools.r8.internal.ku::values (26 bytes)
Event: 10173.968 Thread 0x0000016c77611800 nmethod 39049 0x0000016c6379ed10 code [0x0000016c6379eec0, 0x0000016c6379f0d8]
Event: 10173.982 Thread 0x0000016c7760d000 nmethod 39043 0x0000016c6a7b0890 code [0x0000016c6a7b0ac0, 0x0000016c6a7b1d10]
Event: 10173.982 Thread 0x0000016c7760d000 39046       4       com.android.tools.r8.graph.Z::b (74 bytes)
Event: 10174.013 Thread 0x0000016c77611800 39055 % !   3       com.android.tools.r8.utils.V::a @ 51 (164 bytes)
Event: 10174.015 Thread 0x0000016c77611800 nmethod 39055% 0x0000016c63ad5390 code [0x0000016c63ad5740, 0x0000016c63ad72b8]

GC Heap History (20 events):
Event: 10170.699 GC heap after
{Heap after GC invocations=341 (full 0):
 garbage-first heap   total 236544K, used 162664K [0x0000000080000000, 0x0000000100000000)
  region size 1024K, 1 young (1024K), 1 survivors (1024K)
 Metaspace       used 157571K, capacity 163690K, committed 163872K, reserved 1191936K
  class space    used 19313K, capacity 21462K, committed 21588K, reserved 1048576K
}
Event: 10171.184 GC heap before
{Heap before GC invocations=341 (full 0):
 garbage-first heap   total 236544K, used 199528K [0x0000000080000000, 0x0000000100000000)
  region size 1024K, 38 young (38912K), 1 survivors (1024K)
 Metaspace       used 157653K, capacity 163807K, committed 164128K, reserved 1191936K
  class space    used 19323K, capacity 21500K, committed 21588K, reserved 1048576K
}
Event: 10171.192 GC heap after
{Heap after GC invocations=342 (full 0):
 garbage-first heap   total 236544K, used 162996K [0x0000000080000000, 0x0000000100000000)
  region size 1024K, 1 young (1024K), 1 survivors (1024K)
 Metaspace       used 157653K, capacity 163807K, committed 164128K, reserved 1191936K
  class space    used 19323K, capacity 21500K, committed 21588K, reserved 1048576K
}
Event: 10172.116 GC heap before
{Heap before GC invocations=342 (full 0):
 garbage-first heap   total 236544K, used 219316K [0x0000000080000000, 0x0000000100000000)
  region size 1024K, 39 young (39936K), 1 survivors (1024K)
 Metaspace       used 157692K, capacity 163832K, committed 164128K, reserved 1191936K
  class space    used 19327K, capacity 21507K, committed 21588K, reserved 1048576K
}
Event: 10172.138 GC heap after
{Heap after GC invocations=343 (full 0):
 garbage-first heap   total 238592K, used 191721K [0x0000000080000000, 0x0000000100000000)
  region size 1024K, 5 young (5120K), 5 survivors (5120K)
 Metaspace       used 157692K, capacity 163832K, committed 164128K, reserved 1191936K
  class space    used 19327K, capacity 21507K, committed 21588K, reserved 1048576K
}
Event: 10172.213 GC heap before
{Heap before GC invocations=344 (full 0):
 garbage-first heap   total 238592K, used 204009K [0x0000000080000000, 0x0000000100000000)
  region size 1024K, 18 young (18432K), 5 survivors (5120K)
 Metaspace       used 157692K, capacity 163832K, committed 164128K, reserved 1191936K
  class space    used 19327K, capacity 21507K, committed 21588K, reserved 1048576K
}
Event: 10172.240 GC heap after
{Heap after GC invocations=345 (full 0):
 garbage-first heap   total 238592K, used 197449K [0x0000000080000000, 0x0000000100000000)
  region size 1024K, 3 young (3072K), 3 survivors (3072K)
 Metaspace       used 157692K, capacity 163832K, committed 164128K, reserved 1191936K
  class space    used 19327K, capacity 21507K, committed 21588K, reserved 1048576K
}
Event: 10172.296 GC heap before
{Heap before GC invocations=345 (full 0):
 garbage-first heap   total 238592K, used 204617K [0x0000000080000000, 0x0000000100000000)
  region size 1024K, 11 young (11264K), 3 survivors (3072K)
 Metaspace       used 157692K, capacity 163832K, committed 164128K, reserved 1191936K
  class space    used 19327K, capacity 21507K, committed 21588K, reserved 1048576K
}
Event: 10172.333 GC heap after
{Heap after GC invocations=346 (full 0):
 garbage-first heap   total 238592K, used 197383K [0x0000000080000000, 0x0000000100000000)
  region size 1024K, 2 young (2048K), 2 survivors (2048K)
 Metaspace       used 157692K, capacity 163832K, committed 164128K, reserved 1191936K
  class space    used 19327K, capacity 21507K, committed 21588K, reserved 1048576K
}
Event: 10172.339 GC heap before
{Heap before GC invocations=346 (full 0):
 garbage-first heap   total 238592K, used 198407K [0x0000000080000000, 0x0000000100000000)
  region size 1024K, 4 young (4096K), 2 survivors (2048K)
 Metaspace       used 157692K, capacity 163832K, committed 164128K, reserved 1191936K
  class space    used 19327K, capacity 21507K, committed 21588K, reserved 1048576K
}
Event: 10172.358 GC heap after
{Heap after GC invocations=347 (full 0):
 garbage-first heap   total 238592K, used 198790K [0x0000000080000000, 0x0000000100000000)
  region size 1024K, 1 young (1024K), 1 survivors (1024K)
 Metaspace       used 157692K, capacity 163832K, committed 164128K, reserved 1191936K
  class space    used 19327K, capacity 21507K, committed 21588K, reserved 1048576K
}
Event: 10172.502 GC heap before
{Heap before GC invocations=347 (full 0):
 garbage-first heap   total 238592K, used 210054K [0x0000000080000000, 0x0000000100000000)
  region size 1024K, 11 young (11264K), 1 survivors (1024K)
 Metaspace       used 157692K, capacity 163832K, committed 164128K, reserved 1191936K
  class space    used 19327K, capacity 21507K, committed 21588K, reserved 1048576K
}
Event: 10172.528 GC heap after
{Heap after GC invocations=348 (full 0):
 garbage-first heap   total 335872K, used 205324K [0x0000000080000000, 0x0000000100000000)
  region size 1024K, 2 young (2048K), 2 survivors (2048K)
 Metaspace       used 157692K, capacity 163832K, committed 164128K, reserved 1191936K
  class space    used 19327K, capacity 21507K, committed 21588K, reserved 1048576K
}
Event: 10173.157 GC heap before
{Heap before GC invocations=348 (full 0):
 garbage-first heap   total 335872K, used 242188K [0x0000000080000000, 0x0000000100000000)
  region size 1024K, 38 young (38912K), 2 survivors (2048K)
 Metaspace       used 157822K, capacity 163962K, committed 164128K, reserved 1191936K
  class space    used 19328K, capacity 21507K, committed 21588K, reserved 1048576K
}
Event: 10173.224 GC heap after
{Heap after GC invocations=349 (full 0):
 garbage-first heap   total 335872K, used 224856K [0x0000000080000000, 0x0000000100000000)
  region size 1024K, 5 young (5120K), 5 survivors (5120K)
 Metaspace       used 157822K, capacity 163962K, committed 164128K, reserved 1191936K
  class space    used 19328K, capacity 21507K, committed 21588K, reserved 1048576K
}
Event: 10173.585 GC heap before
{Heap before GC invocations=350 (full 0):
 garbage-first heap   total 335872K, used 254552K [0x0000000080000000, 0x0000000100000000)
  region size 1024K, 34 young (34816K), 5 survivors (5120K)
 Metaspace       used 157832K, capacity 163964K, committed 164128K, reserved 1191936K
  class space    used 19328K, capacity 21507K, committed 21588K, reserved 1048576K
}
Event: 10173.688 GC heap after
{Heap after GC invocations=351 (full 0):
 garbage-first heap   total 335872K, used 240640K [0x0000000080000000, 0x0000000100000000)
  region size 1024K, 5 young (5120K), 5 survivors (5120K)
 Metaspace       used 157832K, capacity 163964K, committed 164128K, reserved 1191936K
  class space    used 19328K, capacity 21507K, committed 21588K, reserved 1048576K
}
Event: 10173.741 GC heap before
{Heap before GC invocations=351 (full 0):
 garbage-first heap   total 335872K, used 251904K [0x0000000080000000, 0x0000000100000000)
  region size 1024K, 16 young (16384K), 5 survivors (5120K)
 Metaspace       used 157832K, capacity 163964K, committed 164128K, reserved 1191936K
  class space    used 19328K, capacity 21507K, committed 21588K, reserved 1048576K
}
Event: 10173.813 GC heap after
{Heap after GC invocations=352 (full 0):
 garbage-first heap   total 335872K, used 243200K [0x0000000080000000, 0x0000000100000000)
  region size 1024K, 2 young (2048K), 2 survivors (2048K)
 Metaspace       used 157832K, capacity 163964K, committed 164128K, reserved 1191936K
  class space    used 19328K, capacity 21507K, committed 21588K, reserved 1048576K
}
Event: 10174.019 GC heap before
{Heap before GC invocations=352 (full 0):
 garbage-first heap   total 335872K, used 266752K [0x0000000080000000, 0x0000000100000000)
  region size 1024K, 25 young (25600K), 2 survivors (2048K)
 Metaspace       used 157857K, capacity 163964K, committed 164128K, reserved 1191936K
  class space    used 19328K, capacity 21507K, committed 21588K, reserved 1048576K
}

Deoptimization events (20 events):
Event: 10173.735 Thread 0x0000016c7b4d5000 DEOPT PACKING pc=0x0000016c654d46fd sp=0x0000000d06efe260
Event: 10173.735 Thread 0x0000016c7b4d5000 DEOPT UNPACKING pc=0x0000016c60ca6dde sp=0x0000000d06efde80 mode 0
Event: 10173.820 Thread 0x0000016c7b4d5800 DEOPT PACKING pc=0x0000016c654d46fd sp=0x0000000d070fddb0
Event: 10173.820 Thread 0x0000016c7b4d5800 DEOPT UNPACKING pc=0x0000016c60ca6dde sp=0x0000000d070fd9d0 mode 0
Event: 10173.826 Thread 0x0000016c7b4d7800 DEOPT PACKING pc=0x0000016c654d46fd sp=0x0000000d071fe400
Event: 10173.826 Thread 0x0000016c7b4d7800 DEOPT UNPACKING pc=0x0000016c60ca6dde sp=0x0000000d071fe020 mode 0
Event: 10173.834 Thread 0x0000016c7b4d7800 DEOPT PACKING pc=0x0000016c654d46fd sp=0x0000000d071fe400
Event: 10173.834 Thread 0x0000016c7b4d7800 DEOPT UNPACKING pc=0x0000016c60ca6dde sp=0x0000000d071fe020 mode 0
Event: 10173.836 Thread 0x0000016c7b4d5000 Uncommon trap: trap_request=0xffffff4d fr.pc=0x0000016c68c8c130 relative=0x0000000000000370
Event: 10173.840 Thread 0x0000016c7b4d7800 DEOPT PACKING pc=0x0000016c654d46fd sp=0x0000000d071fe400
Event: 10173.840 Thread 0x0000016c7b4d7800 DEOPT UNPACKING pc=0x0000016c60ca6dde sp=0x0000000d071fe020 mode 0
Event: 10173.844 Thread 0x0000016c7b4d5800 DEOPT PACKING pc=0x0000016c654d46fd sp=0x0000000d070fddb0
Event: 10173.844 Thread 0x0000016c7b4d5800 DEOPT UNPACKING pc=0x0000016c60ca6dde sp=0x0000000d070fd9d0 mode 0
Event: 10173.855 Thread 0x0000016c7b4d7800 DEOPT PACKING pc=0x0000016c654d46fd sp=0x0000000d071fe400
Event: 10173.855 Thread 0x0000016c7b4d7800 DEOPT UNPACKING pc=0x0000016c60ca6dde sp=0x0000000d071fe020 mode 0
Event: 10173.859 Thread 0x0000016c7b4d5000 Uncommon trap: reason=unstable_if action=reinterpret pc=0x0000016c68c8c130 method=java.util.concurrent.ConcurrentLinkedQueue.offer(Ljava/lang/Object;)Z @ 96 c2
Event: 10173.859 Thread 0x0000016c7b4d5000 DEOPT PACKING pc=0x0000016c68c8c130 sp=0x0000000d06efeac0
Event: 10173.859 Thread 0x0000016c7b4d5000 DEOPT UNPACKING pc=0x0000016c60ca662f sp=0x0000000d06efea00 mode 2
Event: 10173.867 Thread 0x0000016c7b4d7800 DEOPT PACKING pc=0x0000016c654d46fd sp=0x0000000d071fe400
Event: 10173.867 Thread 0x0000016c7b4d7800 DEOPT UNPACKING pc=0x0000016c60ca6dde sp=0x0000000d071fe020 mode 0

Classes redefined (0 events):
No events

Internal exceptions (20 events):
Event: 10163.848 Thread 0x0000016c77930800 Exception <a 'sun/nio/fs/WindowsException'{0x000000008c329290}> (0x000000008c329290) thrown at [./src/hotspot/share/prims/jni.cpp, line 615]
Event: 10163.848 Thread 0x0000016c77930800 Exception <a 'sun/nio/fs/WindowsException'{0x000000008c329400}> (0x000000008c329400) thrown at [./src/hotspot/share/prims/jni.cpp, line 615]
Event: 10163.862 Thread 0x0000016c77930800 Exception <a 'sun/nio/fs/WindowsException'{0x000000008c38fd58}> (0x000000008c38fd58) thrown at [./src/hotspot/share/prims/jni.cpp, line 615]
Event: 10163.862 Thread 0x0000016c77930800 Exception <a 'sun/nio/fs/WindowsException'{0x000000008c38feb8}> (0x000000008c38feb8) thrown at [./src/hotspot/share/prims/jni.cpp, line 615]
Event: 10163.866 Thread 0x0000016c77930800 Exception <a 'sun/nio/fs/WindowsException'{0x000000008c24b918}> (0x000000008c24b918) thrown at [./src/hotspot/share/prims/jni.cpp, line 615]
Event: 10163.866 Thread 0x0000016c77930800 Exception <a 'sun/nio/fs/WindowsException'{0x000000008c24ba70}> (0x000000008c24ba70) thrown at [./src/hotspot/share/prims/jni.cpp, line 615]
Event: 10163.875 Thread 0x0000016c77930800 Exception <a 'sun/nio/fs/WindowsException'{0x000000008c2b76b0}> (0x000000008c2b76b0) thrown at [./src/hotspot/share/prims/jni.cpp, line 615]
Event: 10163.875 Thread 0x0000016c77930800 Exception <a 'sun/nio/fs/WindowsException'{0x000000008c2b7800}> (0x000000008c2b7800) thrown at [./src/hotspot/share/prims/jni.cpp, line 615]
Event: 10163.888 Thread 0x0000016c77930800 Exception <a 'sun/nio/fs/WindowsException'{0x000000008c1d59b0}> (0x000000008c1d59b0) thrown at [./src/hotspot/share/prims/jni.cpp, line 615]
Event: 10163.888 Thread 0x0000016c77930800 Exception <a 'sun/nio/fs/WindowsException'{0x000000008c1d5b08}> (0x000000008c1d5b08) thrown at [./src/hotspot/share/prims/jni.cpp, line 615]
Event: 10163.891 Thread 0x0000016c77930800 Exception <a 'sun/nio/fs/WindowsException'{0x000000008c009a30}> (0x000000008c009a30) thrown at [./src/hotspot/share/prims/jni.cpp, line 615]
Event: 10163.891 Thread 0x0000016c77930800 Exception <a 'sun/nio/fs/WindowsException'{0x000000008c009b80}> (0x000000008c009b80) thrown at [./src/hotspot/share/prims/jni.cpp, line 615]
Event: 10163.964 Thread 0x0000016c77930800 Exception <a 'sun/nio/fs/WindowsException'{0x000000008e42aff0}> (0x000000008e42aff0) thrown at [./src/hotspot/share/prims/jni.cpp, line 615]
Event: 10163.964 Thread 0x0000016c77930800 Exception <a 'sun/nio/fs/WindowsException'{0x000000008e42b140}> (0x000000008e42b140) thrown at [./src/hotspot/share/prims/jni.cpp, line 615]
Event: 10164.443 Thread 0x0000016c77938000 Implicit null exception at 0x0000016c687a9529 to 0x0000016c687a9610
Event: 10164.679 Thread 0x0000016c788a1000 Exception <a 'sun/nio/fs/WindowsException'{0x000000008e405820}> (0x000000008e405820) thrown at [./src/hotspot/share/prims/jni.cpp, line 615]
Event: 10165.738 Thread 0x0000016c788a0000 Exception <a 'sun/nio/fs/WindowsException'{0x000000008e50cf70}> (0x000000008e50cf70) thrown at [./src/hotspot/share/prims/jni.cpp, line 615]
Event: 10165.906 Thread 0x0000016c788a0000 Implicit null exception at 0x0000016c6a3a12c1 to 0x0000016c6a3a92fc
Event: 10171.704 Thread 0x0000016c788a0000 Exception <a 'sun/nio/fs/WindowsException'{0x000000008de88388}> (0x000000008de88388) thrown at [./src/hotspot/share/prims/jni.cpp, line 615]
Event: 10172.051 Thread 0x0000016c77939000 Exception <a 'sun/nio/fs/WindowsException'{0x000000008d593cd8}> (0x000000008d593cd8) thrown at [./src/hotspot/share/prims/jni.cpp, line 615]

Events (20 events):
Event: 10173.931 Executing coalesced safepoint VM operation: RevokeBias
Event: 10173.931 Executing coalesced safepoint VM operation: RevokeBias done
Event: 10173.931 Executing VM operation: RevokeBias done
Event: 10173.934 Executing VM operation: RevokeBias
Event: 10173.935 Executing coalesced safepoint VM operation: RevokeBias
Event: 10173.935 Executing coalesced safepoint VM operation: RevokeBias done
Event: 10173.935 Executing VM operation: RevokeBias done
Event: 10173.935 Executing VM operation: RevokeBias
Event: 10173.935 Executing coalesced safepoint VM operation: RevokeBias
Event: 10173.935 Executing coalesced safepoint VM operation: RevokeBias done
Event: 10173.935 Executing coalesced safepoint VM operation: RevokeBias
Event: 10173.935 Executing coalesced safepoint VM operation: RevokeBias done
Event: 10173.935 Executing VM operation: RevokeBias done
Event: 10173.935 Executing VM operation: RevokeBias
Event: 10173.935 Executing coalesced safepoint VM operation: RevokeBias
Event: 10173.935 Executing coalesced safepoint VM operation: RevokeBias done
Event: 10173.935 Executing coalesced safepoint VM operation: BulkRevokeBias
Event: 10173.937 Executing coalesced safepoint VM operation: BulkRevokeBias done
Event: 10173.937 Executing VM operation: RevokeBias done
Event: 10174.017 Executing VM operation: G1CollectForAllocation


Dynamic libraries:
0x00007ff7aebf0000 - 0x00007ff7aebfa000 	C:\Program Files\Android\Android Studio\jre\bin\java.exe
0x00007ffa67ba0000 - 0x00007ffa67da9000 	C:\Windows\SYSTEM32\ntdll.dll
0x00007ffa66b70000 - 0x00007ffa66c2d000 	C:\Windows\System32\KERNEL32.DLL
0x00007ffa650c0000 - 0x00007ffa65434000 	C:\Windows\System32\KERNELBASE.dll
0x00007ffa655e0000 - 0x00007ffa656f1000 	C:\Windows\System32\ucrtbase.dll
0x00007ffa3f300000 - 0x00007ffa3f319000 	C:\Program Files\Android\Android Studio\jre\bin\jli.dll
0x00007ffa3da00000 - 0x00007ffa3da17000 	C:\Program Files\Android\Android Studio\jre\bin\VCRUNTIME140.dll
0x00007ffa67710000 - 0x00007ffa678bc000 	C:\Windows\System32\USER32.dll
0x00007ffa65090000 - 0x00007ffa650b6000 	C:\Windows\System32\win32u.dll
0x00007ffa65ca0000 - 0x00007ffa65cc9000 	C:\Windows\System32\GDI32.dll
0x00007ffa55a00000 - 0x00007ffa55ca5000 	C:\Windows\WinSxS\amd64_microsoft.windows.common-controls_6595b64144ccf1df_6.0.22000.120_none_9d947278b86cc467\COMCTL32.dll
0x00007ffa66c50000 - 0x00007ffa66cf3000 	C:\Windows\System32\msvcrt.dll
0x00007ffa654c0000 - 0x00007ffa655d2000 	C:\Windows\System32\gdi32full.dll
0x00007ffa65770000 - 0x00007ffa6580d000 	C:\Windows\System32\msvcp_win.dll
0x00007ffa65cd0000 - 0x00007ffa65d01000 	C:\Windows\System32\IMM32.DLL
0x00007ffa24cf0000 - 0x00007ffa24d8d000 	C:\Program Files\Android\Android Studio\jre\bin\msvcp140.dll
0x00007ffa12cb0000 - 0x00007ffa13785000 	C:\Program Files\Android\Android Studio\jre\bin\server\jvm.dll
0x00007ffa667a0000 - 0x00007ffa6684e000 	C:\Windows\System32\ADVAPI32.dll
0x00007ffa66360000 - 0x00007ffa663fe000 	C:\Windows\System32\sechost.dll
0x00007ffa65a50000 - 0x00007ffa65b70000 	C:\Windows\System32\RPCRT4.dll
0x00007ffa67a70000 - 0x00007ffa67a78000 	C:\Windows\System32\PSAPI.DLL
0x00007ffa5f3f0000 - 0x00007ffa5f423000 	C:\Windows\SYSTEM32\WINMM.dll
0x00007ffa61d60000 - 0x00007ffa61d69000 	C:\Windows\SYSTEM32\WSOCK32.dll
0x00007ffa5e860000 - 0x00007ffa5e86a000 	C:\Windows\SYSTEM32\VERSION.dll
0x00007ffa66850000 - 0x00007ffa668bf000 	C:\Windows\System32\WS2_32.dll
0x00007ffa64190000 - 0x00007ffa641a8000 	C:\Windows\SYSTEM32\kernel.appcore.dll
0x00007ffa55ea0000 - 0x00007ffa55eb1000 	C:\Program Files\Android\Android Studio\jre\bin\verify.dll
0x00007ffa4f070000 - 0x00007ffa4f291000 	C:\Windows\SYSTEM32\DBGHELP.DLL
0x00007ffa4ec70000 - 0x00007ffa4eca1000 	C:\Windows\SYSTEM32\dbgcore.DLL
0x00007ffa65440000 - 0x00007ffa654bf000 	C:\Windows\System32\bcryptPrimitives.dll
0x00007ffa53980000 - 0x00007ffa539a9000 	C:\Program Files\Android\Android Studio\jre\bin\java.dll
0x00007ffa5a9b0000 - 0x00007ffa5a9bb000 	C:\Program Files\Android\Android Studio\jre\bin\jimage.dll
0x00007ffa542e0000 - 0x00007ffa542f8000 	C:\Program Files\Android\Android Studio\jre\bin\zip.dll
0x00007ffa66d60000 - 0x00007ffa6750e000 	C:\Windows\System32\SHELL32.dll
0x00007ffa63200000 - 0x00007ffa63a68000 	C:\Windows\SYSTEM32\windows.storage.dll
0x00007ffa66400000 - 0x00007ffa66778000 	C:\Windows\System32\combase.dll
0x00007ffa63090000 - 0x00007ffa631f6000 	C:\Windows\SYSTEM32\wintypes.dll
0x00007ffa66270000 - 0x00007ffa6635a000 	C:\Windows\System32\SHCORE.dll
0x00007ffa67510000 - 0x00007ffa6756d000 	C:\Windows\System32\shlwapi.dll
0x00007ffa64fc0000 - 0x00007ffa64fe1000 	C:\Windows\SYSTEM32\profapi.dll
0x00007ffa53960000 - 0x00007ffa5397a000 	C:\Program Files\Android\Android Studio\jre\bin\net.dll
0x00007ffa5f430000 - 0x00007ffa5f53c000 	C:\Windows\SYSTEM32\WINHTTP.dll
0x00007ffa645c0000 - 0x00007ffa64627000 	C:\Windows\system32\mswsock.dll
0x00007ffa53940000 - 0x00007ffa53954000 	C:\Program Files\Android\Android Studio\jre\bin\nio.dll
0x00007ffa58c30000 - 0x00007ffa58c57000 	C:\Users\Administrator\.gradle\native\e1d6ef7f7dcc3fd88c89a11ec53ec762bb8ba0a96d01ffa2cd45eb1d1d8dd5c5\windows-amd64\native-platform.dll
0x00007ffa21e20000 - 0x00007ffa21f64000 	C:\Users\Administrator\.gradle\native\5664cfc778a61ccfe75a443a1ab52a65af34e5dc3c78e0209fed803814484fcb\windows-amd64\native-platform-file-events.dll
0x00007ffa58b80000 - 0x00007ffa58b8a000 	C:\Program Files\Android\Android Studio\jre\bin\management.dll
0x00007ffa55e90000 - 0x00007ffa55e9d000 	C:\Program Files\Android\Android Studio\jre\bin\management_ext.dll
0x00007ffa64810000 - 0x00007ffa64828000 	C:\Windows\SYSTEM32\CRYPTSP.dll
0x00007ffa640f0000 - 0x00007ffa64125000 	C:\Windows\system32\rsaenh.dll
0x00007ffa646b0000 - 0x00007ffa646d9000 	C:\Windows\SYSTEM32\USERENV.dll
0x00007ffa64980000 - 0x00007ffa649a7000 	C:\Windows\SYSTEM32\bcrypt.dll
0x00007ffa64800000 - 0x00007ffa6480c000 	C:\Windows\SYSTEM32\CRYPTBASE.dll
0x00007ffa63cc0000 - 0x00007ffa63ced000 	C:\Windows\SYSTEM32\IPHLPAPI.DLL
0x00007ffa66c30000 - 0x00007ffa66c39000 	C:\Windows\System32\NSI.dll
0x00007ffa5ef20000 - 0x00007ffa5ef39000 	C:\Windows\SYSTEM32\dhcpcsvc6.DLL
0x00007ffa607c0000 - 0x00007ffa607de000 	C:\Windows\SYSTEM32\dhcpcsvc.DLL
0x00007ffa63cf0000 - 0x00007ffa63dd7000 	C:\Windows\SYSTEM32\DNSAPI.dll
0x00007ffa62a40000 - 0x00007ffa62a74000 	C:\Windows\SYSTEM32\ntmarta.dll
0x00007ffa45260000 - 0x00007ffa45287000 	C:\Program Files\Android\Android Studio\jre\bin\sunec.dll
0x00007ffa5e5a0000 - 0x00007ffa5e5aa000 	C:\Windows\System32\rasadhlp.dll
0x00007ffa5d930000 - 0x00007ffa5d9b1000 	C:\Windows\System32\fwpuclnt.dll

dbghelp: loaded successfully - version: 4.0.5 - missing functions: none
symbol engine: initialized successfully - sym options: 0x614 - pdb path: .;C:\Program Files\Android\Android Studio\jre\bin;C:\Windows\SYSTEM32;C:\Windows\WinSxS\amd64_microsoft.windows.common-controls_6595b64144ccf1df_6.0.22000.120_none_9d947278b86cc467;C:\Program Files\Android\Android Studio\jre\bin\server;C:\Users\Administrator\.gradle\native\e1d6ef7f7dcc3fd88c89a11ec53ec762bb8ba0a96d01ffa2cd45eb1d1d8dd5c5\windows-amd64;C:\Users\Administrator\.gradle\native\5664cfc778a61ccfe75a443a1ab52a65af34e5dc3c78e0209fed803814484fcb\windows-amd64

VM Arguments:
jvm_args: --add-opens=java.base/java.util=ALL-UNNAMED --add-opens=java.base/java.lang=ALL-UNNAMED --add-opens=java.base/java.lang.invoke=ALL-UNNAMED --add-opens=java.base/java.util=ALL-UNNAMED --add-opens=java.prefs/java.util.prefs=ALL-UNNAMED --add-opens=java.prefs/java.util.prefs=ALL-UNNAMED --add-opens=java.base/java.nio.charset=ALL-UNNAMED --add-opens=java.base/java.net=ALL-UNNAMED --add-opens=java.base/java.util.concurrent.atomic=ALL-UNNAMED -Xmx2048m -Dfile.encoding=UTF-8 -Duser.country=US -Duser.language=en -Duser.variant 
java_command: org.gradle.launcher.daemon.bootstrap.GradleDaemon 7.2
java_class_path (initial): C:\Users\Administrator\.gradle\wrapper\dists\gradle-7.2-bin\2dnblmf4td7x66yl1d74lt32g\gradle-7.2\lib\gradle-launcher-7.2.jar
Launcher Type: SUN_STANDARD

[Global flags]
     intx CICompilerCount                          = 3                                         {product} {ergonomic}
     uint ConcGCThreads                            = 1                                         {product} {ergonomic}
     uint G1ConcRefinementThreads                  = 4                                         {product} {ergonomic}
   size_t G1HeapRegionSize                         = 1048576                                   {product} {ergonomic}
    uintx GCDrainStackTargetSize                   = 64                                        {product} {ergonomic}
   size_t InitialHeapSize                          = 201326592                                 {product} {ergonomic}
   size_t MarkStackSize                            = 4194304                                   {product} {ergonomic}
   size_t MaxHeapSize                              = 2147483648                                {product} {command line}
   size_t MaxNewSize                               = 1287651328                                {product} {ergonomic}
   size_t MinHeapDeltaBytes                        = 1048576                                   {product} {ergonomic}
    uintx NonNMethodCodeHeapSize                   = 5830732                                {pd product} {ergonomic}
    uintx NonProfiledCodeHeapSize                  = 122913754                              {pd product} {ergonomic}
    uintx ProfiledCodeHeapSize                     = 122913754                              {pd product} {ergonomic}
    uintx ReservedCodeCacheSize                    = 251658240                              {pd product} {ergonomic}
     bool SegmentedCodeCache                       = true                                      {product} {ergonomic}
     bool UseCompressedClassPointers               = true                                 {lp64_product} {ergonomic}
     bool UseCompressedOops                        = true                                 {lp64_product} {ergonomic}
     bool UseG1GC                                  = true                                      {product} {ergonomic}
     bool UseLargePagesIndividualAllocation        = false                                  {pd product} {ergonomic}

Logging:
Log output configuration:
 #0: stdout all=warning uptime,level,tags
 #1: stderr all=off uptime,level,tags

Environment Variables:
JAVA_HOME=C:\Program Files\Java\jdk-16
PATH=C:\Program Files\Python37\Scripts\;C:\Program Files\Python37\;C:\Program Files\Common Files\Oracle\Java\javapath;C:\Python39\Scripts\;C:\Python39\;C:\Program Files\Microsoft MPI\Bin\;C:\Program Files (x86)\VMware\VMware Workstation\bin\;C:\Windows\system32;C:\Windows;C:\Windows\System32\Wbem;C:\Windows\System32\WindowsPowerShell\v1.0\;C:\Windows\System32\OpenSSH\;C:\Program Files\Java\jdk-16\bin;D:\WEB\apache-maven-3.6.0\bin;C:\Program Files (x86)\Microsoft SQL Server\150\Tools\Binn\;C:\Program Files\Microsoft SQL Server\150\Tools\Binn\;C:\Program Files (x86)\Microsoft SQL Server\150\DTS\Binn\;C:\Program Files\Microsoft SQL Server\150\DTS\Binn\;C:\Program Files\Microsoft SQL Server\Client SDK\ODBC\170\Tools\Binn\;C:\Program Files\dotnet\;C:\ProgramData\chocolatey\bin;C:\Program Files\Microsoft SQL Server\130\Tools\Binn\;C:\Program Files\nodejs\;C:\Program Files\Git\cmd;C:\Program Files\Git\bin;C:\Program Files\CMake\bin;C:\Program Files\PuTTY\;C:\Users\Administrator\AppData\Local\Microsoft\WindowsApps;C:\Program Files\heroku\bin;C:\Users\Administrator\AppData\Local\Programs\Microsoft VS Code\bin;C:\Users\Administrator\AppData\Local\GitHubDesktop\bin;C:\Program Files\Azure Data Studio\bin;C:\Users\Administrator\.dotnet\tools;C:\Users\Administrator\AppData\Roaming\npm;C:\Program Files\JetBrains\IntelliJ IDEA Community Edition 2021.3.3\bin;
USERNAME=Administrator
OS=Windows_NT
PROCESSOR_IDENTIFIER=Intel64 Family 6 Model 78 Stepping 3, GenuineIntel



---------------  S Y S T E M  ---------------

OS: Windows 10 , 64 bit Build 22000 (10.0.22000.434)
OS uptime: 6 days 10:21 hours

CPU:total 4 (initial active 4) (2 cores per cpu, 2 threads per core) family 6 model 78 stepping 3 microcode 0xd6, cmov, cx8, fxsr, mmx, sse, sse2, sse3, ssse3, sse4.1, sse4.2, popcnt, avx, avx2, aes, clmul, erms, 3dnowpref, lzcnt, ht, tsc, tscinvbit, bmi1, bmi2, adx, fma

Memory: 4k page, system-wide physical 12178M (873M free)
TotalPageFile size 14226M (AvailPageFile size 122M)
current process WorkingSet (physical memory assigned to process): 712M, peak: 714M
current process commit charge ("private bytes"): 820M, peak: 1225M

vm_info: OpenJDK 64-Bit Server VM (11.0.11+9-b60-7590822) for windows-amd64 JRE (11.0.11+9-b60-7590822), built on Jul 29 2021 21:43:44 by "builder" with MS VC++ 14.0 (VS2015)

END.
