#
# There is insufficient memory for the Java Runtime Environment to continue.
# Native memory allocation (malloc) failed to allocate 1944976 bytes for Chunk::new
# Possible reasons:
#   The system is out of physical RAM or swap space
#   The process is running with CompressedOops enabled, and the Java Heap may be blocking the growth of the native heap
# Possible solutions:
#   Reduce memory load on the system
#   Increase physical memory or swap space
#   Check if swap backing store is full
#   Decrease Java heap size (-Xmx/-Xms)
#   Decrease number of Java threads
#   Decrease Java thread stack sizes (-Xss)
#   Set larger code cache with -XX:ReservedCodeCacheSize=
#   JVM is running with Unscaled Compressed Oops mode in which the Java heap is
#     placed in the first 4GB address space. The Java Heap base address is the
#     maximum limit for the native heap growth. Please use -XX:HeapBaseMinAddress
#     to set the Java Heap base and to place the Java Heap above 4GB virtual address.
# This output file may be truncated or incomplete.
#
#  Out of Memory Error (./src/hotspot/share/memory/arena.cpp:197), pid=10764, tid=6836
#
# JRE version: OpenJDK Runtime Environment (11.0.11+9) (build 11.0.11+9-b60-7590822)
# Java VM: OpenJDK 64-Bit Server VM (11.0.11+9-b60-7590822, mixed mode, tiered, compressed oops, g1 gc, windows-amd64)
# No core dump will be written. Minidumps are not enabled by default on client versions of Windows
#

---------------  S U M M A R Y ------------

Command Line: --add-opens=java.base/java.util=ALL-UNNAMED --add-opens=java.base/java.lang=ALL-UNNAMED --add-opens=java.base/java.lang.invoke=ALL-UNNAMED --add-opens=java.base/java.util=ALL-UNNAMED --add-opens=java.prefs/java.util.prefs=ALL-UNNAMED --add-opens=java.prefs/java.util.prefs=ALL-UNNAMED --add-opens=java.base/java.nio.charset=ALL-UNNAMED --add-opens=java.base/java.net=ALL-UNNAMED --add-opens=java.base/java.util.concurrent.atomic=ALL-UNNAMED -Xmx2048m -Dfile.encoding=UTF-8 -Duser.country=US -Duser.language=en -Duser.variant org.gradle.launcher.daemon.bootstrap.GradleDaemon 7.2

Host: Intel(R) Core(TM) i3-6006U CPU @ 2.00GHz, 4 cores, 11G,  Windows 10 , 64 bit Build 22000 (10.0.22000.675)
Time: Mon May 16 23:34:26 2022 SE Asia Standard Time elapsed time: 90.461650 seconds (0d 0h 1m 30s)

---------------  T H R E A D  ---------------

Current thread (0x000001899710d000):  JavaThread "C2 CompilerThread1" daemon [_thread_in_native, id=6836, stack(0x00000080a0500000,0x00000080a0600000)]


Current CompileTask:
C2:  90461 14080       4       com.android.tools.r8.internal.T6::a (4191 bytes)

Stack: [0x00000080a0500000,0x00000080a0600000]
Native frames: (J=compiled Java code, j=interpreted, Vv=VM code, C=native code)
V  [jvm.dll+0x5f214a]
V  [jvm.dll+0x726fb5]
V  [jvm.dll+0x7285cd]
V  [jvm.dll+0x728c83]
V  [jvm.dll+0x243278]
V  [jvm.dll+0xbc53c]
V  [jvm.dll+0xbca3c]
V  [jvm.dll+0x353e7d]
V  [jvm.dll+0x19895c]
V  [jvm.dll+0x1fc2ee]
V  [jvm.dll+0x1fb3d4]
V  [jvm.dll+0x183d6c]
V  [jvm.dll+0x209a57]
V  [jvm.dll+0x2082a1]
V  [jvm.dll+0x6ef58f]
V  [jvm.dll+0x6e80b5]
V  [jvm.dll+0x5f1036]
C  [ucrtbase.dll+0x26c0c]
C  [KERNEL32.DLL+0x154e0]
C  [ntdll.dll+0x485b]


---------------  P R O C E S S  ---------------

Threads class SMR info:
_java_thread_list=0x000001899f687e60, length=90, elements={
0x00000189f712d800, 0x00000189ffd46800, 0x00000189ffd50000, 0x00000189ffd59000,
0x0000018991850800, 0x0000018991853800, 0x000001899185d800, 0x000001899185f800,
0x0000018991869000, 0x00000189919d5800, 0x0000018993bb9000, 0x00000189928e0000,
0x0000018993098800, 0x0000018993f1d800, 0x00000189932a4000, 0x00000189932ba000,
0x0000018992b96000, 0x0000018991dff800, 0x0000018993faf000, 0x0000018993fae000,
0x0000018993fad800, 0x0000018993faf800, 0x0000018993fb3000, 0x0000018993fb0800,
0x0000018993fb2000, 0x0000018993fb4000, 0x0000018993fb1800, 0x000001899389a800,
0x0000018993897800, 0x0000018993899800, 0x0000018993896800, 0x0000018993899000,
0x000001899389e800, 0x00000189938a0800, 0x00000189938a1000, 0x000001899389c000,
0x000001899389f800, 0x00000189938a2000, 0x00000189938a2800, 0x000001899389d000,
0x000001899389e000, 0x00000189938a3800, 0x00000189938a4800, 0x0000018992d09000,
0x0000018992d0c800, 0x0000018992d0a800, 0x0000018992d07800, 0x0000018992d0d000,
0x0000018992d0e000, 0x0000018992d0b800, 0x0000018992d08800, 0x0000018992d0f000,
0x0000018992d0f800, 0x0000018992d0a000, 0x0000018992d14800, 0x0000018992d16000,
0x0000018992d12000, 0x0000018992d13000, 0x0000018992d10800, 0x0000018992d13800,
0x0000018992d15800, 0x0000018992d11000, 0x0000018993bf5000, 0x0000018993bf2800,
0x0000018993bf6000, 0x0000018993bf0800, 0x0000018993bf2000, 0x0000018993bf7000,
0x0000018993bf3800, 0x0000018993bf1000, 0x0000018993bf7800, 0x0000018993bf4800,
0x0000018993bfb000, 0x0000018993bfd800, 0x0000018993bfb800, 0x0000018993bfe000,
0x0000018993bfc800, 0x0000018993bff000, 0x0000018993bf9000, 0x0000018993bfa000,
0x000001899a8d9000, 0x000001899a8dc000, 0x000001899a8d9800, 0x000001899a8db000,
0x000001899a8d7000, 0x000001899a8da800, 0x000001899a8d6800, 0x000001899a8dd800,
0x000001899a8dd000, 0x000001899710d000
}

Java Threads: ( => current thread )
  0x00000189f712d800 JavaThread "main" [_thread_blocked, id=11932, stack(0x000000809e900000,0x000000809ea00000)]
  0x00000189ffd46800 JavaThread "Reference Handler" daemon [_thread_blocked, id=7024, stack(0x000000809f000000,0x000000809f100000)]
  0x00000189ffd50000 JavaThread "Finalizer" daemon [_thread_blocked, id=11268, stack(0x000000809f100000,0x000000809f200000)]
  0x00000189ffd59000 JavaThread "Signal Dispatcher" daemon [_thread_blocked, id=5352, stack(0x000000809f200000,0x000000809f300000)]
  0x0000018991850800 JavaThread "Attach Listener" daemon [_thread_blocked, id=11412, stack(0x000000809f300000,0x000000809f400000)]
  0x0000018991853800 JavaThread "Service Thread" daemon [_thread_blocked, id=9472, stack(0x000000809f400000,0x000000809f500000)]
  0x000001899185d800 JavaThread "C2 CompilerThread0" daemon [_thread_in_native, id=11848, stack(0x000000809f500000,0x000000809f600000)]
  0x000001899185f800 JavaThread "C1 CompilerThread0" daemon [_thread_blocked, id=7832, stack(0x000000809f600000,0x000000809f700000)]
  0x0000018991869000 JavaThread "Sweeper thread" daemon [_thread_blocked, id=12744, stack(0x000000809f700000,0x000000809f800000)]
  0x00000189919d5800 JavaThread "Common-Cleaner" daemon [_thread_blocked, id=3684, stack(0x000000809f800000,0x000000809f900000)]
  0x0000018993bb9000 JavaThread "Daemon health stats" [_thread_blocked, id=2460, stack(0x000000809fe00000,0x000000809ff00000)]
  0x00000189928e0000 JavaThread "Incoming local TCP Connector on port 60918" [_thread_in_native, id=8132, stack(0x000000809fa00000,0x000000809fb00000)]
  0x0000018993098800 JavaThread "Daemon periodic checks" [_thread_blocked, id=768, stack(0x000000809ff00000,0x00000080a0000000)]
  0x0000018993f1d800 JavaThread "Daemon" [_thread_blocked, id=11220, stack(0x00000080a0000000,0x00000080a0100000)]
  0x00000189932a4000 JavaThread "Handler for socket connection from /127.0.0.1:60918 to /127.0.0.1:60919" [_thread_in_native, id=1352, stack(0x00000080a0100000,0x00000080a0200000)]
  0x00000189932ba000 JavaThread "Cancel handler" [_thread_blocked, id=6300, stack(0x00000080a0200000,0x00000080a0300000)]
  0x0000018992b96000 JavaThread "Daemon worker" [_thread_blocked, id=8000, stack(0x00000080a0300000,0x00000080a0400000)]
  0x0000018991dff800 JavaThread "Asynchronous log dispatcher for DefaultDaemonConnection: socket connection from /127.0.0.1:60918 to /127.0.0.1:60919" [_thread_blocked, id=14188, stack(0x00000080a0400000,0x00000080a0500000)]
  0x0000018993faf000 JavaThread "Daemon client event forwarder" [_thread_blocked, id=14172, stack(0x00000080a0600000,0x00000080a0700000)]
  0x0000018993fae000 JavaThread "Cache worker for journal cache (C:\Users\Administrator\.gradle\caches\journal-1)" [_thread_blocked, id=5528, stack(0x00000080a0700000,0x00000080a0800000)]
  0x0000018993fad800 JavaThread "File lock request listener" [_thread_in_native, id=8800, stack(0x00000080a0800000,0x00000080a0900000)]
  0x0000018993faf800 JavaThread "Cache worker for file hash cache (C:\Users\Administrator\.gradle\caches\7.2\fileHashes)" [_thread_blocked, id=11656, stack(0x00000080a0900000,0x00000080a0a00000)]
  0x0000018993fb3000 JavaThread "Cache worker for file hash cache (D:\HT\hk6\LTDD\Homework\ZaloChat\.gradle\7.2\fileHashes)" [_thread_blocked, id=8448, stack(0x00000080a0b00000,0x00000080a0c00000)]
  0x0000018993fb0800 JavaThread "File watcher server" daemon [_thread_in_native, id=2196, stack(0x00000080a0c00000,0x00000080a0d00000)]
  0x0000018993fb2000 JavaThread "File watcher consumer" daemon [_thread_blocked, id=9120, stack(0x00000080a0d00000,0x00000080a0e00000)]
  0x0000018993fb4000 JavaThread "Cache worker for checksums cache (D:\HT\hk6\LTDD\Homework\ZaloChat\.gradle\checksums)" [_thread_blocked, id=5508, stack(0x00000080a0a00000,0x00000080a0b00000)]
  0x0000018993fb1800 JavaThread "Cache worker for cache directory md-supplier (C:\Users\Administrator\.gradle\caches\7.2\md-supplier)" [_thread_blocked, id=8420, stack(0x00000080a0e00000,0x00000080a0f00000)]
  0x000001899389a800 JavaThread "Cache worker for cache directory md-rule (C:\Users\Administrator\.gradle\caches\7.2\md-rule)" [_thread_blocked, id=8324, stack(0x00000080a1000000,0x00000080a1100000)]
  0x0000018993897800 JavaThread "Cache worker for execution history cache (C:\Users\Administrator\.gradle\caches\7.2\executionHistory)" [_thread_blocked, id=12636, stack(0x00000080a1100000,0x00000080a1200000)]
  0x0000018993899800 JavaThread "jar transforms" [_thread_blocked, id=8656, stack(0x00000080a1200000,0x00000080a1300000)]
  0x0000018993896800 JavaThread "Cache worker for file content cache (C:\Users\Administrator\.gradle\caches\7.2\fileContent)" [_thread_blocked, id=508, stack(0x00000080a0f00000,0x00000080a1000000)]
  0x0000018993899000 JavaThread "jar transforms Thread 2" [_thread_blocked, id=4480, stack(0x00000080a1400000,0x00000080a1500000)]
  0x000001899389e800 JavaThread "Cache worker for dependencies-accessors (D:\HT\hk6\LTDD\Homework\ZaloChat\.gradle\7.2\dependencies-accessors)" [_thread_blocked, id=6824, stack(0x00000080a1500000,0x00000080a1600000)]
  0x00000189938a0800 JavaThread "jar transforms Thread 3" [_thread_blocked, id=11692, stack(0x00000080a1600000,0x00000080a1700000)]
  0x00000189938a1000 JavaThread "Cache worker for Build Output Cleanup Cache (D:\HT\hk6\LTDD\Homework\ZaloChat\.gradle\buildOutputCleanup)" [_thread_blocked, id=7788, stack(0x00000080a1300000,0x00000080a1400000)]
  0x000001899389c000 JavaThread "Unconstrained build operations" [_thread_blocked, id=7904, stack(0x00000080a1700000,0x00000080a1800000)]
  0x000001899389f800 JavaThread "Unconstrained build operations Thread 2" [_thread_blocked, id=11660, stack(0x00000080a1800000,0x00000080a1900000)]
  0x00000189938a2000 JavaThread "Unconstrained build operations Thread 3" [_thread_blocked, id=788, stack(0x00000080a1900000,0x00000080a1a00000)]
  0x00000189938a2800 JavaThread "Unconstrained build operations Thread 4" [_thread_blocked, id=10720, stack(0x00000080a1a00000,0x00000080a1b00000)]
  0x000001899389d000 JavaThread "Unconstrained build operations Thread 5" [_thread_blocked, id=8080, stack(0x00000080a1b00000,0x00000080a1c00000)]
  0x000001899389e000 JavaThread "Unconstrained build operations Thread 6" [_thread_blocked, id=9056, stack(0x00000080a1c00000,0x00000080a1d00000)]
  0x00000189938a3800 JavaThread "Unconstrained build operations Thread 7" [_thread_blocked, id=11916, stack(0x00000080a1d00000,0x00000080a1e00000)]
  0x00000189938a4800 JavaThread "Unconstrained build operations Thread 8" [_thread_blocked, id=5600, stack(0x00000080a1e00000,0x00000080a1f00000)]
  0x0000018992d09000 JavaThread "Unconstrained build operations Thread 9" [_thread_blocked, id=12988, stack(0x00000080a1f00000,0x00000080a2000000)]
  0x0000018992d0c800 JavaThread "Unconstrained build operations Thread 10" [_thread_blocked, id=12176, stack(0x00000080a2000000,0x00000080a2100000)]
  0x0000018992d0a800 JavaThread "Unconstrained build operations Thread 11" [_thread_blocked, id=4984, stack(0x00000080a2100000,0x00000080a2200000)]
  0x0000018992d07800 JavaThread "Unconstrained build operations Thread 12" [_thread_blocked, id=2024, stack(0x00000080a2200000,0x00000080a2300000)]
  0x0000018992d0d000 JavaThread "Unconstrained build operations Thread 13" [_thread_blocked, id=14124, stack(0x00000080a2300000,0x00000080a2400000)]
  0x0000018992d0e000 JavaThread "Unconstrained build operations Thread 14" [_thread_blocked, id=7036, stack(0x00000080a2400000,0x00000080a2500000)]
  0x0000018992d0b800 JavaThread "Unconstrained build operations Thread 15" [_thread_blocked, id=5960, stack(0x00000080a2500000,0x00000080a2600000)]
  0x0000018992d08800 JavaThread "Unconstrained build operations Thread 16" [_thread_blocked, id=13972, stack(0x00000080a2600000,0x00000080a2700000)]
  0x0000018992d0f000 JavaThread "Unconstrained build operations Thread 17" [_thread_blocked, id=2828, stack(0x00000080a2700000,0x00000080a2800000)]
  0x0000018992d0f800 JavaThread "Unconstrained build operations Thread 18" [_thread_blocked, id=3672, stack(0x00000080a2800000,0x00000080a2900000)]
  0x0000018992d0a000 JavaThread "Unconstrained build operations Thread 19" [_thread_in_vm, id=11256, stack(0x00000080a2900000,0x00000080a2a00000)]
  0x0000018992d14800 JavaThread "Unconstrained build operations Thread 20" [_thread_blocked, id=13192, stack(0x00000080a2a00000,0x00000080a2b00000)]
  0x0000018992d16000 JavaThread "Unconstrained build operations Thread 21" [_thread_blocked, id=7572, stack(0x00000080a2b00000,0x00000080a2c00000)]
  0x0000018992d12000 JavaThread "Unconstrained build operations Thread 22" [_thread_blocked, id=13240, stack(0x00000080a2c00000,0x00000080a2d00000)]
  0x0000018992d13000 JavaThread "Unconstrained build operations Thread 23" [_thread_blocked, id=12264, stack(0x00000080a2d00000,0x00000080a2e00000)]
  0x0000018992d10800 JavaThread "Unconstrained build operations Thread 24" [_thread_blocked, id=11512, stack(0x00000080a2e00000,0x00000080a2f00000)]
  0x0000018992d13800 JavaThread "Unconstrained build operations Thread 25" [_thread_blocked, id=7988, stack(0x00000080a2f00000,0x00000080a3000000)]
  0x0000018992d15800 JavaThread "Unconstrained build operations Thread 26" [_thread_blocked, id=1364, stack(0x00000080a3000000,0x00000080a3100000)]
  0x0000018992d11000 JavaThread "Unconstrained build operations Thread 27" [_thread_blocked, id=2780, stack(0x00000080a3100000,0x00000080a3200000)]
  0x0000018993bf5000 JavaThread "Unconstrained build operations Thread 28" [_thread_blocked, id=7388, stack(0x00000080a3200000,0x00000080a3300000)]
  0x0000018993bf2800 JavaThread "Unconstrained build operations Thread 29" [_thread_blocked, id=8400, stack(0x00000080a3300000,0x00000080a3400000)]
  0x0000018993bf6000 JavaThread "Unconstrained build operations Thread 30" [_thread_blocked, id=8032, stack(0x00000080a3400000,0x00000080a3500000)]
  0x0000018993bf0800 JavaThread "Unconstrained build operations Thread 31" [_thread_blocked, id=11528, stack(0x00000080a3500000,0x00000080a3600000)]
  0x0000018993bf2000 JavaThread "Unconstrained build operations Thread 32" [_thread_blocked, id=12964, stack(0x00000080a3600000,0x00000080a3700000)]
  0x0000018993bf7000 JavaThread "Unconstrained build operations Thread 33" [_thread_blocked, id=14064, stack(0x00000080a3700000,0x00000080a3800000)]
  0x0000018993bf3800 JavaThread "Unconstrained build operations Thread 34" [_thread_blocked, id=11672, stack(0x00000080a3800000,0x00000080a3900000)]
  0x0000018993bf1000 JavaThread "Unconstrained build operations Thread 35" [_thread_blocked, id=11728, stack(0x00000080a3900000,0x00000080a3a00000)]
  0x0000018993bf7800 JavaThread "Unconstrained build operations Thread 36" [_thread_blocked, id=13036, stack(0x00000080a3a00000,0x00000080a3b00000)]
  0x0000018993bf4800 JavaThread "Unconstrained build operations Thread 37" [_thread_blocked, id=11028, stack(0x00000080a3b00000,0x00000080a3c00000)]
  0x0000018993bfb000 JavaThread "Unconstrained build operations Thread 38" [_thread_blocked, id=11876, stack(0x00000080a3c00000,0x00000080a3d00000)]
  0x0000018993bfd800 JavaThread "Unconstrained build operations Thread 39" [_thread_blocked, id=948, stack(0x00000080a3d00000,0x00000080a3e00000)]
  0x0000018993bfb800 JavaThread "Unconstrained build operations Thread 40" [_thread_blocked, id=6480, stack(0x00000080a3e00000,0x00000080a3f00000)]
  0x0000018993bfe000 JavaThread "jar transforms Thread 4" [_thread_blocked, id=6120, stack(0x00000080a4000000,0x00000080a4100000)]
  0x0000018993bfc800 JavaThread "Memory manager" [_thread_blocked, id=1708, stack(0x00000080a4200000,0x00000080a4300000)]
  0x0000018993bff000 JavaThread "build event listener" [_thread_blocked, id=10056, stack(0x00000080a4300000,0x00000080a4400000)]
  0x0000018993bf9000 JavaThread "Execution worker for ':'" [_thread_blocked, id=940, stack(0x00000080a4400000,0x00000080a4500000)]
  0x0000018993bfa000 JavaThread "Execution worker for ':' Thread 2" [_thread_in_Java, id=6688, stack(0x00000080a4500000,0x00000080a4600000)]
  0x000001899a8d9000 JavaThread "Execution worker for ':' Thread 3" [_thread_blocked, id=11804, stack(0x00000080a4600000,0x00000080a4700000)]
  0x000001899a8dc000 JavaThread "Cache worker for execution history cache (D:\HT\hk6\LTDD\Homework\ZaloChat\.gradle\7.2\executionHistory)" [_thread_blocked, id=5488, stack(0x00000080a4700000,0x00000080a4800000)]
  0x000001899a8d9800 JavaThread "pool-2-thread-1" [_thread_blocked, id=2188, stack(0x00000080a4800000,0x00000080a4900000)]
  0x000001899a8db000 JavaThread "stderr" [_thread_in_native, id=5852, stack(0x00000080a4900000,0x00000080a4a00000)]
  0x000001899a8d7000 JavaThread "stdout" [_thread_in_native, id=3776, stack(0x00000080a4a00000,0x00000080a4b00000)]
  0x000001899a8da800 JavaThread "stderr" [_thread_in_native, id=12588, stack(0x000000809e700000,0x000000809e800000)]
  0x000001899a8d6800 JavaThread "stdout" [_thread_in_native, id=7496, stack(0x000000809e800000,0x000000809e900000)]
  0x000001899a8dd800 JavaThread "stderr" [_thread_in_native, id=2500, stack(0x00000080a4100000,0x00000080a4200000)]
  0x000001899a8dd000 JavaThread "stdout" [_thread_in_native, id=5720, stack(0x00000080a4b00000,0x00000080a4c00000)]
=>0x000001899710d000 JavaThread "C2 CompilerThread1" daemon [_thread_in_native, id=6836, stack(0x00000080a0500000,0x00000080a0600000)]

Other Threads:
  0x0000018991802800 VMThread "VM Thread" [stack: 0x000000809ef00000,0x000000809f000000] [id=5580] _threads_hazard_ptr=0x000001899f687e60
  0x00000189919db000 WatcherThread [stack: 0x000000809f900000,0x000000809fa00000] [id=11620]
  0x00000189f7148800 GCTaskThread "GC Thread#0" [stack: 0x000000809ea00000,0x000000809eb00000] [id=9936]
  0x0000018991e60800 GCTaskThread "GC Thread#1" [stack: 0x000000809fb00000,0x000000809fc00000] [id=2588]
  0x00000189923ce800 GCTaskThread "GC Thread#2" [stack: 0x000000809fc00000,0x000000809fd00000] [id=11436]
  0x00000189923cf000 GCTaskThread "GC Thread#3" [stack: 0x000000809fd00000,0x000000809fe00000] [id=13440]
  0x00000189f7179000 ConcurrentGCThread "G1 Main Marker" [stack: 0x000000809eb00000,0x000000809ec00000] [id=1500]
  0x00000189f717a800 ConcurrentGCThread "G1 Conc#0" [stack: 0x000000809ec00000,0x000000809ed00000] [id=2960]
  0x00000189ffb93800 ConcurrentGCThread "G1 Refine#0" [stack: 0x000000809ed00000,0x000000809ee00000] [id=2880]
  0x00000189ffb94000 ConcurrentGCThread "G1 Young RemSet Sampling" [stack: 0x000000809ee00000,0x000000809ef00000] [id=3944]

Threads with active compile tasks:
C2 CompilerThread0  90498 14100 %     4       com.android.tools.r8.internal.T6::a @ 2560 (6044 bytes)
C1 CompilerThread0  90498 14172       2       com.android.tools.r8.utils.V$$Lambda$1157/0x0000000100c02440::call (16 bytes)
C2 CompilerThread1  90498 14080       4       com.android.tools.r8.internal.T6::a (4191 bytes)

VM state:synchronizing (normal execution)

VM Mutex/Monitor currently owned by a thread:  ([mutex/lock_event])
[0x00000189f712a550] Safepoint_lock - owner thread: 0x0000018991802800
[0x00000189f7129aa0] Threads_lock - owner thread: 0x0000018991802800
[0x00000189f712b000] Compile_lock - owner thread: 0x0000018992d14800

Heap address: 0x0000000080000000, size: 2048 MB, Compressed Oops mode: 32-bit
Narrow klass base: 0x0000000000000000, Narrow klass shift: 3
Compressed class space size: 1073741824 Address: 0x0000000100000000

Heap:
 garbage-first heap   total 236544K, used 122880K [0x0000000080000000, 0x0000000100000000)
  region size 1024K, 28 young (28672K), 13 survivors (13312K)
 Metaspace       used 92967K, capacity 95397K, committed 95488K, reserved 1132544K
  class space    used 11855K, capacity 12741K, committed 12800K, reserved 1048576K
Heap Regions: E=young(eden), S=young(survivor), O=old, HS=humongous(starts), HC=humongous(continues), CS=collection set, F=free, A=archive, TAMS=top-at-mark-start (previous, next)
|   0|0x0000000080000000, 0x0000000080100000, 0x0000000080100000|100%| O|  |TAMS 0x0000000080100000, 0x0000000080000000| Untracked 
|   1|0x0000000080100000, 0x0000000080200000, 0x0000000080200000|100%| O|  |TAMS 0x0000000080200000, 0x0000000080100000| Untracked 
|   2|0x0000000080200000, 0x0000000080300000, 0x0000000080300000|100%| O|  |TAMS 0x0000000080300000, 0x0000000080200000| Untracked 
|   3|0x0000000080300000, 0x0000000080400000, 0x0000000080400000|100%|HS|  |TAMS 0x0000000080400000, 0x0000000080300000| Complete 
|   4|0x0000000080400000, 0x0000000080500000, 0x0000000080500000|100%|HC|  |TAMS 0x0000000080500000, 0x0000000080400000| Complete 
|   5|0x0000000080500000, 0x0000000080600000, 0x0000000080600000|100%|HC|  |TAMS 0x0000000080600000, 0x0000000080500000| Complete 
|   6|0x0000000080600000, 0x0000000080700000, 0x0000000080700000|100%| O|  |TAMS 0x0000000080700000, 0x0000000080600000| Untracked 
|   7|0x0000000080700000, 0x0000000080800000, 0x0000000080800000|100%| O|  |TAMS 0x0000000080800000, 0x0000000080700000| Untracked 
|   8|0x0000000080800000, 0x0000000080900000, 0x0000000080900000|100%| O|  |TAMS 0x0000000080900000, 0x0000000080800000| Untracked 
|   9|0x0000000080900000, 0x0000000080a00000, 0x0000000080a00000|100%| O|  |TAMS 0x0000000080a00000, 0x0000000080900000| Untracked 
|  10|0x0000000080a00000, 0x0000000080b00000, 0x0000000080b00000|100%| O|  |TAMS 0x0000000080b00000, 0x0000000080a00000| Untracked 
|  11|0x0000000080b00000, 0x0000000080c00000, 0x0000000080c00000|100%| O|  |TAMS 0x0000000080c00000, 0x0000000080b00000| Untracked 
|  12|0x0000000080c00000, 0x0000000080d00000, 0x0000000080d00000|100%| O|  |TAMS 0x0000000080d00000, 0x0000000080c00000| Untracked 
|  13|0x0000000080d00000, 0x0000000080e00000, 0x0000000080e00000|100%| O|  |TAMS 0x0000000080e00000, 0x0000000080d00000| Untracked 
|  14|0x0000000080e00000, 0x0000000080f00000, 0x0000000080f00000|100%| O|  |TAMS 0x0000000080f00000, 0x0000000080e00000| Untracked 
|  15|0x0000000080f00000, 0x0000000081000000, 0x0000000081000000|100%| O|  |TAMS 0x0000000081000000, 0x0000000080f00000| Untracked 
|  16|0x0000000081000000, 0x0000000081100000, 0x0000000081100000|100%| O|  |TAMS 0x0000000081100000, 0x0000000081000000| Untracked 
|  17|0x0000000081100000, 0x0000000081200000, 0x0000000081200000|100%| O|  |TAMS 0x0000000081200000, 0x0000000081100000| Untracked 
|  18|0x0000000081200000, 0x0000000081300000, 0x0000000081300000|100%| O|  |TAMS 0x0000000081300000, 0x0000000081200000| Untracked 
|  19|0x0000000081300000, 0x0000000081400000, 0x0000000081400000|100%| O|  |TAMS 0x0000000081400000, 0x0000000081300000| Untracked 
|  20|0x0000000081400000, 0x0000000081500000, 0x0000000081500000|100%| O|  |TAMS 0x0000000081500000, 0x0000000081400000| Untracked 
|  21|0x0000000081500000, 0x0000000081600000, 0x0000000081600000|100%| O|  |TAMS 0x0000000081600000, 0x0000000081500000| Untracked 
|  22|0x0000000081600000, 0x0000000081700000, 0x0000000081700000|100%| O|  |TAMS 0x0000000081700000, 0x0000000081600000| Untracked 
|  23|0x0000000081700000, 0x0000000081800000, 0x0000000081800000|100%| O|  |TAMS 0x0000000081800000, 0x0000000081700000| Untracked 
|  24|0x0000000081800000, 0x0000000081900000, 0x0000000081900000|100%|HS|  |TAMS 0x0000000081900000, 0x0000000081800000| Complete 
|  25|0x0000000081900000, 0x0000000081a00000, 0x0000000081a00000|100%| O|  |TAMS 0x0000000081a00000, 0x0000000081900000| Untracked 
|  26|0x0000000081a00000, 0x0000000081b00000, 0x0000000081b00000|100%| O|  |TAMS 0x0000000081b00000, 0x0000000081a00000| Untracked 
|  27|0x0000000081b00000, 0x0000000081c00000, 0x0000000081c00000|100%| O|  |TAMS 0x0000000081c00000, 0x0000000081b00000| Untracked 
|  28|0x0000000081c00000, 0x0000000081d00000, 0x0000000081d00000|100%| O|  |TAMS 0x0000000081d00000, 0x0000000081c00000| Untracked 
|  29|0x0000000081d00000, 0x0000000081e00000, 0x0000000081e00000|100%|HS|  |TAMS 0x0000000081e00000, 0x0000000081d00000| Complete 
|  30|0x0000000081e00000, 0x0000000081f00000, 0x0000000081f00000|100%|HS|  |TAMS 0x0000000081f00000, 0x0000000081e00000| Complete 
|  31|0x0000000081f00000, 0x0000000082000000, 0x0000000082000000|100%|HC|  |TAMS 0x0000000082000000, 0x0000000081f00000| Complete 
|  32|0x0000000082000000, 0x0000000082100000, 0x0000000082100000|100%| O|  |TAMS 0x0000000082100000, 0x0000000082000000| Untracked 
|  33|0x0000000082100000, 0x0000000082200000, 0x0000000082200000|100%| O|  |TAMS 0x0000000082200000, 0x0000000082100000| Untracked 
|  34|0x0000000082200000, 0x0000000082300000, 0x0000000082300000|100%| O|  |TAMS 0x0000000082300000, 0x0000000082200000| Untracked 
|  35|0x0000000082300000, 0x0000000082400000, 0x0000000082400000|100%| O|  |TAMS 0x0000000082400000, 0x0000000082300000| Untracked 
|  36|0x0000000082400000, 0x0000000082500000, 0x0000000082500000|100%| O|  |TAMS 0x0000000082500000, 0x0000000082400000| Untracked 
|  37|0x0000000082500000, 0x0000000082600000, 0x0000000082600000|100%| O|  |TAMS 0x0000000082600000, 0x0000000082500000| Untracked 
|  38|0x0000000082600000, 0x0000000082700000, 0x0000000082700000|100%| O|  |TAMS 0x0000000082700000, 0x0000000082600000| Untracked 
|  39|0x0000000082700000, 0x0000000082800000, 0x0000000082800000|100%| O|  |TAMS 0x0000000082800000, 0x0000000082700000| Untracked 
|  40|0x0000000082800000, 0x0000000082900000, 0x0000000082900000|100%| O|  |TAMS 0x0000000082900000, 0x0000000082800000| Untracked 
|  41|0x0000000082900000, 0x0000000082a00000, 0x0000000082a00000|100%| O|  |TAMS 0x0000000082a00000, 0x0000000082900000| Untracked 
|  42|0x0000000082a00000, 0x0000000082b00000, 0x0000000082b00000|100%| O|  |TAMS 0x0000000082b00000, 0x0000000082a00000| Untracked 
|  43|0x0000000082b00000, 0x0000000082c00000, 0x0000000082c00000|100%| O|  |TAMS 0x0000000082c00000, 0x0000000082b00000| Untracked 
|  44|0x0000000082c00000, 0x0000000082d00000, 0x0000000082d00000|100%| O|  |TAMS 0x0000000082d00000, 0x0000000082c00000| Untracked 
|  45|0x0000000082d00000, 0x0000000082e00000, 0x0000000082e00000|100%| O|  |TAMS 0x0000000082e00000, 0x0000000082d00000| Untracked 
|  46|0x0000000082e00000, 0x0000000082f00000, 0x0000000082f00000|100%| O|  |TAMS 0x0000000082f00000, 0x0000000082e00000| Untracked 
|  47|0x0000000082f00000, 0x0000000083000000, 0x0000000083000000|100%| O|  |TAMS 0x0000000083000000, 0x0000000082f00000| Untracked 
|  48|0x0000000083000000, 0x0000000083100000, 0x0000000083100000|100%| O|  |TAMS 0x0000000083100000, 0x0000000083000000| Untracked 
|  49|0x0000000083100000, 0x0000000083200000, 0x0000000083200000|100%| O|  |TAMS 0x0000000083200000, 0x0000000083100000| Untracked 
|  50|0x0000000083200000, 0x0000000083300000, 0x0000000083300000|100%| O|  |TAMS 0x0000000083300000, 0x0000000083200000| Untracked 
|  51|0x0000000083300000, 0x0000000083400000, 0x0000000083400000|100%| O|  |TAMS 0x0000000083400000, 0x0000000083300000| Untracked 
|  52|0x0000000083400000, 0x0000000083500000, 0x0000000083500000|100%| O|  |TAMS 0x0000000083500000, 0x0000000083400000| Untracked 
|  53|0x0000000083500000, 0x0000000083600000, 0x0000000083600000|100%| O|  |TAMS 0x0000000083600000, 0x0000000083500000| Untracked 
|  54|0x0000000083600000, 0x0000000083700000, 0x0000000083700000|100%| O|  |TAMS 0x0000000083700000, 0x0000000083600000| Untracked 
|  55|0x0000000083700000, 0x0000000083800000, 0x0000000083800000|100%| O|  |TAMS 0x0000000083800000, 0x0000000083700000| Untracked 
|  56|0x0000000083800000, 0x0000000083900000, 0x0000000083900000|100%| O|  |TAMS 0x0000000083900000, 0x0000000083800000| Untracked 
|  57|0x0000000083900000, 0x0000000083a00000, 0x0000000083a00000|100%| O|  |TAMS 0x0000000083a00000, 0x0000000083900000| Untracked 
|  58|0x0000000083a00000, 0x0000000083b00000, 0x0000000083b00000|100%| O|  |TAMS 0x0000000083afd200, 0x0000000083a00000| Untracked 
|  59|0x0000000083b00000, 0x0000000083c00000, 0x0000000083c00000|100%| O|  |TAMS 0x0000000083b00000, 0x0000000083b00000| Untracked 
|  60|0x0000000083c00000, 0x0000000083d00000, 0x0000000083d00000|100%| O|  |TAMS 0x0000000083c00000, 0x0000000083c00000| Untracked 
|  61|0x0000000083d00000, 0x0000000083e00000, 0x0000000083e00000|100%| O|  |TAMS 0x0000000083d00000, 0x0000000083d00000| Untracked 
|  62|0x0000000083e00000, 0x0000000083f00000, 0x0000000083f00000|100%| O|  |TAMS 0x0000000083e00000, 0x0000000083e00000| Untracked 
|  63|0x0000000083f00000, 0x0000000084000000, 0x0000000084000000|100%| O|  |TAMS 0x0000000083f00000, 0x0000000083f00000| Untracked 
|  64|0x0000000084000000, 0x0000000084100000, 0x0000000084100000|100%| O|  |TAMS 0x0000000084000000, 0x0000000084000000| Untracked 
|  65|0x0000000084100000, 0x0000000084200000, 0x0000000084200000|100%| O|  |TAMS 0x0000000084100000, 0x0000000084100000| Untracked 
|  66|0x0000000084200000, 0x0000000084300000, 0x0000000084300000|100%| O|  |TAMS 0x0000000084200000, 0x0000000084200000| Untracked 
|  67|0x0000000084300000, 0x0000000084400000, 0x0000000084400000|100%| O|  |TAMS 0x0000000084300000, 0x0000000084300000| Untracked 
|  68|0x0000000084400000, 0x0000000084500000, 0x0000000084500000|100%| O|  |TAMS 0x0000000084400000, 0x0000000084400000| Untracked 
|  69|0x0000000084500000, 0x0000000084600000, 0x0000000084600000|100%| O|  |TAMS 0x0000000084500000, 0x0000000084500000| Untracked 
|  70|0x0000000084600000, 0x0000000084700000, 0x0000000084700000|100%| O|  |TAMS 0x0000000084600000, 0x0000000084600000| Untracked 
|  71|0x0000000084700000, 0x0000000084800000, 0x0000000084800000|100%| O|  |TAMS 0x0000000084700000, 0x0000000084700000| Untracked 
|  72|0x0000000084800000, 0x0000000084900000, 0x0000000084900000|100%| O|  |TAMS 0x0000000084800000, 0x0000000084800000| Untracked 
|  73|0x0000000084900000, 0x0000000084a00000, 0x0000000084a00000|100%| O|  |TAMS 0x0000000084900000, 0x0000000084900000| Untracked 
|  74|0x0000000084a00000, 0x0000000084b00000, 0x0000000084b00000|100%| O|  |TAMS 0x0000000084a00000, 0x0000000084a00000| Untracked 
|  75|0x0000000084b00000, 0x0000000084c00000, 0x0000000084c00000|100%| O|  |TAMS 0x0000000084b00000, 0x0000000084b00000| Untracked 
|  76|0x0000000084c00000, 0x0000000084d00000, 0x0000000084d00000|100%| O|  |TAMS 0x0000000084c00000, 0x0000000084c00000| Untracked 
|  77|0x0000000084d00000, 0x0000000084e00000, 0x0000000084e00000|100%| O|  |TAMS 0x0000000084d00000, 0x0000000084d00000| Untracked 
|  78|0x0000000084e00000, 0x0000000084f00000, 0x0000000084f00000|100%| O|  |TAMS 0x0000000084e00000, 0x0000000084e00000| Untracked 
|  79|0x0000000084f00000, 0x0000000085000000, 0x0000000085000000|100%| O|  |TAMS 0x0000000084f00000, 0x0000000084f00000| Untracked 
|  80|0x0000000085000000, 0x0000000085100000, 0x0000000085100000|100%| O|  |TAMS 0x0000000085000000, 0x0000000085000000| Untracked 
|  81|0x0000000085100000, 0x0000000085200000, 0x0000000085200000|100%| O|  |TAMS 0x0000000085100000, 0x0000000085100000| Untracked 
|  82|0x0000000085200000, 0x0000000085300000, 0x0000000085300000|100%| O|  |TAMS 0x0000000085200000, 0x0000000085200000| Untracked 
|  83|0x0000000085300000, 0x0000000085400000, 0x0000000085400000|100%| O|  |TAMS 0x0000000085300000, 0x0000000085300000| Untracked 
|  84|0x0000000085400000, 0x0000000085500000, 0x0000000085500000|100%| O|  |TAMS 0x0000000085400000, 0x0000000085400000| Untracked 
|  85|0x0000000085500000, 0x0000000085600000, 0x0000000085600000|100%| O|  |TAMS 0x0000000085500000, 0x0000000085500000| Untracked 
|  86|0x0000000085600000, 0x0000000085700000, 0x0000000085700000|100%| O|  |TAMS 0x0000000085600000, 0x0000000085600000| Untracked 
|  87|0x0000000085700000, 0x0000000085800000, 0x0000000085800000|100%| O|  |TAMS 0x0000000085700000, 0x0000000085700000| Untracked 
|  88|0x0000000085800000, 0x0000000085900000, 0x0000000085900000|100%| O|  |TAMS 0x0000000085800000, 0x0000000085800000| Untracked 
|  89|0x0000000085900000, 0x0000000085a00000, 0x0000000085a00000|100%| O|  |TAMS 0x0000000085900000, 0x0000000085900000| Untracked 
|  90|0x0000000085a00000, 0x0000000085b00000, 0x0000000085b00000|100%| O|  |TAMS 0x0000000085a00000, 0x0000000085a00000| Untracked 
|  91|0x0000000085b00000, 0x0000000085c00000, 0x0000000085c00000|100%| O|  |TAMS 0x0000000085b00000, 0x0000000085b00000| Untracked 
|  92|0x0000000085c00000, 0x0000000085d00000, 0x0000000085d00000|100%| O|  |TAMS 0x0000000085c00000, 0x0000000085c00000| Untracked 
|  93|0x0000000085d00000, 0x0000000085d00000, 0x0000000085e00000|  0%| F|  |TAMS 0x0000000085d00000, 0x0000000085d00000| Untracked 
|  94|0x0000000085e00000, 0x0000000085e00000, 0x0000000085f00000|  0%| F|  |TAMS 0x0000000085e00000, 0x0000000085e00000| Untracked 
|  95|0x0000000085f00000, 0x0000000085f00000, 0x0000000086000000|  0%| F|  |TAMS 0x0000000085f00000, 0x0000000085f00000| Untracked 
|  96|0x0000000086000000, 0x0000000086000000, 0x0000000086100000|  0%| F|  |TAMS 0x0000000086000000, 0x0000000086000000| Untracked 
|  97|0x0000000086100000, 0x0000000086100000, 0x0000000086200000|  0%| F|  |TAMS 0x0000000086100000, 0x0000000086100000| Untracked 
|  98|0x0000000086200000, 0x0000000086200000, 0x0000000086300000|  0%| F|  |TAMS 0x0000000086200000, 0x0000000086200000| Untracked 
|  99|0x0000000086300000, 0x0000000086300000, 0x0000000086400000|  0%| F|  |TAMS 0x0000000086300000, 0x0000000086300000| Untracked 
| 100|0x0000000086400000, 0x0000000086400000, 0x0000000086500000|  0%| F|  |TAMS 0x0000000086400000, 0x0000000086400000| Untracked 
| 101|0x0000000086500000, 0x0000000086500000, 0x0000000086600000|  0%| F|  |TAMS 0x0000000086500000, 0x0000000086500000| Untracked 
| 102|0x0000000086600000, 0x0000000086600000, 0x0000000086700000|  0%| F|  |TAMS 0x0000000086600000, 0x0000000086600000| Untracked 
| 103|0x0000000086700000, 0x0000000086700000, 0x0000000086800000|  0%| F|  |TAMS 0x0000000086700000, 0x0000000086700000| Untracked 
| 104|0x0000000086800000, 0x0000000086800000, 0x0000000086900000|  0%| F|  |TAMS 0x0000000086800000, 0x0000000086800000| Untracked 
| 105|0x0000000086900000, 0x0000000086900000, 0x0000000086a00000|  0%| F|  |TAMS 0x0000000086900000, 0x0000000086900000| Untracked 
| 106|0x0000000086a00000, 0x0000000086a00000, 0x0000000086b00000|  0%| F|  |TAMS 0x0000000086a00000, 0x0000000086a00000| Untracked 
| 107|0x0000000086b00000, 0x0000000086b00000, 0x0000000086c00000|  0%| F|  |TAMS 0x0000000086b00000, 0x0000000086b00000| Untracked 
| 108|0x0000000086c00000, 0x0000000086c00000, 0x0000000086d00000|  0%| F|  |TAMS 0x0000000086c00000, 0x0000000086c00000| Untracked 
| 109|0x0000000086d00000, 0x0000000086d00000, 0x0000000086e00000|  0%| F|  |TAMS 0x0000000086d00000, 0x0000000086d00000| Untracked 
| 110|0x0000000086e00000, 0x0000000086e00000, 0x0000000086f00000|  0%| F|  |TAMS 0x0000000086e00000, 0x0000000086e00000| Untracked 
| 111|0x0000000086f00000, 0x0000000086f00000, 0x0000000087000000|  0%| F|  |TAMS 0x0000000086f00000, 0x0000000086f00000| Untracked 
| 112|0x0000000087000000, 0x0000000087000000, 0x0000000087100000|  0%| F|  |TAMS 0x0000000087000000, 0x0000000087000000| Untracked 
| 113|0x0000000087100000, 0x0000000087100000, 0x0000000087200000|  0%| F|  |TAMS 0x0000000087100000, 0x0000000087100000| Untracked 
| 114|0x0000000087200000, 0x0000000087200000, 0x0000000087300000|  0%| F|  |TAMS 0x0000000087200000, 0x0000000087200000| Untracked 
| 115|0x0000000087300000, 0x0000000087300000, 0x0000000087400000|  0%| F|  |TAMS 0x0000000087300000, 0x0000000087300000| Untracked 
| 116|0x0000000087400000, 0x0000000087400000, 0x0000000087500000|  0%| F|  |TAMS 0x0000000087400000, 0x0000000087400000| Untracked 
| 117|0x0000000087500000, 0x0000000087500000, 0x0000000087600000|  0%| F|  |TAMS 0x0000000087500000, 0x0000000087500000| Untracked 
| 118|0x0000000087600000, 0x0000000087600000, 0x0000000087700000|  0%| F|  |TAMS 0x0000000087600000, 0x0000000087600000| Untracked 
| 119|0x0000000087700000, 0x0000000087700000, 0x0000000087800000|  0%| F|  |TAMS 0x0000000087700000, 0x0000000087700000| Untracked 
| 120|0x0000000087800000, 0x0000000087800000, 0x0000000087900000|  0%| F|  |TAMS 0x0000000087800000, 0x0000000087800000| Untracked 
| 121|0x0000000087900000, 0x0000000087900000, 0x0000000087a00000|  0%| F|  |TAMS 0x0000000087900000, 0x0000000087900000| Untracked 
| 122|0x0000000087a00000, 0x0000000087a00000, 0x0000000087b00000|  0%| F|  |TAMS 0x0000000087a00000, 0x0000000087a00000| Untracked 
| 123|0x0000000087b00000, 0x0000000087b00000, 0x0000000087c00000|  0%| F|  |TAMS 0x0000000087b00000, 0x0000000087b00000| Untracked 
| 124|0x0000000087c00000, 0x0000000087c00000, 0x0000000087d00000|  0%| F|  |TAMS 0x0000000087c00000, 0x0000000087c00000| Untracked 
| 125|0x0000000087d00000, 0x0000000087d00000, 0x0000000087e00000|  0%| F|  |TAMS 0x0000000087d00000, 0x0000000087d00000| Untracked 
| 126|0x0000000087e00000, 0x0000000087e00000, 0x0000000087f00000|  0%| F|  |TAMS 0x0000000087e00000, 0x0000000087e00000| Untracked 
| 127|0x0000000087f00000, 0x0000000087f00000, 0x0000000088000000|  0%| F|  |TAMS 0x0000000087f00000, 0x0000000087f00000| Untracked 
| 128|0x0000000088000000, 0x0000000088000000, 0x0000000088100000|  0%| F|  |TAMS 0x0000000088000000, 0x0000000088000000| Untracked 
| 129|0x0000000088100000, 0x0000000088100000, 0x0000000088200000|  0%| F|  |TAMS 0x0000000088100000, 0x0000000088100000| Untracked 
| 130|0x0000000088200000, 0x0000000088300000, 0x0000000088300000|100%| S|CS|TAMS 0x0000000088200000, 0x0000000088200000| Complete 
| 131|0x0000000088300000, 0x0000000088400000, 0x0000000088400000|100%| S|CS|TAMS 0x0000000088300000, 0x0000000088300000| Complete 
| 132|0x0000000088400000, 0x0000000088500000, 0x0000000088500000|100%| S|CS|TAMS 0x0000000088400000, 0x0000000088400000| Complete 
| 133|0x0000000088500000, 0x0000000088600000, 0x0000000088600000|100%| S|CS|TAMS 0x0000000088500000, 0x0000000088500000| Complete 
| 134|0x0000000088600000, 0x0000000088700000, 0x0000000088700000|100%| S|CS|TAMS 0x0000000088600000, 0x0000000088600000| Complete 
| 135|0x0000000088700000, 0x0000000088800000, 0x0000000088800000|100%| S|CS|TAMS 0x0000000088700000, 0x0000000088700000| Complete 
| 136|0x0000000088800000, 0x0000000088900000, 0x0000000088900000|100%| S|CS|TAMS 0x0000000088800000, 0x0000000088800000| Complete 
| 137|0x0000000088900000, 0x0000000088a00000, 0x0000000088a00000|100%| S|CS|TAMS 0x0000000088900000, 0x0000000088900000| Complete 
| 138|0x0000000088a00000, 0x0000000088b00000, 0x0000000088b00000|100%| S|CS|TAMS 0x0000000088a00000, 0x0000000088a00000| Complete 
| 139|0x0000000088b00000, 0x0000000088c00000, 0x0000000088c00000|100%| S|CS|TAMS 0x0000000088b00000, 0x0000000088b00000| Complete 
| 140|0x0000000088c00000, 0x0000000088d00000, 0x0000000088d00000|100%| S|CS|TAMS 0x0000000088c00000, 0x0000000088c00000| Complete 
| 141|0x0000000088d00000, 0x0000000088e00000, 0x0000000088e00000|100%| S|CS|TAMS 0x0000000088d00000, 0x0000000088d00000| Complete 
| 142|0x0000000088e00000, 0x0000000088f00000, 0x0000000088f00000|100%| S|CS|TAMS 0x0000000088e00000, 0x0000000088e00000| Complete 
| 143|0x0000000088f00000, 0x0000000088f00000, 0x0000000089000000|  0%| F|  |TAMS 0x0000000088f00000, 0x0000000088f00000| Untracked 
| 144|0x0000000089000000, 0x0000000089000000, 0x0000000089100000|  0%| F|  |TAMS 0x0000000089000000, 0x0000000089000000| Untracked 
| 145|0x0000000089100000, 0x0000000089100000, 0x0000000089200000|  0%| F|  |TAMS 0x0000000089100000, 0x0000000089100000| Untracked 
| 146|0x0000000089200000, 0x0000000089200000, 0x0000000089300000|  0%| F|  |TAMS 0x0000000089200000, 0x0000000089200000| Untracked 
| 147|0x0000000089300000, 0x0000000089300000, 0x0000000089400000|  0%| F|  |TAMS 0x0000000089300000, 0x0000000089300000| Untracked 
| 148|0x0000000089400000, 0x0000000089400000, 0x0000000089500000|  0%| F|  |TAMS 0x0000000089400000, 0x0000000089400000| Untracked 
| 149|0x0000000089500000, 0x0000000089500000, 0x0000000089600000|  0%| F|  |TAMS 0x0000000089500000, 0x0000000089500000| Untracked 
| 150|0x0000000089600000, 0x0000000089600000, 0x0000000089700000|  0%| F|  |TAMS 0x0000000089600000, 0x0000000089600000| Untracked 
| 151|0x0000000089700000, 0x0000000089700000, 0x0000000089800000|  0%| F|  |TAMS 0x0000000089700000, 0x0000000089700000| Untracked 
| 152|0x0000000089800000, 0x0000000089800000, 0x0000000089900000|  0%| F|  |TAMS 0x0000000089800000, 0x0000000089800000| Untracked 
| 153|0x0000000089900000, 0x0000000089900000, 0x0000000089a00000|  0%| F|  |TAMS 0x0000000089900000, 0x0000000089900000| Untracked 
| 154|0x0000000089a00000, 0x0000000089a00000, 0x0000000089b00000|  0%| F|  |TAMS 0x0000000089a00000, 0x0000000089a00000| Untracked 
| 155|0x0000000089b00000, 0x0000000089b00000, 0x0000000089c00000|  0%| F|  |TAMS 0x0000000089b00000, 0x0000000089b00000| Untracked 
| 156|0x0000000089c00000, 0x0000000089c00000, 0x0000000089d00000|  0%| F|  |TAMS 0x0000000089c00000, 0x0000000089c00000| Untracked 
| 157|0x0000000089d00000, 0x0000000089d00000, 0x0000000089e00000|  0%| F|  |TAMS 0x0000000089d00000, 0x0000000089d00000| Untracked 
| 158|0x0000000089e00000, 0x0000000089e00000, 0x0000000089f00000|  0%| F|  |TAMS 0x0000000089e00000, 0x0000000089e00000| Untracked 
| 159|0x0000000089f00000, 0x0000000089f00000, 0x000000008a000000|  0%| F|  |TAMS 0x0000000089f00000, 0x0000000089f00000| Untracked 
| 160|0x000000008a000000, 0x000000008a000000, 0x000000008a100000|  0%| F|  |TAMS 0x000000008a000000, 0x000000008a000000| Untracked 
| 161|0x000000008a100000, 0x000000008a100000, 0x000000008a200000|  0%| F|  |TAMS 0x000000008a100000, 0x000000008a100000| Untracked 
| 162|0x000000008a200000, 0x000000008a200000, 0x000000008a300000|  0%| F|  |TAMS 0x000000008a200000, 0x000000008a200000| Untracked 
| 163|0x000000008a300000, 0x000000008a300000, 0x000000008a400000|  0%| F|  |TAMS 0x000000008a300000, 0x000000008a300000| Untracked 
| 164|0x000000008a400000, 0x000000008a400000, 0x000000008a500000|  0%| F|  |TAMS 0x000000008a400000, 0x000000008a400000| Untracked 
| 165|0x000000008a500000, 0x000000008a500000, 0x000000008a600000|  0%| F|  |TAMS 0x000000008a500000, 0x000000008a500000| Untracked 
| 166|0x000000008a600000, 0x000000008a600000, 0x000000008a700000|  0%| F|  |TAMS 0x000000008a600000, 0x000000008a600000| Untracked 
| 167|0x000000008a700000, 0x000000008a700000, 0x000000008a800000|  0%| F|  |TAMS 0x000000008a700000, 0x000000008a700000| Untracked 
| 168|0x000000008a800000, 0x000000008a800000, 0x000000008a900000|  0%| F|  |TAMS 0x000000008a800000, 0x000000008a800000| Untracked 
| 169|0x000000008a900000, 0x000000008a900000, 0x000000008aa00000|  0%| F|  |TAMS 0x000000008a900000, 0x000000008a900000| Untracked 
| 170|0x000000008aa00000, 0x000000008aa00000, 0x000000008ab00000|  0%| F|  |TAMS 0x000000008aa00000, 0x000000008aa00000| Untracked 
| 171|0x000000008ab00000, 0x000000008ab00000, 0x000000008ac00000|  0%| F|  |TAMS 0x000000008ab00000, 0x000000008ab00000| Untracked 
| 172|0x000000008ac00000, 0x000000008ac00000, 0x000000008ad00000|  0%| F|  |TAMS 0x000000008ac00000, 0x000000008ac00000| Untracked 
| 173|0x000000008ad00000, 0x000000008ad00000, 0x000000008ae00000|  0%| F|  |TAMS 0x000000008ad00000, 0x000000008ad00000| Untracked 
| 174|0x000000008ae00000, 0x000000008ae00000, 0x000000008af00000|  0%| F|  |TAMS 0x000000008ae00000, 0x000000008ae00000| Untracked 
| 175|0x000000008af00000, 0x000000008af00000, 0x000000008b000000|  0%| F|  |TAMS 0x000000008af00000, 0x000000008af00000| Untracked 
| 176|0x000000008b000000, 0x000000008b000000, 0x000000008b100000|  0%| F|  |TAMS 0x000000008b000000, 0x000000008b000000| Untracked 
| 177|0x000000008b100000, 0x000000008b100000, 0x000000008b200000|  0%| F|  |TAMS 0x000000008b100000, 0x000000008b100000| Untracked 
| 178|0x000000008b200000, 0x000000008b200000, 0x000000008b300000|  0%| F|  |TAMS 0x000000008b200000, 0x000000008b200000| Untracked 
| 179|0x000000008b300000, 0x000000008b300000, 0x000000008b400000|  0%| F|  |TAMS 0x000000008b300000, 0x000000008b300000| Untracked 
| 180|0x000000008b400000, 0x000000008b400000, 0x000000008b500000|  0%| F|  |TAMS 0x000000008b400000, 0x000000008b400000| Untracked 
| 181|0x000000008b500000, 0x000000008b500000, 0x000000008b600000|  0%| F|  |TAMS 0x000000008b500000, 0x000000008b500000| Untracked 
| 182|0x000000008b600000, 0x000000008b600000, 0x000000008b700000|  0%| F|  |TAMS 0x000000008b600000, 0x000000008b600000| Untracked 
| 183|0x000000008b700000, 0x000000008b700000, 0x000000008b800000|  0%| F|  |TAMS 0x000000008b700000, 0x000000008b700000| Untracked 
| 184|0x000000008b800000, 0x000000008b800000, 0x000000008b900000|  0%| F|  |TAMS 0x000000008b800000, 0x000000008b800000| Untracked 
| 185|0x000000008b900000, 0x000000008b900000, 0x000000008ba00000|  0%| F|  |TAMS 0x000000008b900000, 0x000000008b900000| Untracked 
| 186|0x000000008ba00000, 0x000000008ba00000, 0x000000008bb00000|  0%| F|  |TAMS 0x000000008ba00000, 0x000000008ba00000| Untracked 
| 187|0x000000008bb00000, 0x000000008bb00000, 0x000000008bc00000|  0%| F|  |TAMS 0x000000008bb00000, 0x000000008bb00000| Untracked 
| 188|0x000000008bc00000, 0x000000008bc00000, 0x000000008bd00000|  0%| F|  |TAMS 0x000000008bc00000, 0x000000008bc00000| Untracked 
| 189|0x000000008bd00000, 0x000000008bd00000, 0x000000008be00000|  0%| F|  |TAMS 0x000000008bd00000, 0x000000008bd00000| Untracked 
| 190|0x000000008be00000, 0x000000008be00000, 0x000000008bf00000|  0%| F|  |TAMS 0x000000008be00000, 0x000000008be00000| Untracked 
| 191|0x000000008bf00000, 0x000000008bf00000, 0x000000008c000000|  0%| F|  |TAMS 0x000000008bf00000, 0x000000008bf00000| Untracked 
| 192|0x000000008c000000, 0x000000008c000000, 0x000000008c100000|  0%| F|  |TAMS 0x000000008c000000, 0x000000008c000000| Untracked 
| 193|0x000000008c100000, 0x000000008c100000, 0x000000008c200000|  0%| F|  |TAMS 0x000000008c100000, 0x000000008c100000| Untracked 
| 194|0x000000008c200000, 0x000000008c200000, 0x000000008c300000|  0%| F|  |TAMS 0x000000008c200000, 0x000000008c200000| Untracked 
| 195|0x000000008c300000, 0x000000008c300000, 0x000000008c400000|  0%| F|  |TAMS 0x000000008c300000, 0x000000008c300000| Untracked 
| 196|0x000000008c400000, 0x000000008c400000, 0x000000008c500000|  0%| F|  |TAMS 0x000000008c400000, 0x000000008c400000| Untracked 
| 197|0x000000008c500000, 0x000000008c500000, 0x000000008c600000|  0%| F|  |TAMS 0x000000008c500000, 0x000000008c500000| Untracked 
| 198|0x000000008c600000, 0x000000008c600000, 0x000000008c700000|  0%| F|  |TAMS 0x000000008c600000, 0x000000008c600000| Untracked 
| 199|0x000000008c700000, 0x000000008c700000, 0x000000008c800000|  0%| F|  |TAMS 0x000000008c700000, 0x000000008c700000| Untracked 
| 200|0x000000008c800000, 0x000000008c800000, 0x000000008c900000|  0%| F|  |TAMS 0x000000008c800000, 0x000000008c800000| Untracked 
| 201|0x000000008c900000, 0x000000008c900000, 0x000000008ca00000|  0%| F|  |TAMS 0x000000008c900000, 0x000000008c900000| Untracked 
| 202|0x000000008ca00000, 0x000000008ca00000, 0x000000008cb00000|  0%| F|  |TAMS 0x000000008ca00000, 0x000000008ca00000| Untracked 
| 203|0x000000008cb00000, 0x000000008cb00000, 0x000000008cc00000|  0%| F|  |TAMS 0x000000008cb00000, 0x000000008cb00000| Untracked 
| 204|0x000000008cc00000, 0x000000008cc00000, 0x000000008cd00000|  0%| F|  |TAMS 0x000000008cc00000, 0x000000008cc00000| Untracked 
| 205|0x000000008cd00000, 0x000000008cd00000, 0x000000008ce00000|  0%| F|  |TAMS 0x000000008cd00000, 0x000000008cd00000| Untracked 
| 206|0x000000008ce00000, 0x000000008ce00000, 0x000000008cf00000|  0%| F|  |TAMS 0x000000008ce00000, 0x000000008ce00000| Untracked 
| 207|0x000000008cf00000, 0x000000008cf00000, 0x000000008d000000|  0%| F|  |TAMS 0x000000008cf00000, 0x000000008cf00000| Untracked 
| 208|0x000000008d000000, 0x000000008d000000, 0x000000008d100000|  0%| F|  |TAMS 0x000000008d000000, 0x000000008d000000| Untracked 
| 209|0x000000008d100000, 0x000000008d100000, 0x000000008d200000|  0%| F|  |TAMS 0x000000008d100000, 0x000000008d100000| Untracked 
| 210|0x000000008d200000, 0x000000008d200000, 0x000000008d300000|  0%| F|  |TAMS 0x000000008d200000, 0x000000008d200000| Untracked 
| 211|0x000000008d300000, 0x000000008d300000, 0x000000008d400000|  0%| F|  |TAMS 0x000000008d300000, 0x000000008d300000| Untracked 
| 212|0x000000008d400000, 0x000000008d400000, 0x000000008d500000|  0%| F|  |TAMS 0x000000008d400000, 0x000000008d400000| Untracked 
| 213|0x000000008d500000, 0x000000008d500000, 0x000000008d600000|  0%| F|  |TAMS 0x000000008d500000, 0x000000008d500000| Untracked 
| 214|0x000000008d600000, 0x000000008d600000, 0x000000008d700000|  0%| F|  |TAMS 0x000000008d600000, 0x000000008d600000| Untracked 
| 215|0x000000008d700000, 0x000000008d700000, 0x000000008d800000|  0%| F|  |TAMS 0x000000008d700000, 0x000000008d700000| Untracked 
| 216|0x000000008d800000, 0x000000008d831cb8, 0x000000008d900000| 19%| E|  |TAMS 0x000000008d800000, 0x000000008d800000| Complete 
| 217|0x000000008d900000, 0x000000008da00000, 0x000000008da00000|100%| E|CS|TAMS 0x000000008d900000, 0x000000008d900000| Complete 
| 218|0x000000008da00000, 0x000000008db00000, 0x000000008db00000|100%| E|CS|TAMS 0x000000008da00000, 0x000000008da00000| Complete 
| 219|0x000000008db00000, 0x000000008dc00000, 0x000000008dc00000|100%| E|CS|TAMS 0x000000008db00000, 0x000000008db00000| Complete 
| 220|0x000000008dc00000, 0x000000008dd00000, 0x000000008dd00000|100%| E|CS|TAMS 0x000000008dc00000, 0x000000008dc00000| Complete 
| 221|0x000000008dd00000, 0x000000008de00000, 0x000000008de00000|100%| E|CS|TAMS 0x000000008dd00000, 0x000000008dd00000| Complete 
| 222|0x000000008de00000, 0x000000008df00000, 0x000000008df00000|100%| E|CS|TAMS 0x000000008de00000, 0x000000008de00000| Complete 
| 223|0x000000008df00000, 0x000000008e000000, 0x000000008e000000|100%| E|CS|TAMS 0x000000008df00000, 0x000000008df00000| Complete 
| 224|0x000000008e000000, 0x000000008e100000, 0x000000008e100000|100%| E|CS|TAMS 0x000000008e000000, 0x000000008e000000| Complete 
| 225|0x000000008e100000, 0x000000008e200000, 0x000000008e200000|100%| E|CS|TAMS 0x000000008e100000, 0x000000008e100000| Complete 
| 226|0x000000008e200000, 0x000000008e300000, 0x000000008e300000|100%| E|CS|TAMS 0x000000008e200000, 0x000000008e200000| Complete 
| 227|0x000000008e300000, 0x000000008e400000, 0x000000008e400000|100%| E|CS|TAMS 0x000000008e300000, 0x000000008e300000| Complete 
| 228|0x000000008e400000, 0x000000008e500000, 0x000000008e500000|100%| E|CS|TAMS 0x000000008e400000, 0x000000008e400000| Complete 
| 229|0x000000008e500000, 0x000000008e600000, 0x000000008e600000|100%| E|CS|TAMS 0x000000008e500000, 0x000000008e500000| Complete 
| 230|0x000000008e600000, 0x000000008e700000, 0x000000008e700000|100%| E|CS|TAMS 0x000000008e600000, 0x000000008e600000| Complete 

Card table byte_map: [0x00000189fb030000,0x00000189fb430000] _byte_map_base: 0x00000189fac30000

Marking Bits (Prev, Next): (CMBitMap*) 0x00000189f7170190, (CMBitMap*) 0x00000189f7170158
 Prev Bits: [0x00000189fd830000, 0x00000189ff830000)
 Next Bits: [0x00000189fb830000, 0x00000189fd830000)

Polling page: 0x00000189f50a0000

Metaspace:

Usage:
  Non-class:     80.72 MB capacity,    79.21 MB ( 98%) used,     1.23 MB (  2%) free+waste,   284.50 KB ( <1%) overhead. 
      Class:     12.44 MB capacity,    11.58 MB ( 93%) used,   757.13 KB (  6%) free+waste,   128.75 KB (  1%) overhead. 
       Both:     93.16 MB capacity,    90.79 MB ( 97%) used,     1.97 MB (  2%) free+waste,   413.25 KB ( <1%) overhead. 

Virtual space:
  Non-class space:       82.00 MB reserved,      80.75 MB ( 98%) committed 
      Class space:        1.00 GB reserved,      12.50 MB (  1%) committed 
             Both:        1.08 GB reserved,      93.25 MB (  8%) committed 

Chunk freelists:
   Non-Class:  32.00 KB
       Class:  0 bytes
        Both:  32.00 KB

MaxMetaspaceSize: 17179869184.00 GB
CompressedClassSpaceSize: 1.00 GB

CodeHeap 'non-profiled nmethods': size=120064Kb used=10360Kb max_used=10909Kb free=109703Kb
 bounds [0x0000018987ac0000, 0x0000018988580000, 0x000001898f000000]
CodeHeap 'profiled nmethods': size=120000Kb used=30229Kb max_used=31782Kb free=89771Kb
 bounds [0x0000018980590000, 0x00000189824c0000, 0x0000018987ac0000]
CodeHeap 'non-nmethods': size=5696Kb used=2302Kb max_used=2348Kb free=3393Kb
 bounds [0x0000018980000000, 0x0000018980270000, 0x0000018980590000]
 total_blobs=14109 nmethods=13200 adapters=820
 compilation: enabled
              stopped_count=0, restarted_count=0
 full_count=0

Compilation events (20 events):
Event: 89.785 Thread 0x000001899185f800 nmethod 14150 0x000001898065a010 code [0x000001898065a1c0, 0x000001898065a338]
Event: 89.785 Thread 0x000001899185f800 14151       2       com.android.tools.r8.internal.fr$$Lambda$1209/0x0000000100c63840::<init> (10 bytes)
Event: 89.785 Thread 0x000001899185f800 nmethod 14151 0x0000018980659b90 code [0x0000018980659d40, 0x0000018980659e78]
Event: 89.785 Thread 0x000001899185f800 14152       2       com.android.tools.r8.internal.fr::d (100 bytes)
Event: 89.785 Thread 0x000001899185f800 nmethod 14152 0x0000018980664810 code [0x00000189806649e0, 0x0000018980664cd8]
Event: 89.786 Thread 0x000001899185f800 14157       2       com.android.tools.r8.internal.cd::a (16 bytes)
Event: 89.786 Thread 0x000001899185f800 nmethod 14157 0x0000018980664010 code [0x00000189806641e0, 0x0000018980664678]
Event: 89.786 Thread 0x000001899185f800 14160       2       com.android.tools.r8.internal.q::<init> (7 bytes)
Event: 89.787 Thread 0x000001899185f800 nmethod 14160 0x0000018980662190 code [0x0000018980662360, 0x0000018980662578]
Event: 89.787 Thread 0x000001899185f800 14161       2       com.android.tools.r8.internal.Ij::<init> (23 bytes)
Event: 89.787 Thread 0x000001899185f800 nmethod 14161 0x0000018980662b90 code [0x0000018980662d40, 0x0000018980662f78]
Event: 89.787 Thread 0x000001899185f800 14158       2       com.android.tools.r8.internal.ad::iterator (23 bytes)
Event: 89.787 Thread 0x000001899185f800 nmethod 14158 0x0000018980663810 code [0x00000189806639e0, 0x0000018980663d28]
Event: 89.787 Thread 0x000001899185f800 14159       2       com.android.tools.r8.internal.Zc::<init> (11 bytes)
Event: 89.788 Thread 0x000001899185f800 nmethod 14159 0x000001898066ea10 code [0x000001898066ebc0, 0x000001898066ed68]
Event: 89.788 Thread 0x000001899185f800 14162       2       com.android.tools.r8.internal.Kj::a (4 bytes)
Event: 89.788 Thread 0x000001899185f800 nmethod 14162 0x00000189805ef110 code [0x00000189805ef2c0, 0x00000189805ef398]
Event: 89.790 Thread 0x000001899185f800 14163       1       com.android.tools.r8.graph.B::g (5 bytes)
Event: 89.790 Thread 0x000001899185f800 nmethod 14163 0x0000018987b2e810 code [0x0000018987b2e9c0, 0x0000018987b2ea78]
Event: 90.262 Thread 0x000001899185f800 14172       2       com.android.tools.r8.utils.V$$Lambda$1157/0x0000000100c02440::call (16 bytes)

GC Heap History (20 events):
Event: 39.301 GC heap before
{Heap before GC invocations=21 (full 0):
 garbage-first heap   total 236544K, used 173128K [0x0000000080000000, 0x0000000100000000)
  region size 1024K, 138 young (141312K), 11 survivors (11264K)
 Metaspace       used 64872K, capacity 66443K, committed 66688K, reserved 1107968K
  class space    used 8209K, capacity 8759K, committed 8832K, reserved 1048576K
}
Event: 39.331 GC heap after
{Heap after GC invocations=22 (full 0):
 garbage-first heap   total 236544K, used 51845K [0x0000000080000000, 0x0000000100000000)
  region size 1024K, 16 young (16384K), 16 survivors (16384K)
 Metaspace       used 64872K, capacity 66443K, committed 66688K, reserved 1107968K
  class space    used 8209K, capacity 8759K, committed 8832K, reserved 1048576K
}
Event: 42.262 GC heap before
{Heap before GC invocations=22 (full 0):
 garbage-first heap   total 236544K, used 176773K [0x0000000080000000, 0x0000000100000000)
  region size 1024K, 138 young (141312K), 16 survivors (16384K)
 Metaspace       used 72640K, capacity 74393K, committed 74624K, reserved 1114112K
  class space    used 9401K, capacity 10043K, committed 10112K, reserved 1048576K
}
Event: 42.300 GC heap after
{Heap after GC invocations=23 (full 0):
 garbage-first heap   total 236544K, used 60682K [0x0000000080000000, 0x0000000100000000)
  region size 1024K, 17 young (17408K), 17 survivors (17408K)
 Metaspace       used 72640K, capacity 74393K, committed 74624K, reserved 1114112K
  class space    used 9401K, capacity 10043K, committed 10112K, reserved 1048576K
}
Event: 42.613 GC heap before
{Heap before GC invocations=23 (full 0):
 garbage-first heap   total 236544K, used 69898K [0x0000000080000000, 0x0000000100000000)
  region size 1024K, 27 young (27648K), 17 survivors (17408K)
 Metaspace       used 73440K, capacity 75123K, committed 75264K, reserved 1114112K
  class space    used 9493K, capacity 10117K, committed 10240K, reserved 1048576K
}
Event: 42.671 GC heap after
{Heap after GC invocations=24 (full 0):
 garbage-first heap   total 236544K, used 61622K [0x0000000080000000, 0x0000000100000000)
  region size 1024K, 10 young (10240K), 10 survivors (10240K)
 Metaspace       used 73440K, capacity 75123K, committed 75264K, reserved 1114112K
  class space    used 9493K, capacity 10117K, committed 10240K, reserved 1048576K
}
Event: 48.262 GC heap before
{Heap before GC invocations=25 (full 0):
 garbage-first heap   total 236544K, used 172214K [0x0000000080000000, 0x0000000100000000)
  region size 1024K, 119 young (121856K), 10 survivors (10240K)
 Metaspace       used 81155K, capacity 83255K, committed 83456K, reserved 1122304K
  class space    used 10631K, capacity 11407K, committed 11520K, reserved 1048576K
}
Event: 48.307 GC heap after
{Heap after GC invocations=26 (full 0):
 garbage-first heap   total 236544K, used 68596K [0x0000000080000000, 0x0000000100000000)
  region size 1024K, 8 young (8192K), 8 survivors (8192K)
 Metaspace       used 81155K, capacity 83255K, committed 83456K, reserved 1122304K
  class space    used 10631K, capacity 11407K, committed 11520K, reserved 1048576K
}
Event: 55.668 GC heap before
{Heap before GC invocations=27 (full 0):
 garbage-first heap   total 236544K, used 178164K [0x0000000080000000, 0x0000000100000000)
  region size 1024K, 116 young (118784K), 8 survivors (8192K)
 Metaspace       used 81560K, capacity 83702K, committed 83968K, reserved 1122304K
  class space    used 10635K, capacity 11414K, committed 11520K, reserved 1048576K
}
Event: 55.694 GC heap after
{Heap after GC invocations=28 (full 0):
 garbage-first heap   total 236544K, used 70434K [0x0000000080000000, 0x0000000100000000)
  region size 1024K, 10 young (10240K), 10 survivors (10240K)
 Metaspace       used 81560K, capacity 83702K, committed 83968K, reserved 1122304K
  class space    used 10635K, capacity 11414K, committed 11520K, reserved 1048576K
}
Event: 62.310 GC heap before
{Heap before GC invocations=28 (full 0):
 garbage-first heap   total 236544K, used 184098K [0x0000000080000000, 0x0000000100000000)
  region size 1024K, 120 young (122880K), 10 survivors (10240K)
 Metaspace       used 85108K, capacity 87329K, committed 87552K, reserved 1124352K
  class space    used 10886K, capacity 11691K, committed 11776K, reserved 1048576K
}
Event: 62.341 GC heap after
{Heap after GC invocations=29 (full 0):
 garbage-first heap   total 236544K, used 75544K [0x0000000080000000, 0x0000000100000000)
  region size 1024K, 8 young (8192K), 8 survivors (8192K)
 Metaspace       used 85108K, capacity 87329K, committed 87552K, reserved 1124352K
  class space    used 10886K, capacity 11691K, committed 11776K, reserved 1048576K
}
Event: 69.177 GC heap before
{Heap before GC invocations=29 (full 0):
 garbage-first heap   total 236544K, used 185112K [0x0000000080000000, 0x0000000100000000)
  region size 1024K, 116 young (118784K), 8 survivors (8192K)
 Metaspace       used 86331K, capacity 88510K, committed 88576K, reserved 1126400K
  class space    used 10963K, capacity 11769K, committed 11776K, reserved 1048576K
}
Event: 69.199 GC heap after
{Heap after GC invocations=30 (full 0):
 garbage-first heap   total 236544K, used 77986K [0x0000000080000000, 0x0000000100000000)
  region size 1024K, 11 young (11264K), 11 survivors (11264K)
 Metaspace       used 86331K, capacity 88510K, committed 88576K, reserved 1126400K
  class space    used 10963K, capacity 11769K, committed 11776K, reserved 1048576K
}
Event: 75.131 GC heap before
{Heap before GC invocations=30 (full 0):
 garbage-first heap   total 236544K, used 187554K [0x0000000080000000, 0x0000000100000000)
  region size 1024K, 119 young (121856K), 11 survivors (11264K)
 Metaspace       used 86702K, capacity 89000K, committed 89216K, reserved 1126400K
  class space    used 10998K, capacity 11818K, committed 11904K, reserved 1048576K
}
Event: 75.156 GC heap after
{Heap after GC invocations=31 (full 0):
 garbage-first heap   total 236544K, used 81777K [0x0000000080000000, 0x0000000100000000)
  region size 1024K, 12 young (12288K), 12 survivors (12288K)
 Metaspace       used 86702K, capacity 89000K, committed 89216K, reserved 1126400K
  class space    used 10998K, capacity 11818K, committed 11904K, reserved 1048576K
}
Event: 80.916 GC heap before
{Heap before GC invocations=31 (full 0):
 garbage-first heap   total 236544K, used 190321K [0x0000000080000000, 0x0000000100000000)
  region size 1024K, 119 young (121856K), 12 survivors (12288K)
 Metaspace       used 90133K, capacity 92499K, committed 92800K, reserved 1130496K
  class space    used 11472K, capacity 12326K, committed 12416K, reserved 1048576K
}
Event: 80.969 GC heap after
{Heap after GC invocations=32 (full 0):
 garbage-first heap   total 236544K, used 96820K [0x0000000080000000, 0x0000000100000000)
  region size 1024K, 15 young (15360K), 15 survivors (15360K)
 Metaspace       used 90133K, capacity 92499K, committed 92800K, reserved 1130496K
  class space    used 11472K, capacity 12326K, committed 12416K, reserved 1048576K
}
Event: 89.008 GC heap before
{Heap before GC invocations=32 (full 0):
 garbage-first heap   total 236544K, used 185908K [0x0000000080000000, 0x0000000100000000)
  region size 1024K, 103 young (105472K), 15 survivors (15360K)
 Metaspace       used 92414K, capacity 94815K, committed 94848K, reserved 1132544K
  class space    used 11774K, capacity 12643K, committed 12672K, reserved 1048576K
}
Event: 89.120 GC heap after
{Heap after GC invocations=33 (full 0):
 garbage-first heap   total 236544K, used 108544K [0x0000000080000000, 0x0000000100000000)
  region size 1024K, 13 young (13312K), 13 survivors (13312K)
 Metaspace       used 92414K, capacity 94815K, committed 94848K, reserved 1132544K
  class space    used 11774K, capacity 12643K, committed 12672K, reserved 1048576K
}

Deoptimization events (20 events):
Event: 89.787 Thread 0x0000018992d14800 Uncommon trap: trap_request=0xffffffc6 fr.pc=0x0000018988560e48 relative=0x00000000000003e8
Event: 89.787 Thread 0x0000018993bfa000 Uncommon trap: trap_request=0xffffffc6 fr.pc=0x0000018988560e48 relative=0x00000000000003e8
Event: 89.787 Thread 0x0000018992d14800 Uncommon trap: reason=bimorphic_or_optimized_type_check action=maybe_recompile pc=0x0000018988560e48 method=com.android.tools.r8.internal.Ij.hasNext()Z @ 9 c2
Event: 89.787 Thread 0x0000018992d14800 DEOPT PACKING pc=0x0000018988560e48 sp=0x00000080a2af9d60
Event: 89.787 Thread 0x000001899389f800 Uncommon trap: trap_request=0xffffffc6 fr.pc=0x0000018988560e48 relative=0x00000000000003e8
Event: 89.787 Thread 0x000001899389f800 Uncommon trap: reason=bimorphic_or_optimized_type_check action=maybe_recompile pc=0x0000018988560e48 method=com.android.tools.r8.internal.Ij.hasNext()Z @ 9 c2
Event: 89.787 Thread 0x000001899389f800 DEOPT PACKING pc=0x0000018988560e48 sp=0x00000080a18f9df0
Event: 89.787 Thread 0x0000018992d14800 DEOPT UNPACKING pc=0x000001898002662f sp=0x00000080a2af9d18 mode 2
Event: 89.787 Thread 0x000001899389f800 DEOPT UNPACKING pc=0x000001898002662f sp=0x00000080a18f9da8 mode 2
Event: 89.787 Thread 0x0000018992d14800 Uncommon trap: trap_request=0xffffffc6 fr.pc=0x0000018988560e48 relative=0x00000000000003e8
Event: 89.787 Thread 0x0000018992d14800 Uncommon trap: reason=bimorphic_or_optimized_type_check action=maybe_recompile pc=0x0000018988560e48 method=com.android.tools.r8.internal.Ij.hasNext()Z @ 9 c2
Event: 89.787 Thread 0x000001899389f800 Uncommon trap: trap_request=0xffffffc6 fr.pc=0x0000018988560e48 relative=0x00000000000003e8
Event: 89.787 Thread 0x0000018993bfa000 Uncommon trap: reason=bimorphic_or_optimized_type_check action=maybe_recompile pc=0x0000018988560e48 method=com.android.tools.r8.internal.Ij.hasNext()Z @ 9 c2
Event: 89.788 Thread 0x000001899389f800 Uncommon trap: reason=bimorphic_or_optimized_type_check action=maybe_recompile pc=0x0000018988560e48 method=com.android.tools.r8.internal.Ij.hasNext()Z @ 9 c2
Event: 89.788 Thread 0x000001899389f800 DEOPT PACKING pc=0x0000018988560e48 sp=0x00000080a18f9e40
Event: 89.788 Thread 0x000001899389f800 DEOPT UNPACKING pc=0x000001898002662f sp=0x00000080a18f9e00 mode 2
Event: 89.787 Thread 0x0000018992d14800 DEOPT PACKING pc=0x0000018988560e48 sp=0x00000080a2af9db0
Event: 89.788 Thread 0x0000018992d14800 DEOPT UNPACKING pc=0x000001898002662f sp=0x00000080a2af9d70 mode 2
Event: 89.788 Thread 0x0000018993bfa000 DEOPT PACKING pc=0x0000018988560e48 sp=0x00000080a45f6f30
Event: 89.788 Thread 0x0000018993bfa000 DEOPT UNPACKING pc=0x000001898002662f sp=0x00000080a45f6ee8 mode 2

Classes redefined (0 events):
No events

Internal exceptions (20 events):
Event: 78.123 Thread 0x0000018992d12000 Exception <a 'sun/nio/fs/WindowsException'{0x000000008ccb0270}> (0x000000008ccb0270) thrown at [./src/hotspot/share/prims/jni.cpp, line 615]
Event: 78.144 Thread 0x0000018993bfb000 Exception <a 'sun/nio/fs/WindowsException'{0x000000008c204930}> (0x000000008c204930) thrown at [./src/hotspot/share/prims/jni.cpp, line 615]
Event: 78.199 Thread 0x00000189938a2000 Exception <a 'sun/nio/fs/WindowsException'{0x000000008c38f808}> (0x000000008c38f808) thrown at [./src/hotspot/share/prims/jni.cpp, line 615]
Event: 78.203 Thread 0x0000018992d0c800 Exception <a 'sun/nio/fs/WindowsException'{0x000000008c2d7ad0}> (0x000000008c2d7ad0) thrown at [./src/hotspot/share/prims/jni.cpp, line 615]
Event: 78.204 Thread 0x00000189938a4800 Exception <a 'sun/nio/fs/WindowsException'{0x000000008c2e1700}> (0x000000008c2e1700) thrown at [./src/hotspot/share/prims/jni.cpp, line 615]
Event: 78.227 Thread 0x0000018993bfb000 Exception <a 'sun/nio/fs/WindowsException'{0x000000008c2c5da0}> (0x000000008c2c5da0) thrown at [./src/hotspot/share/prims/jni.cpp, line 615]
Event: 78.295 Thread 0x0000018993bfd800 Exception <a 'sun/nio/fs/WindowsException'{0x000000008c055ae8}> (0x000000008c055ae8) thrown at [./src/hotspot/share/prims/jni.cpp, line 615]
Event: 78.336 Thread 0x00000189938a3800 Exception <a 'sun/nio/fs/WindowsException'{0x000000008c0c2960}> (0x000000008c0c2960) thrown at [./src/hotspot/share/prims/jni.cpp, line 615]
Event: 78.954 Thread 0x000001899389f800 Exception <a 'sun/nio/fs/WindowsException'{0x000000008a972368}> (0x000000008a972368) thrown at [./src/hotspot/share/prims/jni.cpp, line 615]
Event: 79.027 Thread 0x0000018993bfa000 Exception <a 'sun/nio/fs/WindowsException'{0x0000000089f99ce0}> (0x0000000089f99ce0) thrown at [./src/hotspot/share/prims/jni.cpp, line 615]
Event: 79.046 Thread 0x0000018992d14800 Exception <a 'sun/nio/fs/WindowsException'{0x00000000898e87c8}> (0x00000000898e87c8) thrown at [./src/hotspot/share/prims/jni.cpp, line 615]
Event: 79.193 Thread 0x0000018992d0a000 Exception <a 'sun/nio/fs/WindowsException'{0x0000000088a6ebd8}> (0x0000000088a6ebd8) thrown at [./src/hotspot/share/prims/jni.cpp, line 615]
Event: 79.396 Thread 0x000001899389f800 Exception <a 'java/lang/NoSuchMethodError'{0x000000008876a5a8}: 'java.lang.Object java.lang.invoke.DirectMethodHandle$Holder.invokeStatic(java.lang.Object, java.lang.Object, java.lang.Object, java.lang.Object, java.lang.Object, java.lang.Object, java.lang.Object, java.lang.Object, java.lang.Object, java.lang.Object, java.lang.Object, java.lang.Object, java.lang.Object, java.lang.Object, java.lang.Object, java.lang.Object, java.lang.Object, java.lang.Object, int, java.lang.Object)'> (0x000000008876a5a8) thr
Event: 79.397 Thread 0x000001899389f800 Exception <a 'java/lang/NoSuchMethodError'{0x0000000088770630}: 'java.lang.Object java.lang.invoke.DirectMethodHandle$Holder.invokeStaticInit(java.lang.Object, java.lang.Object, java.lang.Object, java.lang.Object, java.lang.Object, java.lang.Object, java.lang.Object, java.lang.Object, java.lang.Object, java.lang.Object, java.lang.Object, java.lang.Object, java.lang.Object, java.lang.Object, java.lang.Object, java.lang.Object, java.lang.Object, java.lang.Object, int, java.lang.Object)'> (0x0000000088770630)
Event: 79.810 Thread 0x0000018992d14800 Exception <a 'java/lang/IncompatibleClassChangeError'{0x00000000886857a0}: Found class java.lang.Object, but interface was expected> (0x00000000886857a0) thrown at [./src/hotspot/share/interpreter/linkResolver.cpp, line 839]
Event: 79.826 Thread 0x0000018993bfa000 Exception <a 'java/lang/IncompatibleClassChangeError'{0x0000000088794600}: Found class java.lang.Object, but interface was expected> (0x0000000088794600) thrown at [./src/hotspot/share/interpreter/linkResolver.cpp, line 839]
Event: 80.077 Thread 0x0000018992d14800 Exception <a 'java/lang/NoSuchMethodError'{0x00000000885acbb0}: 'void java.lang.invoke.DirectMethodHandle$Holder.invokeStatic(java.lang.Object, java.lang.Object, int, java.lang.Object, java.lang.Object, java.lang.Object, java.lang.Object)'> (0x00000000885acbb0) thrown at [./src/hotspot/share/interpreter/linkResolver.cpp, line 773]
Event: 81.656 Thread 0x000001899389f800 Exception <a 'java/lang/NoSuchMethodError'{0x000000008db9c0d0}: 'int java.lang.invoke.DirectMethodHandle$Holder.invokeVirtual(java.lang.Object, java.lang.Object, java.lang.Object, java.lang.Object)'> (0x000000008db9c0d0) thrown at [./src/hotspot/share/interpreter/linkResolver.cpp, line 773]
Event: 82.441 Thread 0x000001899389f800 Exception <a 'java/lang/IncompatibleClassChangeError'{0x000000008d857380}: Found class java.lang.Object, but interface was expected> (0x000000008d857380) thrown at [./src/hotspot/share/interpreter/linkResolver.cpp, line 839]
Event: 82.525 Thread 0x0000018993bfa000 Exception <a 'java/lang/NoSuchMethodError'{0x000000008cf114e8}: 'int java.lang.invoke.DirectMethodHandle$Holder.invokeVirtual(java.lang.Object, java.lang.Object, java.lang.Object)'> (0x000000008cf114e8) thrown at [./src/hotspot/share/interpreter/linkResolver.cpp, line 773]

Events (20 events):
Event: 90.255 loading class com/android/tools/r8/internal/Fh$f done
Event: 90.256 loading class com/android/tools/r8/internal/l4
Event: 90.256 loading class com/android/tools/r8/internal/l4 done
Event: 90.257 loading class com/android/tools/r8/graph/e
Event: 90.258 loading class com/android/tools/r8/graph/e done
Event: 90.258 loading class com/android/tools/r8/graph/d0
Event: 90.258 loading class com/android/tools/r8/graph/d0 done
Event: 90.258 loading class com/android/tools/r8/graph/i
Event: 90.258 loading class com/android/tools/r8/graph/i done
Event: 90.258 loading class com/android/tools/r8/internal/nf
Event: 90.258 loading class com/android/tools/r8/internal/nf done
Event: 90.259 loading class com/android/tools/r8/internal/Jh
Event: 90.259 loading class com/android/tools/r8/internal/Jh done
Event: 90.259 loading class com/android/tools/r8/internal/wh
Event: 90.259 loading class com/android/tools/r8/internal/wh done
Event: 90.260 loading class com/android/tools/r8/internal/mf
Event: 90.260 loading class com/android/tools/r8/internal/mf done
Event: 90.261 loading class com/android/tools/r8/internal/hf
Event: 90.261 loading class com/android/tools/r8/internal/hf done
Event: 90.262 Executing VM operation: Deoptimize


Dynamic libraries:
0x00007ff677dc0000 - 0x00007ff677dca000 	C:\Program Files\Android\Android Studio\jre\bin\java.exe
0x00007ffe042e0000 - 0x00007ffe044e9000 	C:\Windows\SYSTEM32\ntdll.dll
0x00007ffe030f0000 - 0x00007ffe031ad000 	C:\Windows\System32\KERNEL32.DLL
0x00007ffe01b80000 - 0x00007ffe01ef9000 	C:\Windows\System32\KERNELBASE.dll
0x00007ffe018f0000 - 0x00007ffe01a01000 	C:\Windows\System32\ucrtbase.dll
0x00007ffde30a0000 - 0x00007ffde30b7000 	C:\Program Files\Android\Android Studio\jre\bin\VCRUNTIME140.dll
0x00007ffde3080000 - 0x00007ffde3099000 	C:\Program Files\Android\Android Studio\jre\bin\jli.dll
0x00007ffe02af0000 - 0x00007ffe02c9c000 	C:\Windows\System32\USER32.dll
0x00007ffdeed90000 - 0x00007ffdef035000 	C:\Windows\WinSxS\amd64_microsoft.windows.common-controls_6595b64144ccf1df_6.0.22000.120_none_9d947278b86cc467\COMCTL32.dll
0x00007ffe01b50000 - 0x00007ffe01b76000 	C:\Windows\System32\win32u.dll
0x00007ffe02290000 - 0x00007ffe02333000 	C:\Windows\System32\msvcrt.dll
0x00007ffe04270000 - 0x00007ffe04299000 	C:\Windows\System32\GDI32.dll
0x00007ffe017d0000 - 0x00007ffe018e2000 	C:\Windows\System32\gdi32full.dll
0x00007ffe02070000 - 0x00007ffe0210d000 	C:\Windows\System32\msvcp_win.dll
0x00007ffe031b0000 - 0x00007ffe031e1000 	C:\Windows\System32\IMM32.DLL
0x00007ffde2fe0000 - 0x00007ffde307d000 	C:\Program Files\Android\Android Studio\jre\bin\msvcp140.dll
0x00007ffdb0ab0000 - 0x00007ffdb1585000 	C:\Program Files\Android\Android Studio\jre\bin\server\jvm.dll
0x00007ffe031f0000 - 0x00007ffe0329e000 	C:\Windows\System32\ADVAPI32.dll
0x00007ffe02350000 - 0x00007ffe023ee000 	C:\Windows\System32\sechost.dll
0x00007ffe03320000 - 0x00007ffe03440000 	C:\Windows\System32\RPCRT4.dll
0x00007ffe02d90000 - 0x00007ffe02d98000 	C:\Windows\System32\PSAPI.DLL
0x00007ffdfccb0000 - 0x00007ffdfccb9000 	C:\Windows\SYSTEM32\WSOCK32.dll
0x00007ffdfbaa0000 - 0x00007ffdfbad3000 	C:\Windows\SYSTEM32\WINMM.dll
0x00007ffe03530000 - 0x00007ffe0359f000 	C:\Windows\System32\WS2_32.dll
0x00007ffdfc890000 - 0x00007ffdfc89a000 	C:\Windows\SYSTEM32\VERSION.dll
0x00007ffe008d0000 - 0x00007ffe008e8000 	C:\Windows\SYSTEM32\kernel.appcore.dll
0x00007ffdfcc90000 - 0x00007ffdfcca1000 	C:\Program Files\Android\Android Studio\jre\bin\verify.dll
0x00007ffde5bc0000 - 0x00007ffde5de1000 	C:\Windows\SYSTEM32\DBGHELP.DLL
0x00007ffde4f20000 - 0x00007ffde4f51000 	C:\Windows\SYSTEM32\dbgcore.DLL
0x00007ffe01ad0000 - 0x00007ffe01b4f000 	C:\Windows\System32\bcryptPrimitives.dll
0x00007ffdde2d0000 - 0x00007ffdde2f9000 	C:\Program Files\Android\Android Studio\jre\bin\java.dll
0x00007ffdf5750000 - 0x00007ffdf575b000 	C:\Program Files\Android\Android Studio\jre\bin\jimage.dll
0x00007ffde2900000 - 0x00007ffde2918000 	C:\Program Files\Android\Android Studio\jre\bin\zip.dll
0x00007ffe03920000 - 0x00007ffe040cf000 	C:\Windows\System32\SHELL32.dll
0x00007ffdff940000 - 0x00007ffe001a8000 	C:\Windows\SYSTEM32\windows.storage.dll
0x00007ffe035a0000 - 0x00007ffe03918000 	C:\Windows\System32\combase.dll
0x00007ffdff7d0000 - 0x00007ffdff936000 	C:\Windows\SYSTEM32\wintypes.dll
0x00007ffe02ca0000 - 0x00007ffe02d8a000 	C:\Windows\System32\SHCORE.dll
0x00007ffe034d0000 - 0x00007ffe0352d000 	C:\Windows\System32\shlwapi.dll
0x00007ffe01700000 - 0x00007ffe01721000 	C:\Windows\SYSTEM32\profapi.dll
0x00007ffde2530000 - 0x00007ffde254a000 	C:\Program Files\Android\Android Studio\jre\bin\net.dll
0x00007ffdfbae0000 - 0x00007ffdfbbec000 	C:\Windows\SYSTEM32\WINHTTP.dll
0x00007ffe00d00000 - 0x00007ffe00d67000 	C:\Windows\system32\mswsock.dll
0x00007ffde2320000 - 0x00007ffde2334000 	C:\Program Files\Android\Android Studio\jre\bin\nio.dll
0x00007ffde2af0000 - 0x00007ffde2b17000 	C:\Users\Administrator\.gradle\native\e1d6ef7f7dcc3fd88c89a11ec53ec762bb8ba0a96d01ffa2cd45eb1d1d8dd5c5\windows-amd64\native-platform.dll
0x00007ffdc7a40000 - 0x00007ffdc7b84000 	C:\Users\Administrator\.gradle\native\5664cfc778a61ccfe75a443a1ab52a65af34e5dc3c78e0209fed803814484fcb\windows-amd64\native-platform-file-events.dll
0x00007ffded1b0000 - 0x00007ffded1ba000 	C:\Program Files\Android\Android Studio\jre\bin\management.dll
0x00007ffdecb30000 - 0x00007ffdecb3d000 	C:\Program Files\Android\Android Studio\jre\bin\management_ext.dll
0x00007ffe00f40000 - 0x00007ffe00f58000 	C:\Windows\SYSTEM32\CRYPTSP.dll
0x00007ffe00830000 - 0x00007ffe00865000 	C:\Windows\system32\rsaenh.dll
0x00007ffe00df0000 - 0x00007ffe00e19000 	C:\Windows\SYSTEM32\USERENV.dll
0x00007ffe010c0000 - 0x00007ffe010e7000 	C:\Windows\SYSTEM32\bcrypt.dll
0x00007ffe00f60000 - 0x00007ffe00f6c000 	C:\Windows\SYSTEM32\CRYPTBASE.dll
0x00007ffe00400000 - 0x00007ffe0042d000 	C:\Windows\SYSTEM32\IPHLPAPI.DLL
0x00007ffe02920000 - 0x00007ffe02929000 	C:\Windows\System32\NSI.dll
0x00007ffdfb6c0000 - 0x00007ffdfb6d9000 	C:\Windows\SYSTEM32\dhcpcsvc6.DLL
0x00007ffdfc8f0000 - 0x00007ffdfc90e000 	C:\Windows\SYSTEM32\dhcpcsvc.DLL
0x00007ffe00430000 - 0x00007ffe00518000 	C:\Windows\SYSTEM32\DNSAPI.dll

dbghelp: loaded successfully - version: 4.0.5 - missing functions: none
symbol engine: initialized successfully - sym options: 0x614 - pdb path: .;C:\Program Files\Android\Android Studio\jre\bin;C:\Windows\SYSTEM32;C:\Windows\WinSxS\amd64_microsoft.windows.common-controls_6595b64144ccf1df_6.0.22000.120_none_9d947278b86cc467;C:\Program Files\Android\Android Studio\jre\bin\server;C:\Users\Administrator\.gradle\native\e1d6ef7f7dcc3fd88c89a11ec53ec762bb8ba0a96d01ffa2cd45eb1d1d8dd5c5\windows-amd64;C:\Users\Administrator\.gradle\native\5664cfc778a61ccfe75a443a1ab52a65af34e5dc3c78e0209fed803814484fcb\windows-amd64

VM Arguments:
jvm_args: --add-opens=java.base/java.util=ALL-UNNAMED --add-opens=java.base/java.lang=ALL-UNNAMED --add-opens=java.base/java.lang.invoke=ALL-UNNAMED --add-opens=java.base/java.util=ALL-UNNAMED --add-opens=java.prefs/java.util.prefs=ALL-UNNAMED --add-opens=java.prefs/java.util.prefs=ALL-UNNAMED --add-opens=java.base/java.nio.charset=ALL-UNNAMED --add-opens=java.base/java.net=ALL-UNNAMED --add-opens=java.base/java.util.concurrent.atomic=ALL-UNNAMED -Xmx2048m -Dfile.encoding=UTF-8 -Duser.country=US -Duser.language=en -Duser.variant 
java_command: org.gradle.launcher.daemon.bootstrap.GradleDaemon 7.2
java_class_path (initial): C:\Users\Administrator\.gradle\wrapper\dists\gradle-7.2-bin\2dnblmf4td7x66yl1d74lt32g\gradle-7.2\lib\gradle-launcher-7.2.jar
Launcher Type: SUN_STANDARD

[Global flags]
     intx CICompilerCount                          = 3                                         {product} {ergonomic}
     uint ConcGCThreads                            = 1                                         {product} {ergonomic}
     uint G1ConcRefinementThreads                  = 4                                         {product} {ergonomic}
   size_t G1HeapRegionSize                         = 1048576                                   {product} {ergonomic}
    uintx GCDrainStackTargetSize                   = 64                                        {product} {ergonomic}
   size_t InitialHeapSize                          = 201326592                                 {product} {ergonomic}
   size_t MarkStackSize                            = 4194304                                   {product} {ergonomic}
   size_t MaxHeapSize                              = 2147483648                                {product} {command line}
   size_t MaxNewSize                               = 1287651328                                {product} {ergonomic}
   size_t MinHeapDeltaBytes                        = 1048576                                   {product} {ergonomic}
    uintx NonNMethodCodeHeapSize                   = 5830732                                {pd product} {ergonomic}
    uintx NonProfiledCodeHeapSize                  = 122913754                              {pd product} {ergonomic}
    uintx ProfiledCodeHeapSize                     = 122913754                              {pd product} {ergonomic}
    uintx ReservedCodeCacheSize                    = 251658240                              {pd product} {ergonomic}
     bool SegmentedCodeCache                       = true                                      {product} {ergonomic}
     bool UseCompressedClassPointers               = true                                 {lp64_product} {ergonomic}
     bool UseCompressedOops                        = true                                 {lp64_product} {ergonomic}
     bool UseG1GC                                  = true                                      {product} {ergonomic}
     bool UseLargePagesIndividualAllocation        = false                                  {pd product} {ergonomic}

Logging:
Log output configuration:
 #0: stdout all=warning uptime,level,tags
 #1: stderr all=off uptime,level,tags

Environment Variables:
JAVA_HOME=C:\Program Files\Java\jdk-16
PATH=C:\Program Files\Python37\Scripts\;C:\Program Files\Python37\;C:\Program Files\Common Files\Oracle\Java\javapath;C:\Python39\Scripts\;C:\Python39\;C:\Program Files\Microsoft MPI\Bin\;C:\Program Files (x86)\VMware\VMware Workstation\bin\;C:\Windows\system32;C:\Windows;C:\Windows\System32\Wbem;C:\Windows\System32\WindowsPowerShell\v1.0\;C:\Windows\System32\OpenSSH\;C:\Program Files\Java\jdk-16\bin;D:\WEB\apache-maven-3.6.0\bin;C:\Program Files (x86)\Microsoft SQL Server\150\Tools\Binn\;C:\Program Files\Microsoft SQL Server\150\Tools\Binn\;C:\Program Files (x86)\Microsoft SQL Server\150\DTS\Binn\;C:\Program Files\Microsoft SQL Server\150\DTS\Binn\;C:\Program Files\Microsoft SQL Server\Client SDK\ODBC\170\Tools\Binn\;C:\Program Files\dotnet\;C:\ProgramData\chocolatey\bin;C:\Program Files\Microsoft SQL Server\130\Tools\Binn\;C:\Program Files\nodejs\;C:\Program Files\Git\cmd;C:\Program Files\Git\bin;C:\Program Files\CMake\bin;C:\Program Files\PuTTY\;C:\Users\Administrator\AppData\Local\Microsoft\WindowsApps;C:\Program Files\heroku\bin;C:\Users\Administrator\AppData\Local\Programs\Microsoft VS Code\bin;C:\Users\Administrator\AppData\Local\GitHubDesktop\bin;C:\Program Files\Azure Data Studio\bin;C:\Users\Administrator\.dotnet\tools;C:\Users\Administrator\AppData\Roaming\npm;C:\Program Files\JetBrains\IntelliJ IDEA Community Edition 2021.3.3\bin;
USERNAME=Administrator
OS=Windows_NT
PROCESSOR_IDENTIFIER=Intel64 Family 6 Model 78 Stepping 3, GenuineIntel



---------------  S Y S T E M  ---------------

OS: Windows 10 , 64 bit Build 22000 (10.0.22000.675)
OS uptime: 2 days 0:43 hours

CPU:total 4 (initial active 4) (2 cores per cpu, 2 threads per core) family 6 model 78 stepping 3 microcode 0xd6, cmov, cx8, fxsr, mmx, sse, sse2, sse3, ssse3, sse4.1, sse4.2, popcnt, avx, avx2, aes, clmul, erms, 3dnowpref, lzcnt, ht, tsc, tscinvbit, bmi1, bmi2, adx, fma

Memory: 4k page, system-wide physical 12178M (564M free)
TotalPageFile size 14226M (AvailPageFile size 5M)
current process WorkingSet (physical memory assigned to process): 559M, peak: 562M
current process commit charge ("private bytes"): 614M, peak: 616M

vm_info: OpenJDK 64-Bit Server VM (11.0.11+9-b60-7590822) for windows-amd64 JRE (11.0.11+9-b60-7590822), built on Jul 29 2021 21:43:44 by "builder" with MS VC++ 14.0 (VS2015)

END.
